#
# There is insufficient memory for the Java Runtime Environment to continue.
# Native memory allocation (malloc) failed to allocate 631376 bytes for Chunk::new
# Possible reasons:
#   The system is out of physical RAM or swap space
#   The process is running with CompressedOops enabled, and the Java Heap may be blocking the growth of the native heap
# Possible solutions:
#   Reduce memory load on the system
#   Increase physical memory or swap space
#   Check if swap backing store is full
#   Decrease Java heap size (-Xmx/-Xms)
#   Decrease number of Java threads
#   Decrease Java thread stack sizes (-Xss)
#   Set larger code cache with -XX:ReservedCodeCacheSize=
#   JVM is running with Unscaled Compressed Oops mode in which the Java heap is
#     placed in the first 4GB address space. The Java Heap base address is the
#     maximum limit for the native heap growth. Please use -XX:HeapBaseMinAddress
#     to set the Java Heap base and to place the Java Heap above 4GB virtual address.
# This output file may be truncated or incomplete.
#
#  Out of Memory Error (arena.cpp:189), pid=7068, tid=11416
#
# JRE version: Java(TM) SE Runtime Environment (17.0.4.1+1) (build 17.0.4.1+1-LTS-2)
# Java VM: Java HotSpot(TM) 64-Bit Server VM (17.0.4.1+1-LTS-2, mixed mode, sharing, tiered, compressed oops, compressed class ptrs, g1 gc, windows-amd64)
# No core dump will be written. Minidumps are not enabled by default on client versions of Windows
#

---------------  S U M M A R Y ------------

Command Line: -Dfile.encoding=UTF-8 -XX:+ShowCodeDetailsInExceptionMessages com.example.Fullstack.FullstackApplication

Host: Intel(R) Core(TM) i3-6006U CPU @ 2.00GHz, 4 cores, 3G,  Windows 10 , 64 bit Build 19041 (10.0.19041.2364)
Time: Mon Dec 19 10:29:36 2022 India Standard Time elapsed time: 622.560594 seconds (0d 0h 10m 22s)

---------------  T H R E A D  ---------------

Current thread (0x000001beae969100):  JavaThread "C2 CompilerThread0" daemon [_thread_in_native, id=11416, stack(0x0000009560300000,0x0000009560400000)]


Current CompileTask:
C2: 622560 5330       4       java.util.HashSet::add (20 bytes)

Stack: [0x0000009560300000,0x0000009560400000]
Native frames: (J=compiled Java code, j=interpreted, Vv=VM code, C=native code)
V  [jvm.dll+0x6723ba]
V  [jvm.dll+0x7d1e34]
V  [jvm.dll+0x7d35de]
V  [jvm.dll+0x7d3c43]
V  [jvm.dll+0x243065]
V  [jvm.dll+0xaa57b]
V  [jvm.dll+0xaab0c]
V  [jvm.dll+0x360412]
V  [jvm.dll+0x32a971]
V  [jvm.dll+0x329e1a]
V  [jvm.dll+0x2161a1]
V  [jvm.dll+0x2155c1]
V  [jvm.dll+0x1a1fcd]
V  [jvm.dll+0x224e08]
V  [jvm.dll+0x222f75]
V  [jvm.dll+0x787a0b]
V  [jvm.dll+0x781fca]
V  [jvm.dll+0x671245]
C  [ucrtbase.dll+0x21bb2]
C  [KERNEL32.DLL+0x17614]
C  [ntdll.dll+0x526a1]


---------------  P R O C E S S  ---------------

Threads class SMR info:
_java_thread_list=0x000001bed0316c50, length=31, elements={
0x000001beae951010, 0x000001beae954770, 0x000001beae963500, 0x000001beae966de0,
0x000001beae967790, 0x000001beae968140, 0x000001beae969100, 0x000001bec9ad21f0,
0x000001bec9b49270, 0x000001beca571980, 0x000001beca582730, 0x000001becab097c0,
0x000001becbf4b700, 0x000001becc1e24f0, 0x000001becc1e29c0, 0x000001becd5e6500,
0x000001becd5e6030, 0x000001becd5e8b80, 0x000001becd5e99f0, 0x000001becd5e9520,
0x000001becd5e6ea0, 0x000001becd5e7840, 0x000001becd5e7d10, 0x000001becd5e81e0,
0x000001becd5e86b0, 0x000001becd5e9050, 0x000001bed005bf40, 0x000001bed0060770,
0x000001bed005b0d0, 0x000001bed005c410, 0x000001bed005e5c0
}

Java Threads: ( => current thread )
  0x000001beae951010 JavaThread "Reference Handler" daemon [_thread_blocked, id=6176, stack(0x000000955fd00000,0x000000955fe00000)]
  0x000001beae954770 JavaThread "Finalizer" daemon [_thread_blocked, id=1884, stack(0x000000955fe00000,0x000000955ff00000)]
  0x000001beae963500 JavaThread "Signal Dispatcher" daemon [_thread_blocked, id=7812, stack(0x000000955ff00000,0x0000009560000000)]
  0x000001beae966de0 JavaThread "Attach Listener" daemon [_thread_blocked, id=4500, stack(0x0000009560000000,0x0000009560100000)]
  0x000001beae967790 JavaThread "Service Thread" daemon [_thread_blocked, id=5148, stack(0x0000009560100000,0x0000009560200000)]
  0x000001beae968140 JavaThread "Monitor Deflation Thread" daemon [_thread_blocked, id=2516, stack(0x0000009560200000,0x0000009560300000)]
=>0x000001beae969100 JavaThread "C2 CompilerThread0" daemon [_thread_in_native, id=11416, stack(0x0000009560300000,0x0000009560400000)]
  0x000001bec9ad21f0 JavaThread "C1 CompilerThread0" daemon [_thread_blocked, id=4124, stack(0x0000009560400000,0x0000009560500000)]
  0x000001bec9b49270 JavaThread "Sweeper thread" daemon [_thread_blocked, id=10128, stack(0x0000009560500000,0x0000009560600000)]
  0x000001beca571980 JavaThread "Notification Thread" daemon [_thread_blocked, id=10380, stack(0x0000009560600000,0x0000009560700000)]
  0x000001beca582730 JavaThread "Common-Cleaner" daemon [_thread_blocked, id=908, stack(0x0000009560800000,0x0000009560900000)]
  0x000001becab097c0 JavaThread "Catalina-utility-1" [_thread_blocked, id=7816, stack(0x0000009560900000,0x0000009560a00000)]
  0x000001becbf4b700 JavaThread "Catalina-utility-2" [_thread_blocked, id=6392, stack(0x0000009561000000,0x0000009561100000)]
  0x000001becc1e24f0 JavaThread "container-0" [_thread_blocked, id=8308, stack(0x0000009561100000,0x0000009561200000)]
  0x000001becc1e29c0 JavaThread "mysql-cj-abandoned-connection-cleanup" daemon [_thread_blocked, id=8436, stack(0x0000009561200000,0x0000009561300000)]
  0x000001becd5e6500 JavaThread "HikariPool-1 housekeeper" daemon [_thread_blocked, id=960, stack(0x0000009561400000,0x0000009561500000)]
  0x000001becd5e6030 JavaThread "File Watcher" daemon [_thread_blocked, id=2424, stack(0x0000009561600000,0x0000009561700000)]
  0x000001becd5e8b80 JavaThread "Live Reload Server" daemon [_thread_in_native, id=8928, stack(0x0000009561800000,0x0000009561900000)]
  0x000001becd5e99f0 JavaThread "http-nio-8080-exec-1" daemon [_thread_blocked, id=10900, stack(0x0000009561700000,0x0000009561800000)]
  0x000001becd5e9520 JavaThread "http-nio-8080-exec-2" daemon [_thread_blocked, id=308, stack(0x0000009561900000,0x0000009561a00000)]
  0x000001becd5e6ea0 JavaThread "http-nio-8080-exec-3" daemon [_thread_blocked, id=11672, stack(0x0000009561a00000,0x0000009561b00000)]
  0x000001becd5e7840 JavaThread "http-nio-8080-exec-4" daemon [_thread_blocked, id=12140, stack(0x0000009561b00000,0x0000009561c00000)]
  0x000001becd5e7d10 JavaThread "http-nio-8080-exec-5" daemon [_thread_blocked, id=5136, stack(0x0000009561c00000,0x0000009561d00000)]
  0x000001becd5e81e0 JavaThread "http-nio-8080-exec-6" daemon [_thread_blocked, id=11656, stack(0x0000009561d00000,0x0000009561e00000)]
  0x000001becd5e86b0 JavaThread "http-nio-8080-exec-7" daemon [_thread_blocked, id=11040, stack(0x0000009561e00000,0x0000009561f00000)]
  0x000001becd5e9050 JavaThread "http-nio-8080-exec-8" daemon [_thread_blocked, id=4128, stack(0x0000009561f00000,0x0000009562000000)]
  0x000001bed005bf40 JavaThread "http-nio-8080-exec-9" daemon [_thread_blocked, id=8952, stack(0x0000009562000000,0x0000009562100000)]
  0x000001bed0060770 JavaThread "http-nio-8080-exec-10" daemon [_thread_blocked, id=6572, stack(0x0000009562100000,0x0000009562200000)]
  0x000001bed005b0d0 JavaThread "http-nio-8080-Poller" daemon [_thread_in_native, id=1896, stack(0x0000009562200000,0x0000009562300000)]
  0x000001bed005c410 JavaThread "http-nio-8080-Acceptor" daemon [_thread_in_native, id=628, stack(0x0000009562300000,0x0000009562400000)]
  0x000001bed005e5c0 JavaThread "DestroyJavaVM" [_thread_blocked, id=3196, stack(0x000000955f600000,0x000000955f700000)]

Other Threads:
  0x000001beae94c3c0 VMThread "VM Thread" [stack: 0x000000955fc00000,0x000000955fd00000] [id=10140]
  0x000001beca573e60 WatcherThread [stack: 0x0000009560700000,0x0000009560800000] [id=7912]
  0x000001beae8d2950 GCTaskThread "GC Thread#0" [stack: 0x000000955f700000,0x000000955f800000] [id=1684]
  0x000001becb2ee7c0 GCTaskThread "GC Thread#1" [stack: 0x0000009560a00000,0x0000009560b00000] [id=7080]
  0x000001becabfa1a0 GCTaskThread "GC Thread#2" [stack: 0x0000009560b00000,0x0000009560c00000] [id=9144]
  0x000001becb675a70 GCTaskThread "GC Thread#3" [stack: 0x0000009560c00000,0x0000009560d00000] [id=6460]
  0x000001beae8db610 ConcurrentGCThread "G1 Main Marker" [stack: 0x000000955f800000,0x000000955f900000] [id=3960]
  0x000001beae8dc900 ConcurrentGCThread "G1 Conc#0" [stack: 0x000000955f900000,0x000000955fa00000] [id=8840]
  0x000001beae928540 ConcurrentGCThread "G1 Refine#0" [stack: 0x000000955fa00000,0x000000955fb00000] [id=11724]
  0x000001becb327fa0 ConcurrentGCThread "G1 Refine#1" [stack: 0x0000009560d00000,0x0000009560e00000] [id=10580]
  0x000001beae929840 ConcurrentGCThread "G1 Service" [stack: 0x000000955fb00000,0x000000955fc00000] [id=6220]

Threads with active compile tasks:
C2 CompilerThread0   622723 5330       4       java.util.HashSet::add (20 bytes)

VM state: not at safepoint (normal execution)

VM Mutex/Monitor currently owned by a thread: None

Heap address: 0x00000000c1400000, size: 1004 MB, Compressed Oops mode: 32-bit

CDS archive(s) mapped at: [0x0000000800000000-0x0000000800bc0000-0x0000000800bc0000), size 12320768, SharedBaseAddress: 0x0000000800000000, ArchiveRelocationMode: 0.
Compressed class space mapped at: 0x0000000800c00000-0x0000000840c00000, reserved size: 1073741824
Narrow klass base: 0x0000000800000000, Narrow klass shift: 0, Narrow klass range: 0x100000000

GC Precious Log:
 CPUs: 4 total, 4 available
 Memory: 4012M
 Large Page Support: Disabled
 NUMA Support: Disabled
 Compressed Oops: Enabled (32-bit)
 Heap Region Size: 1M
 Heap Min Capacity: 8M
 Heap Initial Capacity: 64M
 Heap Max Capacity: 1004M
 Pre-touch: Disabled
 Parallel Workers: 4
 Concurrent Workers: 1
 Concurrent Refinement Workers: 4
 Periodic GC: Disabled

Heap:
 garbage-first heap   total 96256K, used 36073K [0x00000000c1400000, 0x0000000100000000)
  region size 1024K, 14 young (14336K), 2 survivors (2048K)
 Metaspace       used 55951K, committed 56256K, reserved 1097728K
  class space    used 7441K, committed 7616K, reserved 1048576K

Heap Regions: E=young(eden), S=young(survivor), O=old, HS=humongous(starts), HC=humongous(continues), CS=collection set, F=free, OA=open archive, CA=closed archive, TAMS=top-at-mark-start (previous, next)
|   0|0x00000000c1400000, 0x00000000c1500000, 0x00000000c1500000|100%|HS|  |TAMS 0x00000000c1500000, 0x00000000c1400000| Complete 
|   1|0x00000000c1500000, 0x00000000c1600000, 0x00000000c1600000|100%| O|  |TAMS 0x00000000c1600000, 0x00000000c1500000| Untracked 
|   2|0x00000000c1600000, 0x00000000c1700000, 0x00000000c1700000|100%| O|  |TAMS 0x00000000c1700000, 0x00000000c1600000| Untracked 
|   3|0x00000000c1700000, 0x00000000c1800000, 0x00000000c1800000|100%| O|  |TAMS 0x00000000c1800000, 0x00000000c1700000| Untracked 
|   4|0x00000000c1800000, 0x00000000c1900000, 0x00000000c1900000|100%| O|  |TAMS 0x00000000c1900000, 0x00000000c1800000| Untracked 
|   5|0x00000000c1900000, 0x00000000c1a00000, 0x00000000c1a00000|100%| O|  |TAMS 0x00000000c1a00000, 0x00000000c1900000| Untracked 
|   6|0x00000000c1a00000, 0x00000000c1b00000, 0x00000000c1b00000|100%| O|  |TAMS 0x00000000c1b00000, 0x00000000c1a00000| Untracked 
|   7|0x00000000c1b00000, 0x00000000c1c00000, 0x00000000c1c00000|100%| O|  |TAMS 0x00000000c1b00000, 0x00000000c1b00000| Untracked 
|   8|0x00000000c1c00000, 0x00000000c1d00000, 0x00000000c1d00000|100%| O|  |TAMS 0x00000000c1d00000, 0x00000000c1c00000| Untracked 
|   9|0x00000000c1d00000, 0x00000000c1e00000, 0x00000000c1e00000|100%| O|  |TAMS 0x00000000c1e00000, 0x00000000c1d00000| Untracked 
|  10|0x00000000c1e00000, 0x00000000c1f00000, 0x00000000c1f00000|100%| O|  |TAMS 0x00000000c1f00000, 0x00000000c1e00000| Untracked 
|  11|0x00000000c1f00000, 0x00000000c2000000, 0x00000000c2000000|100%| O|  |TAMS 0x00000000c2000000, 0x00000000c1f00000| Untracked 
|  12|0x00000000c2000000, 0x00000000c2100000, 0x00000000c2100000|100%| O|  |TAMS 0x00000000c2100000, 0x00000000c2000000| Untracked 
|  13|0x00000000c2100000, 0x00000000c2200000, 0x00000000c2200000|100%| O|  |TAMS 0x00000000c2200000, 0x00000000c2100000| Untracked 
|  14|0x00000000c2200000, 0x00000000c2300000, 0x00000000c2300000|100%| O|  |TAMS 0x00000000c2300000, 0x00000000c2200000| Untracked 
|  15|0x00000000c2300000, 0x00000000c2400000, 0x00000000c2400000|100%| O|  |TAMS 0x00000000c2400000, 0x00000000c2300000| Untracked 
|  16|0x00000000c2400000, 0x00000000c2500000, 0x00000000c2500000|100%| O|  |TAMS 0x00000000c2432e00, 0x00000000c2400000| Untracked 
|  17|0x00000000c2500000, 0x00000000c2600000, 0x00000000c2600000|100%| O|  |TAMS 0x00000000c2600000, 0x00000000c2500000| Untracked 
|  18|0x00000000c2600000, 0x00000000c2700000, 0x00000000c2700000|100%| O|  |TAMS 0x00000000c2700000, 0x00000000c2600000| Untracked 
|  19|0x00000000c2700000, 0x00000000c2800000, 0x00000000c2800000|100%| O|  |TAMS 0x00000000c2700000, 0x00000000c2700000| Untracked 
|  20|0x00000000c2800000, 0x00000000c2900000, 0x00000000c2900000|100%| O|  |TAMS 0x00000000c2800000, 0x00000000c2800000| Untracked 
|  21|0x00000000c2900000, 0x00000000c2a00000, 0x00000000c2a00000|100%| O|  |TAMS 0x00000000c2900000, 0x00000000c2900000| Untracked 
|  22|0x00000000c2a00000, 0x00000000c2ac3200, 0x00000000c2b00000| 76%| O|  |TAMS 0x00000000c2a00000, 0x00000000c2a00000| Untracked 
|  23|0x00000000c2b00000, 0x00000000c2b00000, 0x00000000c2c00000|  0%| F|  |TAMS 0x00000000c2b00000, 0x00000000c2b00000| Untracked 
|  24|0x00000000c2c00000, 0x00000000c2c00000, 0x00000000c2d00000|  0%| F|  |TAMS 0x00000000c2c00000, 0x00000000c2c00000| Untracked 
|  25|0x00000000c2d00000, 0x00000000c2d00000, 0x00000000c2e00000|  0%| F|  |TAMS 0x00000000c2d00000, 0x00000000c2d00000| Untracked 
|  26|0x00000000c2e00000, 0x00000000c2e00000, 0x00000000c2f00000|  0%| F|  |TAMS 0x00000000c2e00000, 0x00000000c2e00000| Untracked 
|  27|0x00000000c2f00000, 0x00000000c2f00000, 0x00000000c3000000|  0%| F|  |TAMS 0x00000000c2f00000, 0x00000000c2f00000| Untracked 
|  28|0x00000000c3000000, 0x00000000c3000000, 0x00000000c3100000|  0%| F|  |TAMS 0x00000000c3000000, 0x00000000c3000000| Untracked 
|  29|0x00000000c3100000, 0x00000000c3100000, 0x00000000c3200000|  0%| F|  |TAMS 0x00000000c3100000, 0x00000000c3100000| Untracked 
|  30|0x00000000c3200000, 0x00000000c32774c0, 0x00000000c3300000| 46%| S|CS|TAMS 0x00000000c3200000, 0x00000000c3200000| Complete 
|  31|0x00000000c3300000, 0x00000000c3300000, 0x00000000c3400000|  0%| F|  |TAMS 0x00000000c3300000, 0x00000000c3300000| Untracked 
|  32|0x00000000c3400000, 0x00000000c3500000, 0x00000000c3500000|100%| S|CS|TAMS 0x00000000c3400000, 0x00000000c3400000| Complete 
|  33|0x00000000c3500000, 0x00000000c3500000, 0x00000000c3600000|  0%| F|  |TAMS 0x00000000c3500000, 0x00000000c3500000| Untracked 
|  34|0x00000000c3600000, 0x00000000c3600000, 0x00000000c3700000|  0%| F|  |TAMS 0x00000000c3600000, 0x00000000c3600000| Untracked 
|  35|0x00000000c3700000, 0x00000000c3700000, 0x00000000c3800000|  0%| F|  |TAMS 0x00000000c3700000, 0x00000000c3700000| Untracked 
|  36|0x00000000c3800000, 0x00000000c3800000, 0x00000000c3900000|  0%| F|  |TAMS 0x00000000c3800000, 0x00000000c3800000| Untracked 
|  37|0x00000000c3900000, 0x00000000c3900000, 0x00000000c3a00000|  0%| F|  |TAMS 0x00000000c3900000, 0x00000000c3900000| Untracked 
|  38|0x00000000c3a00000, 0x00000000c3a00000, 0x00000000c3b00000|  0%| F|  |TAMS 0x00000000c3a00000, 0x00000000c3a00000| Untracked 
|  39|0x00000000c3b00000, 0x00000000c3b00000, 0x00000000c3c00000|  0%| F|  |TAMS 0x00000000c3b00000, 0x00000000c3b00000| Untracked 
|  40|0x00000000c3c00000, 0x00000000c3c00000, 0x00000000c3d00000|  0%| F|  |TAMS 0x00000000c3c00000, 0x00000000c3c00000| Untracked 
|  41|0x00000000c3d00000, 0x00000000c3d00000, 0x00000000c3e00000|  0%| F|  |TAMS 0x00000000c3d00000, 0x00000000c3d00000| Untracked 
|  42|0x00000000c3e00000, 0x00000000c3e00000, 0x00000000c3f00000|  0%| F|  |TAMS 0x00000000c3e00000, 0x00000000c3e00000| Untracked 
|  43|0x00000000c3f00000, 0x00000000c3f00000, 0x00000000c4000000|  0%| F|  |TAMS 0x00000000c3f00000, 0x00000000c3f00000| Untracked 
|  44|0x00000000c4000000, 0x00000000c4000000, 0x00000000c4100000|  0%| F|  |TAMS 0x00000000c4000000, 0x00000000c4000000| Untracked 
|  45|0x00000000c4100000, 0x00000000c4100000, 0x00000000c4200000|  0%| F|  |TAMS 0x00000000c4100000, 0x00000000c4100000| Untracked 
|  46|0x00000000c4200000, 0x00000000c4200000, 0x00000000c4300000|  0%| F|  |TAMS 0x00000000c4200000, 0x00000000c4200000| Untracked 
|  47|0x00000000c4300000, 0x00000000c4300000, 0x00000000c4400000|  0%| F|  |TAMS 0x00000000c4300000, 0x00000000c4300000| Untracked 
|  48|0x00000000c4400000, 0x00000000c4400000, 0x00000000c4500000|  0%| F|  |TAMS 0x00000000c4400000, 0x00000000c4400000| Untracked 
|  49|0x00000000c4500000, 0x00000000c4500000, 0x00000000c4600000|  0%| F|  |TAMS 0x00000000c4500000, 0x00000000c4500000| Untracked 
|  50|0x00000000c4600000, 0x00000000c4600000, 0x00000000c4700000|  0%| F|  |TAMS 0x00000000c4600000, 0x00000000c4600000| Untracked 
|  51|0x00000000c4700000, 0x00000000c4700000, 0x00000000c4800000|  0%| F|  |TAMS 0x00000000c4700000, 0x00000000c4700000| Untracked 
|  52|0x00000000c4800000, 0x00000000c4800000, 0x00000000c4900000|  0%| F|  |TAMS 0x00000000c4800000, 0x00000000c4800000| Untracked 
|  53|0x00000000c4900000, 0x00000000c4900000, 0x00000000c4a00000|  0%| F|  |TAMS 0x00000000c4900000, 0x00000000c4900000| Untracked 
|  54|0x00000000c4a00000, 0x00000000c4a00000, 0x00000000c4b00000|  0%| F|  |TAMS 0x00000000c4a00000, 0x00000000c4a00000| Untracked 
|  55|0x00000000c4b00000, 0x00000000c4b00000, 0x00000000c4c00000|  0%| F|  |TAMS 0x00000000c4b00000, 0x00000000c4b00000| Untracked 
|  56|0x00000000c4c00000, 0x00000000c4c00000, 0x00000000c4d00000|  0%| F|  |TAMS 0x00000000c4c00000, 0x00000000c4c00000| Untracked 
|  57|0x00000000c4d00000, 0x00000000c4d00000, 0x00000000c4e00000|  0%| F|  |TAMS 0x00000000c4d00000, 0x00000000c4d00000| Untracked 
|  58|0x00000000c4e00000, 0x00000000c4e00000, 0x00000000c4f00000|  0%| F|  |TAMS 0x00000000c4e00000, 0x00000000c4e00000| Untracked 
|  59|0x00000000c4f00000, 0x00000000c4f00000, 0x00000000c5000000|  0%| F|  |TAMS 0x00000000c4f00000, 0x00000000c4f00000| Untracked 
|  60|0x00000000c5000000, 0x00000000c5000000, 0x00000000c5100000|  0%| F|  |TAMS 0x00000000c5000000, 0x00000000c5000000| Untracked 
|  61|0x00000000c5100000, 0x00000000c5100000, 0x00000000c5200000|  0%| F|  |TAMS 0x00000000c5100000, 0x00000000c5100000| Untracked 
|  62|0x00000000c5200000, 0x00000000c5200000, 0x00000000c5300000|  0%| F|  |TAMS 0x00000000c5200000, 0x00000000c5200000| Untracked 
|  63|0x00000000c5300000, 0x00000000c5300000, 0x00000000c5400000|  0%| F|  |TAMS 0x00000000c5300000, 0x00000000c5300000| Untracked 
|  64|0x00000000c5400000, 0x00000000c5400000, 0x00000000c5500000|  0%| F|  |TAMS 0x00000000c5400000, 0x00000000c5400000| Untracked 
|  65|0x00000000c5500000, 0x00000000c5500000, 0x00000000c5600000|  0%| F|  |TAMS 0x00000000c5500000, 0x00000000c5500000| Untracked 
|  66|0x00000000c5600000, 0x00000000c5600000, 0x00000000c5700000|  0%| F|  |TAMS 0x00000000c5600000, 0x00000000c5600000| Untracked 
|  67|0x00000000c5700000, 0x00000000c5700000, 0x00000000c5800000|  0%| F|  |TAMS 0x00000000c5700000, 0x00000000c5700000| Untracked 
|  68|0x00000000c5800000, 0x00000000c5800000, 0x00000000c5900000|  0%| F|  |TAMS 0x00000000c5800000, 0x00000000c5800000| Untracked 
|  69|0x00000000c5900000, 0x00000000c5900000, 0x00000000c5a00000|  0%| F|  |TAMS 0x00000000c5900000, 0x00000000c5900000| Untracked 
|  70|0x00000000c5a00000, 0x00000000c5a00000, 0x00000000c5b00000|  0%| F|  |TAMS 0x00000000c5a00000, 0x00000000c5a00000| Untracked 
|  71|0x00000000c5b00000, 0x00000000c5b00000, 0x00000000c5c00000|  0%| F|  |TAMS 0x00000000c5b00000, 0x00000000c5b00000| Untracked 
|  72|0x00000000c5c00000, 0x00000000c5c00000, 0x00000000c5d00000|  0%| F|  |TAMS 0x00000000c5c00000, 0x00000000c5c00000| Untracked 
|  73|0x00000000c5d00000, 0x00000000c5d00000, 0x00000000c5e00000|  0%| F|  |TAMS 0x00000000c5d00000, 0x00000000c5d00000| Untracked 
|  74|0x00000000c5e00000, 0x00000000c5e00000, 0x00000000c5f00000|  0%| F|  |TAMS 0x00000000c5e00000, 0x00000000c5e00000| Untracked 
|  75|0x00000000c5f00000, 0x00000000c5f00000, 0x00000000c6000000|  0%| F|  |TAMS 0x00000000c5f00000, 0x00000000c5f00000| Untracked 
|  76|0x00000000c6000000, 0x00000000c6000000, 0x00000000c6100000|  0%| F|  |TAMS 0x00000000c6000000, 0x00000000c6000000| Untracked 
|  77|0x00000000c6100000, 0x00000000c6100000, 0x00000000c6200000|  0%| F|  |TAMS 0x00000000c6100000, 0x00000000c6100000| Untracked 
|  78|0x00000000c6200000, 0x00000000c6200000, 0x00000000c6300000|  0%| F|  |TAMS 0x00000000c6200000, 0x00000000c6200000| Untracked 
|  79|0x00000000c6300000, 0x00000000c6300000, 0x00000000c6400000|  0%| F|  |TAMS 0x00000000c6300000, 0x00000000c6300000| Untracked 
|  80|0x00000000c6400000, 0x00000000c6400000, 0x00000000c6500000|  0%| F|  |TAMS 0x00000000c6400000, 0x00000000c6400000| Untracked 
|  81|0x00000000c6500000, 0x00000000c6500000, 0x00000000c6600000|  0%| F|  |TAMS 0x00000000c6500000, 0x00000000c6500000| Untracked 
|  82|0x00000000c6600000, 0x00000000c6700000, 0x00000000c6700000|100%| E|  |TAMS 0x00000000c6600000, 0x00000000c6600000| Complete 
|  83|0x00000000c6700000, 0x00000000c6800000, 0x00000000c6800000|100%| E|CS|TAMS 0x00000000c6700000, 0x00000000c6700000| Complete 
|  84|0x00000000c6800000, 0x00000000c6900000, 0x00000000c6900000|100%| E|CS|TAMS 0x00000000c6800000, 0x00000000c6800000| Complete 
|  85|0x00000000c6900000, 0x00000000c6a00000, 0x00000000c6a00000|100%| E|CS|TAMS 0x00000000c6900000, 0x00000000c6900000| Complete 
|  86|0x00000000c6a00000, 0x00000000c6b00000, 0x00000000c6b00000|100%| E|CS|TAMS 0x00000000c6a00000, 0x00000000c6a00000| Complete 
|  87|0x00000000c6b00000, 0x00000000c6c00000, 0x00000000c6c00000|100%| E|CS|TAMS 0x00000000c6b00000, 0x00000000c6b00000| Complete 
|  88|0x00000000c6c00000, 0x00000000c6d00000, 0x00000000c6d00000|100%| E|CS|TAMS 0x00000000c6c00000, 0x00000000c6c00000| Complete 
|  89|0x00000000c6d00000, 0x00000000c6e00000, 0x00000000c6e00000|100%| E|CS|TAMS 0x00000000c6d00000, 0x00000000c6d00000| Complete 
|  90|0x00000000c6e00000, 0x00000000c6f00000, 0x00000000c6f00000|100%| E|CS|TAMS 0x00000000c6e00000, 0x00000000c6e00000| Complete 
|  91|0x00000000c6f00000, 0x00000000c7000000, 0x00000000c7000000|100%| E|CS|TAMS 0x00000000c6f00000, 0x00000000c6f00000| Complete 
|  92|0x00000000c7000000, 0x00000000c7100000, 0x00000000c7100000|100%| E|CS|TAMS 0x00000000c7000000, 0x00000000c7000000| Complete 
|  93|0x00000000c7100000, 0x00000000c7200000, 0x00000000c7200000|100%| E|CS|TAMS 0x00000000c7100000, 0x00000000c7100000| Complete 

Card table byte_map: [0x000001bec5310000,0x000001bec5510000] _byte_map_base: 0x000001bec4d06000

Marking Bits (Prev, Next): (CMBitMap*) 0x000001beae8d2fa0, (CMBitMap*) 0x000001beae8d2f60
 Prev Bits: [0x000001bec66c0000, 0x000001bec7670000)
 Next Bits: [0x000001bec5710000, 0x000001bec66c0000)

Polling page: 0x000001beac760000

Metaspace:

Usage:
  Non-class:     47.37 MB used.
      Class:      7.27 MB used.
       Both:     54.64 MB used.

Virtual space:
  Non-class space:       48.00 MB reserved,      47.50 MB ( 99%) committed,  6 nodes.
      Class space:        1.00 GB reserved,       7.44 MB ( <1%) committed,  1 nodes.
             Both:        1.05 GB reserved,      54.94 MB (  5%) committed. 

Chunk freelists:
   Non-Class:  320.00 KB
       Class:  544.00 KB
        Both:  864.00 KB

MaxMetaspaceSize: unlimited
CompressedClassSpaceSize: 1.00 GB
Initial GC threshold: 21.00 MB
Current GC threshold: 74.69 MB
CDS: on
MetaspaceReclaimPolicy: balanced
 - commit_granule_bytes: 65536.
 - commit_granule_words: 8192.
 - virtual_space_node_default_size: 1048576.
 - enlarge_chunks_in_place: 1.
 - new_chunks_are_fully_committed: 0.
 - uncommit_free_chunks: 1.
 - use_allocation_guard: 0.
 - handle_deallocations: 1.


Internal statistics:

num_allocs_failed_limit: 9.
num_arena_births: 338.
num_arena_deaths: 0.
num_vsnodes_births: 7.
num_vsnodes_deaths: 0.
num_space_committed: 879.
num_space_uncommitted: 0.
num_chunks_returned_to_freelist: 9.
num_chunks_taken_from_freelist: 2234.
num_chunk_merges: 3.
num_chunk_splits: 1612.
num_chunks_enlarged: 1311.
num_purges: 0.
num_inconsistent_stats: 0.

CodeHeap 'non-profiled nmethods': size=120000Kb used=2601Kb max_used=2601Kb free=117398Kb
 bounds [0x000001bebdbe0000, 0x000001bebde70000, 0x000001bec5110000]
CodeHeap 'profiled nmethods': size=120000Kb used=10642Kb max_used=10642Kb free=109357Kb
 bounds [0x000001beb66b0000, 0x000001beb7120000, 0x000001bebdbe0000]
CodeHeap 'non-nmethods': size=5760Kb used=1315Kb max_used=1388Kb free=4444Kb
 bounds [0x000001beb6110000, 0x000001beb6380000, 0x000001beb66b0000]
 total_blobs=5854 nmethods=5217 adapters=548
 compilation: enabled
              stopped_count=0, restarted_count=0
 full_count=0

Compilation events (20 events):
Event: 528.092 Thread 0x000001beae969100 nmethod 5320 0x000001bebde63590 code [0x000001bebde637a0, 0x000001bebde667e8]
Event: 529.915 Thread 0x000001beae969100 5321       4       java.io.File::exists (34 bytes)
Event: 529.935 Thread 0x000001beae969100 nmethod 5321 0x000001bebde67390 code [0x000001bebde67520, 0x000001bebde67868]
Event: 534.026 Thread 0x000001beae969100 5322       4       java.util.HashMap::<init> (98 bytes)
Event: 534.040 Thread 0x000001beae969100 nmethod 5322 0x000001bebde67b10 code [0x000001bebde67c80, 0x000001bebde67df8]
Event: 539.156 Thread 0x000001beae969100 5323       4       java.io.File::length (33 bytes)
Event: 539.181 Thread 0x000001beae969100 nmethod 5323 0x000001bebde67f10 code [0x000001bebde680a0, 0x000001bebde683c8]
Event: 553.281 Thread 0x000001bec9ad21f0 5324       1       jdk.internal.loader.URLClassPath$FileLoader$1::getURL (5 bytes)
Event: 553.282 Thread 0x000001bec9ad21f0 nmethod 5324 0x000001bebde68610 code [0x000001bebde687a0, 0x000001bebde68878]
Event: 567.885 Thread 0x000001bec9ad21f0 5325   !   3       org.apache.catalina.core.ContainerBase::findChildren (34 bytes)
Event: 567.888 Thread 0x000001bec9ad21f0 nmethod 5325 0x000001beb7113010 code [0x000001beb71131e0, 0x000001beb7113718]
Event: 604.578 Thread 0x000001beae969100 5326       4       java.util.concurrent.locks.AbstractQueuedSynchronizer$Node::setPrevRelaxed (12 bytes)
Event: 604.581 Thread 0x000001beae969100 nmethod 5326 0x000001bebde68910 code [0x000001bebde68a80, 0x000001bebde68bd8]
Event: 604.581 Thread 0x000001beae969100 5327       4       java.util.concurrent.locks.AbstractQueuedSynchronizer::casTail (13 bytes)
Event: 604.582 Thread 0x000001beae969100 nmethod 5327 0x000001bebde68c90 code [0x000001bebde68e00, 0x000001bebde68f78]
Event: 606.398 Thread 0x000001beae969100 5328       4       java.util.AbstractCollection::containsAll (38 bytes)
Event: 606.480 Thread 0x000001beae969100 nmethod 5328 0x000001bebde69010 code [0x000001bebde69220, 0x000001bebde69eb8]
Event: 608.364 Thread 0x000001bec9ad21f0 5329       3       java.util.concurrent.ConcurrentHashMap::get (162 bytes)
Event: 608.370 Thread 0x000001bec9ad21f0 nmethod 5329 0x000001beb7113910 code [0x000001beb7113b60, 0x000001beb7114648]
Event: 622.318 Thread 0x000001beae969100 5330       4       java.util.HashSet::add (20 bytes)

GC Heap History (20 events):
Event: 8.249 GC heap before
{Heap before GC invocations=7 (full 0):
 garbage-first heap   total 48128K, used 33567K [0x00000000c1400000, 0x0000000100000000)
  region size 1024K, 24 young (24576K), 5 survivors (5120K)
 Metaspace       used 30859K, committed 31168K, reserved 1081344K
  class space    used 3992K, committed 4160K, reserved 1048576K
}
Event: 8.260 GC heap after
{Heap after GC invocations=8 (full 0):
 garbage-first heap   total 48128K, used 16652K [0x00000000c1400000, 0x0000000100000000)
  region size 1024K, 2 young (2048K), 2 survivors (2048K)
 Metaspace       used 30859K, committed 31168K, reserved 1081344K
  class space    used 3992K, committed 4160K, reserved 1048576K
}
Event: 9.550 GC heap before
{Heap before GC invocations=8 (full 0):
 garbage-first heap   total 48128K, used 28940K [0x00000000c1400000, 0x0000000100000000)
  region size 1024K, 16 young (16384K), 2 survivors (2048K)
 Metaspace       used 35782K, committed 36096K, reserved 1081344K
  class space    used 4687K, committed 4864K, reserved 1048576K
}
Event: 9.556 GC heap after
{Heap after GC invocations=9 (full 0):
 garbage-first heap   total 48128K, used 17584K [0x00000000c1400000, 0x0000000100000000)
  region size 1024K, 3 young (3072K), 3 survivors (3072K)
 Metaspace       used 35782K, committed 36096K, reserved 1081344K
  class space    used 4687K, committed 4864K, reserved 1048576K
}
Event: 12.199 GC heap before
{Heap before GC invocations=10 (full 0):
 garbage-first heap   total 48128K, used 36016K [0x00000000c1400000, 0x0000000100000000)
  region size 1024K, 21 young (21504K), 3 survivors (3072K)
 Metaspace       used 41709K, committed 42048K, reserved 1089536K
  class space    used 5460K, committed 5632K, reserved 1048576K
}
Event: 12.205 GC heap after
{Heap after GC invocations=11 (full 0):
 garbage-first heap   total 48128K, used 18825K [0x00000000c1400000, 0x0000000100000000)
  region size 1024K, 3 young (3072K), 3 survivors (3072K)
 Metaspace       used 41709K, committed 42048K, reserved 1089536K
  class space    used 5460K, committed 5632K, reserved 1048576K
}
Event: 12.222 GC heap before
{Heap before GC invocations=11 (full 0):
 garbage-first heap   total 48128K, used 18825K [0x00000000c1400000, 0x0000000100000000)
  region size 1024K, 4 young (4096K), 3 survivors (3072K)
 Metaspace       used 41800K, committed 42112K, reserved 1089536K
  class space    used 5468K, committed 5632K, reserved 1048576K
}
Event: 12.228 GC heap after
{Heap after GC invocations=12 (full 0):
 garbage-first heap   total 48128K, used 19128K [0x00000000c1400000, 0x0000000100000000)
  region size 1024K, 1 young (1024K), 1 survivors (1024K)
 Metaspace       used 41800K, committed 42112K, reserved 1089536K
  class space    used 5468K, committed 5632K, reserved 1048576K
}
Event: 12.841 GC heap before
{Heap before GC invocations=12 (full 0):
 garbage-first heap   total 48128K, used 35512K [0x00000000c1400000, 0x0000000100000000)
  region size 1024K, 17 young (17408K), 1 survivors (1024K)
 Metaspace       used 45313K, committed 45568K, reserved 1089536K
  class space    used 5991K, committed 6144K, reserved 1048576K
}
Event: 12.845 GC heap after
{Heap after GC invocations=13 (full 0):
 garbage-first heap   total 48128K, used 19649K [0x00000000c1400000, 0x0000000100000000)
  region size 1024K, 1 young (1024K), 1 survivors (1024K)
 Metaspace       used 45313K, committed 45568K, reserved 1089536K
  class space    used 5991K, committed 6144K, reserved 1048576K
}
Event: 14.274 GC heap before
{Heap before GC invocations=14 (full 0):
 garbage-first heap   total 48128K, used 36033K [0x00000000c1400000, 0x0000000100000000)
  region size 1024K, 18 young (18432K), 1 survivors (1024K)
 Metaspace       used 49103K, committed 49472K, reserved 1097728K
  class space    used 6547K, committed 6720K, reserved 1048576K
}
Event: 14.279 GC heap after
{Heap after GC invocations=15 (full 0):
 garbage-first heap   total 48128K, used 20904K [0x00000000c1400000, 0x0000000100000000)
  region size 1024K, 3 young (3072K), 3 survivors (3072K)
 Metaspace       used 49103K, committed 49472K, reserved 1097728K
  class space    used 6547K, committed 6720K, reserved 1048576K
}
Event: 14.327 GC heap before
{Heap before GC invocations=15 (full 0):
 garbage-first heap   total 48128K, used 21928K [0x00000000c1400000, 0x0000000100000000)
  region size 1024K, 4 young (4096K), 3 survivors (3072K)
 Metaspace       used 49479K, committed 49792K, reserved 1097728K
  class space    used 6577K, committed 6720K, reserved 1048576K
}
Event: 14.334 GC heap after
{Heap after GC invocations=16 (full 0):
 garbage-first heap   total 48128K, used 20925K [0x00000000c1400000, 0x0000000100000000)
  region size 1024K, 1 young (1024K), 1 survivors (1024K)
 Metaspace       used 49479K, committed 49792K, reserved 1097728K
  class space    used 6577K, committed 6720K, reserved 1048576K
}
Event: 14.764 GC heap before
{Heap before GC invocations=16 (full 0):
 garbage-first heap   total 48128K, used 36285K [0x00000000c1400000, 0x0000000100000000)
  region size 1024K, 16 young (16384K), 1 survivors (1024K)
 Metaspace       used 51182K, committed 51520K, reserved 1097728K
  class space    used 6860K, committed 7040K, reserved 1048576K
}
Event: 14.768 GC heap after
{Heap after GC invocations=17 (full 0):
 garbage-first heap   total 48128K, used 21947K [0x00000000c1400000, 0x0000000100000000)
  region size 1024K, 2 young (2048K), 2 survivors (2048K)
 Metaspace       used 51182K, committed 51520K, reserved 1097728K
  class space    used 6860K, committed 7040K, reserved 1048576K
}
Event: 15.231 GC heap before
{Heap before GC invocations=17 (full 0):
 garbage-first heap   total 48128K, used 37307K [0x00000000c1400000, 0x0000000100000000)
  region size 1024K, 17 young (17408K), 2 survivors (2048K)
 Metaspace       used 53064K, committed 53376K, reserved 1097728K
  class space    used 7111K, committed 7296K, reserved 1048576K
}
Event: 15.237 GC heap after
{Heap after GC invocations=18 (full 0):
 garbage-first heap   total 48128K, used 23589K [0x00000000c1400000, 0x0000000100000000)
  region size 1024K, 3 young (3072K), 3 survivors (3072K)
 Metaspace       used 53064K, committed 53376K, reserved 1097728K
  class space    used 7111K, committed 7296K, reserved 1048576K
}
Event: 99.723 GC heap before
{Heap before GC invocations=18 (full 0):
 garbage-first heap   total 48128K, used 37925K [0x00000000c1400000, 0x0000000100000000)
  region size 1024K, 17 young (17408K), 3 survivors (3072K)
 Metaspace       used 55657K, committed 55936K, reserved 1097728K
  class space    used 7415K, committed 7552K, reserved 1048576K
}
Event: 99.736 GC heap after
{Heap after GC invocations=19 (full 0):
 garbage-first heap   total 96256K, used 24809K [0x00000000c1400000, 0x0000000100000000)
  region size 1024K, 2 young (2048K), 2 survivors (2048K)
 Metaspace       used 55657K, committed 55936K, reserved 1097728K
  class space    used 7415K, committed 7552K, reserved 1048576K
}

Deoptimization events (20 events):
Event: 99.769 Thread 0x000001becd5e99f0 Uncommon trap: trap_request=0xffffff45 fr.pc=0x000001bebde30884 relative=0x0000000000000244
Event: 99.769 Thread 0x000001becd5e99f0 Uncommon trap: reason=unstable_if action=reinterpret pc=0x000001bebde30884 method=java.util.HashMap.getNode(Ljava/lang/Object;)Ljava/util/HashMap$Node; @ 66 c2
Event: 99.769 Thread 0x000001becd5e99f0 DEOPT PACKING pc=0x000001bebde30884 sp=0x00000095617fc8f0
Event: 99.769 Thread 0x000001becd5e99f0 DEOPT UNPACKING pc=0x000001beb61623a3 sp=0x00000095617fc810 mode 2
Event: 307.553 Thread 0x000001becbf4b700 Uncommon trap: trap_request=0xffffffbe fr.pc=0x000001bebde4ef90 relative=0x0000000000002870
Event: 307.553 Thread 0x000001becbf4b700 Uncommon trap: reason=profile_predicate action=maybe_recompile pc=0x000001bebde4ef90 method=java.util.TreeMap.put(Ljava/lang/Object;Ljava/lang/Object;Z)Ljava/lang/Object; @ 27 c2
Event: 307.553 Thread 0x000001becbf4b700 DEOPT PACKING pc=0x000001bebde4ef90 sp=0x00000095610fe9d0
Event: 307.553 Thread 0x000001becbf4b700 DEOPT UNPACKING pc=0x000001beb61623a3 sp=0x00000095610fe990 mode 2
Event: 307.553 Thread 0x000001becbf4b700 Uncommon trap: trap_request=0xffffffbe fr.pc=0x000001bebde4ef90 relative=0x0000000000002870
Event: 307.553 Thread 0x000001becbf4b700 Uncommon trap: reason=profile_predicate action=maybe_recompile pc=0x000001bebde4ef90 method=java.util.TreeMap.put(Ljava/lang/Object;Ljava/lang/Object;Z)Ljava/lang/Object; @ 27 c2
Event: 307.553 Thread 0x000001becbf4b700 DEOPT PACKING pc=0x000001bebde4ef90 sp=0x00000095610fe9d0
Event: 307.553 Thread 0x000001becbf4b700 DEOPT UNPACKING pc=0x000001beb61623a3 sp=0x00000095610fe990 mode 2
Event: 307.553 Thread 0x000001becbf4b700 Uncommon trap: trap_request=0xffffffbe fr.pc=0x000001bebde4ef90 relative=0x0000000000002870
Event: 307.554 Thread 0x000001becbf4b700 Uncommon trap: reason=profile_predicate action=maybe_recompile pc=0x000001bebde4ef90 method=java.util.TreeMap.put(Ljava/lang/Object;Ljava/lang/Object;Z)Ljava/lang/Object; @ 27 c2
Event: 307.554 Thread 0x000001becbf4b700 DEOPT PACKING pc=0x000001bebde4ef90 sp=0x00000095610fe9d0
Event: 307.554 Thread 0x000001becbf4b700 DEOPT UNPACKING pc=0x000001beb61623a3 sp=0x00000095610fe990 mode 2
Event: 307.554 Thread 0x000001becbf4b700 Uncommon trap: trap_request=0xffffffbe fr.pc=0x000001bebde4ef90 relative=0x0000000000002870
Event: 307.554 Thread 0x000001becbf4b700 Uncommon trap: reason=profile_predicate action=maybe_recompile pc=0x000001bebde4ef90 method=java.util.TreeMap.put(Ljava/lang/Object;Ljava/lang/Object;Z)Ljava/lang/Object; @ 27 c2
Event: 307.554 Thread 0x000001becbf4b700 DEOPT PACKING pc=0x000001bebde4ef90 sp=0x00000095610fe9d0
Event: 307.554 Thread 0x000001becbf4b700 DEOPT UNPACKING pc=0x000001beb61623a3 sp=0x00000095610fe990 mode 2

Classes unloaded (0 events):
No events

Classes redefined (0 events):
No events

Internal exceptions (20 events):
Event: 14.477 Thread 0x000001becaa9dae0 Exception <a 'java/lang/IncompatibleClassChangeError'{0x00000000c3d51430}: Found class java.lang.Object, but interface was expected> (0x00000000c3d51430) 
thrown [s\open\src\hotspot\share\interpreter\linkResolver.cpp, line 826]
Event: 14.625 Thread 0x000001becaa9dae0 Exception <a 'java/lang/ClassNotFoundException'{0x00000000c37f3958}: java/lang/ObjectCustomizer> (0x00000000c37f3958) 
thrown [s\open\src\hotspot\share\classfile\systemDictionary.cpp, line 256]
Event: 14.626 Thread 0x000001becaa9dae0 Exception <a 'java/lang/ClassNotFoundException'{0x00000000c37fb570}: org/springframework/web/servlet/config/annotation/WebMvcConfigurationSupportCustomizer> (0x00000000c37fb570) 
thrown [s\open\src\hotspot\share\classfile\systemDictionary.cpp, line 256]
Event: 14.628 Thread 0x000001becaa9dae0 Exception <a 'java/lang/ClassNotFoundException'{0x00000000c360faa8}: org/springframework/web/servlet/config/annotation/DelegatingWebMvcConfigurationCustomizer> (0x00000000c360faa8) 
thrown [s\open\src\hotspot\share\classfile\systemDictionary.cpp, line 256]
Event: 14.629 Thread 0x000001becaa9dae0 Exception <a 'java/lang/ClassNotFoundException'{0x00000000c3618ce0}: org/springframework/boot/autoconfigure/web/servlet/WebMvcAutoConfiguration$EnableWebMvcConfigurationCustomizer> (0x00000000c3618ce0) 
thrown [s\open\src\hotspot\share\classfile\systemDictionary.cpp, line 256]
Event: 14.630 Thread 0x000001becaa9dae0 Exception <a 'java/lang/ClassNotFoundException'{0x00000000c362acb0}: org/springframework/context/ResourceLoaderAwareCustomizer> (0x00000000c362acb0) 
thrown [s\open\src\hotspot\share\classfile\systemDictionary.cpp, line 256]
Event: 14.631 Thread 0x000001becaa9dae0 Exception <a 'java/lang/ClassNotFoundException'{0x00000000c362fa70}: org/springframework/beans/factory/AwareCustomizer> (0x00000000c362fa70) 
thrown [s\open\src\hotspot\share\classfile\systemDictionary.cpp, line 256]
Event: 14.631 Thread 0x000001becaa9dae0 Exception <a 'java/lang/ClassNotFoundException'{0x00000000c3633c60}: org/springframework/context/ApplicationContextAwareCustomizer> (0x00000000c3633c60) 
thrown [s\open\src\hotspot\share\classfile\systemDictionary.cpp, line 256]
Event: 14.631 Thread 0x000001becaa9dae0 Exception <a 'java/lang/ClassNotFoundException'{0x00000000c3639510}: org/springframework/beans/factory/AwareCustomizer> (0x00000000c3639510) 
thrown [s\open\src\hotspot\share\classfile\systemDictionary.cpp, line 256]
Event: 14.632 Thread 0x000001becaa9dae0 Exception <a 'java/lang/ClassNotFoundException'{0x00000000c363d6d8}: org/springframework/web/context/ServletContextAwareCustomizer> (0x00000000c363d6d8) 
thrown [s\open\src\hotspot\share\classfile\systemDictionary.cpp, line 256]
Event: 14.632 Thread 0x000001becaa9dae0 Exception <a 'java/lang/ClassNotFoundException'{0x00000000c36428d0}: org/springframework/beans/factory/AwareCustomizer> (0x00000000c36428d0) 
thrown [s\open\src\hotspot\share\classfile\systemDictionary.cpp, line 256]
Event: 14.830 Thread 0x000001becaa9dae0 Exception <a 'java/lang/NoSuchMethodError'{0x00000000c40ebf60}: 'void java.lang.invoke.DirectMethodHandle$Holder.invokeVirtual(java.lang.Object, java.lang.Object, int)'> (0x00000000c40ebf60) 
thrown [s\open\src\hotspot\share\interpreter\linkResolver.cpp, line 759]
Event: 14.833 Thread 0x000001becaa9dae0 Exception <a 'java/lang/NoSuchMethodError'{0x00000000c3f06da0}: 'void java.lang.invoke.DirectMethodHandle$Holder.invokeVirtual(java.lang.Object, java.lang.Object, long)'> (0x00000000c3f06da0) 
thrown [s\open\src\hotspot\share\interpreter\linkResolver.cpp, line 759]
Event: 15.012 Thread 0x000001becaa9dae0 Exception <a 'java/lang/IncompatibleClassChangeError'{0x00000000c3adca20}: Found class java.lang.Object, but interface was expected> (0x00000000c3adca20) 
thrown [s\open\src\hotspot\share\interpreter\linkResolver.cpp, line 826]
Event: 15.188 Thread 0x000001becaa9dae0 Implicit null exception at 0x000001bebdcdb840 to 0x000001bebdcdba58
Event: 15.469 Thread 0x000001becaa9dae0 Exception <a 'java/lang/NoSuchMethodError'{0x00000000c402f798}: 'java.lang.Object java.lang.invoke.DirectMethodHandle$Holder.invokeSpecial(java.lang.Object, java.lang.Object, int, java.lang.Object, int, java.lang.Object)'> (0x00000000c402f798) 
thrown [s\open\src\hotspot\share\interpreter\linkResolver.cpp, line 759]
Event: 15.471 Thread 0x000001becaa9dae0 Exception <a 'java/lang/NoSuchMethodError'{0x00000000c4037840}: 'java.lang.Object java.lang.invoke.DirectMethodHandle$Holder.newInvokeSpecial(java.lang.Object, java.lang.Object, int, java.lang.Object, int)'> (0x00000000c4037840) 
thrown [s\open\src\hotspot\share\interpreter\linkResolver.cpp, line 759]
Event: 15.472 Thread 0x000001becaa9dae0 Exception <a 'java/lang/NoSuchMethodError'{0x00000000c403b940}: 'java.lang.Object java.lang.invoke.DirectMethodHandle$Holder.invokeSpecial(java.lang.Object, java.lang.Object, java.lang.Object, int, java.lang.Object, int)'> (0x00000000c403b940) 
thrown [s\open\src\hotspot\share\interpreter\linkResolver.cpp, line 759]
Event: 15.474 Thread 0x000001becaa9dae0 Exception <a 'java/lang/NoSuchMethodError'{0x00000000c4046010}: 'void java.lang.invoke.DirectMethodHandle$Holder.invokeVirtual(java.lang.Object, java.lang.Object)'> (0x00000000c4046010) 
thrown [s\open\src\hotspot\share\interpreter\linkResolver.cpp, line 759]
Event: 99.304 Thread 0x000001becd5e9520 Exception <a 'java/lang/NoSuchMethodError'{0x00000000c382d290}: 'java.lang.Object java.lang.invoke.DirectMethodHandle$Holder.invokeStatic(java.lang.Object, int, int)'> (0x00000000c382d290) 
thrown [s\open\src\hotspot\share\interpreter\linkResolver.cpp, line 759]

VM Operations (20 events):
Event: 213.600 Executing VM operation: Cleanup
Event: 213.600 Executing VM operation: Cleanup done
Event: 217.625 Executing VM operation: Cleanup
Event: 217.626 Executing VM operation: Cleanup done
Event: 267.989 Executing VM operation: Cleanup
Event: 267.990 Executing VM operation: Cleanup done
Event: 294.235 Executing VM operation: Cleanup
Event: 294.235 Executing VM operation: Cleanup done
Event: 298.259 Executing VM operation: Cleanup
Event: 298.259 Executing VM operation: Cleanup done
Event: 308.342 Executing VM operation: Cleanup
Event: 308.342 Executing VM operation: Cleanup done
Event: 320.433 Executing VM operation: Cleanup
Event: 320.433 Executing VM operation: Cleanup done
Event: 377.893 Executing VM operation: Cleanup
Event: 377.893 Executing VM operation: Cleanup done
Event: 559.231 Executing VM operation: Cleanup
Event: 559.231 Executing VM operation: Cleanup done
Event: 613.571 Executing VM operation: Cleanup
Event: 613.571 Executing VM operation: Cleanup done

Events (20 events):
Event: 99.439 loading class java/nio/StringCharBuffer
Event: 99.440 loading class java/nio/StringCharBuffer done
Event: 99.441 loading class sun/nio/cs/ISO_8859_1$Encoder
Event: 99.442 loading class sun/nio/cs/ISO_8859_1$Encoder done
Event: 99.442 loading class sun/nio/cs/Surrogate$Parser
Event: 99.442 loading class sun/nio/cs/Surrogate$Parser done
Event: 99.442 loading class sun/nio/cs/Surrogate
Event: 99.442 loading class sun/nio/cs/Surrogate done
Event: 99.604 loading class java/time/format/DateTimeFormatterBuilder$ZoneTextPrinterParser
Event: 99.605 loading class java/time/format/DateTimeFormatterBuilder$ZoneTextPrinterParser done
Event: 99.605 loading class java/time/format/DateTimeFormatterBuilder$ReducedPrinterParser
Event: 99.605 loading class java/time/format/DateTimeFormatterBuilder$ReducedPrinterParser done
Event: 99.621 loading class java/util/OptionalLong
Event: 99.621 loading class java/util/OptionalLong done
Event: 99.621 loading class java/util/OptionalDouble
Event: 99.622 loading class java/util/OptionalDouble done
Event: 99.646 loading class sun/nio/cs/US_ASCII$Decoder
Event: 99.647 loading class sun/nio/cs/US_ASCII$Decoder done
Event: 99.700 loading class java/util/concurrent/atomic/AtomicReferenceArray
Event: 99.700 loading class java/util/concurrent/atomic/AtomicReferenceArray done


Dynamic libraries:
0x00007ff602790000 - 0x00007ff6027a0000 	C:\Program Files\Java\jdk-17.0.4.1\bin\javaw.exe
0x00007ffc20650000 - 0x00007ffc20848000 	C:\Windows\SYSTEM32\ntdll.dll
0x00007ffc1e6c0000 - 0x00007ffc1e77f000 	C:\Windows\System32\KERNEL32.DLL
0x00007ffc1ded0000 - 0x00007ffc1e1a2000 	C:\Windows\System32\KERNELBASE.dll
0x00007ffc1e510000 - 0x00007ffc1e610000 	C:\Windows\System32\ucrtbase.dll
0x00007ffc1b160000 - 0x00007ffc1b17a000 	C:\Program Files\Java\jdk-17.0.4.1\bin\VCRUNTIME140.dll
0x00007ffc179a0000 - 0x00007ffc179b8000 	C:\Program Files\Java\jdk-17.0.4.1\bin\jli.dll
0x00007ffc20350000 - 0x00007ffc203fe000 	C:\Windows\System32\ADVAPI32.dll
0x00007ffc200f0000 - 0x00007ffc2018e000 	C:\Windows\System32\msvcrt.dll
0x00007ffc1fb60000 - 0x00007ffc1fbfc000 	C:\Windows\System32\sechost.dll
0x00007ffc1ffc0000 - 0x00007ffc200e5000 	C:\Windows\System32\RPCRT4.dll
0x00007ffc1fc10000 - 0x00007ffc1fdb1000 	C:\Windows\System32\USER32.dll
0x00007ffc1dea0000 - 0x00007ffc1dec2000 	C:\Windows\System32\win32u.dll
0x00007ffc044d0000 - 0x00007ffc0476a000 	C:\Windows\WinSxS\amd64_microsoft.windows.common-controls_6595b64144ccf1df_6.0.19041.1110_none_60b5254171f9507e\COMCTL32.dll
0x00007ffc1e690000 - 0x00007ffc1e6bb000 	C:\Windows\System32\GDI32.dll
0x00007ffc1e370000 - 0x00007ffc1e47f000 	C:\Windows\System32\gdi32full.dll
0x00007ffc1e220000 - 0x00007ffc1e2bd000 	C:\Windows\System32\msvcp_win.dll
0x00007ffc16800000 - 0x00007ffc1680a000 	C:\Windows\SYSTEM32\VERSION.dll
0x00007ffc1f7f0000 - 0x00007ffc1f822000 	C:\Windows\System32\IMM32.DLL
0x00007ffc1b150000 - 0x00007ffc1b15c000 	C:\Program Files\Java\jdk-17.0.4.1\bin\vcruntime140_1.dll
0x00007ffbfbf70000 - 0x00007ffbfbffd000 	C:\Program Files\Java\jdk-17.0.4.1\bin\msvcp140.dll
0x00007ffbc82e0000 - 0x00007ffbc8ea2000 	C:\Program Files\Java\jdk-17.0.4.1\bin\server\jvm.dll
0x00007ffc20340000 - 0x00007ffc20348000 	C:\Windows\System32\PSAPI.DLL
0x00007ffc19490000 - 0x00007ffc19499000 	C:\Windows\SYSTEM32\WSOCK32.dll
0x00007ffbff0d0000 - 0x00007ffbff0f7000 	C:\Windows\SYSTEM32\WINMM.dll
0x00007ffc1f9c0000 - 0x00007ffc1fa2b000 	C:\Windows\System32\WS2_32.dll
0x00007ffc1c590000 - 0x00007ffc1c5a2000 	C:\Windows\SYSTEM32\kernel.appcore.dll
0x00007ffc17990000 - 0x00007ffc1799a000 	C:\Program Files\Java\jdk-17.0.4.1\bin\jimage.dll
0x00007ffc1bb00000 - 0x00007ffc1bce4000 	C:\Windows\SYSTEM32\DBGHELP.DLL
0x00007ffc08860000 - 0x00007ffc08895000 	C:\Windows\SYSTEM32\dbgcore.DLL
0x00007ffc1e480000 - 0x00007ffc1e502000 	C:\Windows\System32\bcryptPrimitives.dll
0x00007ffc17960000 - 0x00007ffc17985000 	C:\Program Files\Java\jdk-17.0.4.1\bin\java.dll
0x00007ffbfbe90000 - 0x00007ffbfbf66000 	C:\Program Files\Java\jdk-17.0.4.1\bin\jsvml.dll
0x00007ffc1eb40000 - 0x00007ffc1f284000 	C:\Windows\System32\SHELL32.dll
0x00007ffc1bde0000 - 0x00007ffc1c572000 	C:\Windows\SYSTEM32\windows.storage.dll
0x00007ffc1e7e0000 - 0x00007ffc1eb35000 	C:\Windows\System32\combase.dll
0x00007ffc1d6c0000 - 0x00007ffc1d6f0000 	C:\Windows\SYSTEM32\Wldp.dll
0x00007ffc1fe90000 - 0x00007ffc1ff3d000 	C:\Windows\System32\SHCORE.dll
0x00007ffc1f850000 - 0x00007ffc1f8a5000 	C:\Windows\System32\shlwapi.dll
0x00007ffc1dc80000 - 0x00007ffc1dc9f000 	C:\Windows\SYSTEM32\profapi.dll
0x00007ffc17940000 - 0x00007ffc17959000 	C:\Program Files\Java\jdk-17.0.4.1\bin\net.dll
0x00007ffc12af0000 - 0x00007ffc12bfc000 	C:\Windows\SYSTEM32\WINHTTP.dll
0x00007ffc1d420000 - 0x00007ffc1d48a000 	C:\Windows\system32\mswsock.dll
0x00007ffc17920000 - 0x00007ffc17936000 	C:\Program Files\Java\jdk-17.0.4.1\bin\nio.dll
0x00007ffc0e4c0000 - 0x00007ffc0e4d8000 	C:\Program Files\Java\jdk-17.0.4.1\bin\zip.dll
0x00007ffc0e490000 - 0x00007ffc0e4a0000 	C:\Program Files\Java\jdk-17.0.4.1\bin\verify.dll
0x00007ffc0a960000 - 0x00007ffc0a969000 	C:\Program Files\Java\jdk-17.0.4.1\bin\management.dll
0x00007ffc0a8e0000 - 0x00007ffc0a8eb000 	C:\Program Files\Java\jdk-17.0.4.1\bin\management_ext.dll
0x00007ffbfe870000 - 0x00007ffbfe887000 	C:\Windows\system32\napinsp.dll
0x00007ffbfe850000 - 0x00007ffbfe86b000 	C:\Windows\system32\pnrpnsp.dll
0x00007ffc18860000 - 0x00007ffc18875000 	C:\Windows\system32\wshbth.dll
0x00007ffc19390000 - 0x00007ffc193ad000 	C:\Windows\system32\NLAapi.dll
0x00007ffc1d110000 - 0x00007ffc1d14b000 	C:\Windows\SYSTEM32\IPHLPAPI.DLL
0x00007ffc1d150000 - 0x00007ffc1d21a000 	C:\Windows\SYSTEM32\DNSAPI.dll
0x00007ffc1f7e0000 - 0x00007ffc1f7e8000 	C:\Windows\System32\NSI.dll
0x00007ffbfe830000 - 0x00007ffbfe842000 	C:\Windows\System32\winrnr.dll
0x00007ffc0b970000 - 0x00007ffc0b97a000 	C:\Windows\System32\rasadhlp.dll
0x00007ffc0bab0000 - 0x00007ffc0bb30000 	C:\Windows\System32\fwpuclnt.dll
0x00007ffc1e660000 - 0x00007ffc1e687000 	C:\Windows\System32\bcrypt.dll
0x00007ffc1d620000 - 0x00007ffc1d638000 	C:\Windows\SYSTEM32\CRYPTSP.dll
0x00007ffc1cd40000 - 0x00007ffc1cd74000 	C:\Windows\system32\rsaenh.dll
0x00007ffc1dc40000 - 0x00007ffc1dc6e000 	C:\Windows\SYSTEM32\USERENV.dll
0x00007ffc1d610000 - 0x00007ffc1d61c000 	C:\Windows\SYSTEM32\CRYPTBASE.dll
0x00007ffc13810000 - 0x00007ffc13827000 	C:\Windows\SYSTEM32\dhcpcsvc6.DLL
0x00007ffc14180000 - 0x00007ffc1419d000 	C:\Windows\SYSTEM32\dhcpcsvc.DLL
0x00007ffc0bdf0000 - 0x00007ffc0bdfe000 	C:\Program Files\Java\jdk-17.0.4.1\bin\sunmscapi.dll
0x00007ffc1dd40000 - 0x00007ffc1de96000 	C:\Windows\System32\CRYPT32.dll
0x00007ffc1d730000 - 0x00007ffc1d757000 	C:\Windows\SYSTEM32\ncrypt.dll
0x00007ffc1d6f0000 - 0x00007ffc1d72b000 	C:\Windows\SYSTEM32\NTASN1.dll
0x00007ffc027f0000 - 0x00007ffc027f7000 	C:\Windows\system32\wshunix.dll

dbghelp: loaded successfully - version: 4.0.5 - missing functions: none
symbol engine: initialized successfully - sym options: 0x614 - pdb path: .;C:\Program Files\Java\jdk-17.0.4.1\bin;C:\Windows\SYSTEM32;C:\Windows\WinSxS\amd64_microsoft.windows.common-controls_6595b64144ccf1df_6.0.19041.1110_none_60b5254171f9507e;C:\Program Files\Java\jdk-17.0.4.1\bin\server

VM Arguments:
jvm_args: -Dfile.encoding=UTF-8 -XX:+ShowCodeDetailsInExceptionMessages 
java_command: com.example.Fullstack.FullstackApplication
java_class_path (initial): E:\eclipse-workspace\Fullstack\target\classes;C:\Users\HP\.m2\repository\org\springframework\boot\spring-boot-starter-data-jpa\2.7.6\spring-boot-starter-data-jpa-2.7.6.jar;C:\Users\HP\.m2\repository\org\springframework\boot\spring-boot-starter-aop\2.7.6\spring-boot-starter-aop-2.7.6.jar;C:\Users\HP\.m2\repository\org\springframework\spring-aop\5.3.24\spring-aop-5.3.24.jar;C:\Users\HP\.m2\repository\org\aspectj\aspectjweaver\1.9.7\aspectjweaver-1.9.7.jar;C:\Users\HP\.m2\repository\org\springframework\boot\spring-boot-starter-jdbc\2.7.6\spring-boot-starter-jdbc-2.7.6.jar;C:\Users\HP\.m2\repository\com\zaxxer\HikariCP\4.0.3\HikariCP-4.0.3.jar;C:\Users\HP\.m2\repository\org\springframework\spring-jdbc\5.3.24\spring-jdbc-5.3.24.jar;C:\Users\HP\.m2\repository\jakarta\transaction\jakarta.transaction-api\1.3.3\jakarta.transaction-api-1.3.3.jar;C:\Users\HP\.m2\repository\jakarta\persistence\jakarta.persistence-api\2.2.3\jakarta.persistence-api-2.2.3.jar;C:\Users\HP\.m2\repository\org\hibernate\hibernate-core\5.6.14.Final\hibernate-core-5.6.14.Final.jar;C:\Users\HP\.m2\repository\org\jboss\logging\jboss-logging\3.4.3.Final\jboss-logging-3.4.3.Final.jar;C:\Users\HP\.m2\repository\net\bytebuddy\byte-buddy\1.12.19\byte-buddy-1.12.19.jar;C:\Users\HP\.m2\repository\antlr\antlr\2.7.7\antlr-2.7.7.jar;C:\Users\HP\.m2\repository\org\jboss\jandex\2.4.2.Final\jandex-2.4.2.Final.jar;C:\Users\HP\.m2\repository\com\fasterxml\classmate\1.5.1\classmate-1.5.1.jar;C:\Users\HP\.m2\repository\org\hibernate\common\hibernate-commons-annotations\5.1.2.Final\hibernate-commons-annotations-5.1.2.Final.jar;C:\Users\HP\.m2\repository\org\glassfish\jaxb\jaxb-runtime\2.3.7\jaxb-runtime-2.3.7.jar;C:\Users\HP\.m2\repository\org\glassfish\jaxb\txw2\2.3.7\txw2-2.3.7.jar;C:\Users\HP\.m2\repository\com\sun\istack\istack-commons-runtime\3.0.12\istack-commons-runtime-3.0.12.jar;C:\Users\HP\.m2\repository\com\sun\activation\jakarta.activation\1.2.2\jakarta.activation-1.2.2.jar;C:\Users
Launcher Type: SUN_STANDARD

[Global flags]
     intx CICompilerCount                          = 3                                         {product} {ergonomic}
     uint ConcGCThreads                            = 1                                         {product} {ergonomic}
     uint G1ConcRefinementThreads                  = 4                                         {product} {ergonomic}
   size_t G1HeapRegionSize                         = 1048576                                   {product} {ergonomic}
    uintx GCDrainStackTargetSize                   = 64                                        {product} {ergonomic}
   size_t InitialHeapSize                          = 67108864                                  {product} {ergonomic}
   size_t MarkStackSize                            = 4194304                                   {product} {ergonomic}
   size_t MaxHeapSize                              = 1052770304                                {product} {ergonomic}
   size_t MaxNewSize                               = 631242752                                 {product} {ergonomic}
   size_t MinHeapDeltaBytes                        = 1048576                                   {product} {ergonomic}
   size_t MinHeapSize                              = 8388608                                   {product} {ergonomic}
    uintx NonNMethodCodeHeapSize                   = 5832780                                {pd product} {ergonomic}
    uintx NonProfiledCodeHeapSize                  = 122912730                              {pd product} {ergonomic}
    uintx ProfiledCodeHeapSize                     = 122912730                              {pd product} {ergonomic}
    uintx ReservedCodeCacheSize                    = 251658240                              {pd product} {ergonomic}
     bool SegmentedCodeCache                       = true                                      {product} {ergonomic}
     bool ShowCodeDetailsInExceptionMessages       = true                                   {manageable} {command line}
   size_t SoftMaxHeapSize                          = 1052770304                             {manageable} {ergonomic}
     bool UseCompressedClassPointers               = true                           {product lp64_product} {ergonomic}
     bool UseCompressedOops                        = true                           {product lp64_product} {ergonomic}
     bool UseG1GC                                  = true                                      {product} {ergonomic}
     bool UseLargePagesIndividualAllocation        = false                                  {pd product} {ergonomic}

Logging:
Log output configuration:
 #0: stdout all=warning uptime,level,tags
 #1: stderr all=off uptime,level,tags

Environment Variables:
PATH=C:\Program Files\Common Files\Oracle\Java\javapath;C:\Windows\system32;C:\Windows;C:\Windows\System32\Wbem;C:\Windows\System32\WindowsPowerShell\v1.0\;C:\Windows\System32\OpenSSH\;C:\Program Files\nodejs\;C:\Program Files\MySQL\MySQL Server 8.0\bin;C:\Program Files\MySQL\MySQL Shell 8.0\bin\;C:\Users\HP\AppData\Local\Microsoft\WindowsApps;;C:\Users\HP\AppData\Local\Programs\Microsoft VS Code\bin;C:\Users\HP\AppData\Roaming\npm
USERNAME=HP
OS=Windows_NT
PROCESSOR_IDENTIFIER=Intel64 Family 6 Model 78 Stepping 3, GenuineIntel



---------------  S Y S T E M  ---------------

OS:
 Windows 10 , 64 bit Build 19041 (10.0.19041.2364)
OS uptime: 1 days 23:35 hours

CPU: total 4 (initial active 4) (2 cores per cpu, 2 threads per core) family 6 model 78 stepping 3 microcode 0xcc, cx8, cmov, fxsr, ht, mmx, 3dnowpref, sse, sse2, sse3, ssse3, sse4.1, sse4.2, popcnt, lzcnt, tsc, tscinvbit, avx, avx2, aes, erms, clmul, bmi1, bmi2, adx, fma, vzeroupper, clflush, clflushopt

Memory: 4k page, system-wide physical 4012M (586M free)
TotalPageFile size 6060M (AvailPageFile size 18M)
current process WorkingSet (physical memory assigned to process): 44M, peak: 203M
current process commit charge ("private bytes"): 265M, peak: 281M

vm_info: Java HotSpot(TM) 64-Bit Server VM (17.0.4.1+1-LTS-2) for windows-amd64 JRE (17.0.4.1+1-LTS-2), built on Aug 16 2022 18:32:06 by "mach5one" with MS VC++ 16.8 / 16.9 (VS2019)

END.
