#
# There is insufficient memory for the Java Runtime Environment to continue.
# Native memory allocation (mmap) failed to map 65536 bytes for Failed to commit metaspace.
# Possible reasons:
#   The system is out of physical RAM or swap space
#   The process is running with CompressedOops enabled, and the Java Heap may be blocking the growth of the native heap
# Possible solutions:
#   Reduce memory load on the system
#   Increase physical memory or swap space
#   Check if swap backing store is full
#   Decrease Java heap size (-Xmx/-Xms)
#   Decrease number of Java threads
#   Decrease Java thread stack sizes (-Xss)
#   Set larger code cache with -XX:ReservedCodeCacheSize=
#   JVM is running with Unscaled Compressed Oops mode in which the Java heap is
#     placed in the first 4GB address space. The Java Heap base address is the
#     maximum limit for the native heap growth. Please use -XX:HeapBaseMinAddress
#     to set the Java Heap base and to place the Java Heap above 4GB virtual address.
# This output file may be truncated or incomplete.
#
#  Out of Memory Error (virtualSpaceNode.cpp:110), pid=8676, tid=4336
#
# JRE version: Java(TM) SE Runtime Environment (17.0.4.1+1) (build 17.0.4.1+1-LTS-2)
# Java VM: Java HotSpot(TM) 64-Bit Server VM (17.0.4.1+1-LTS-2, mixed mode, sharing, tiered, compressed oops, compressed class ptrs, g1 gc, windows-amd64)
# No core dump will be written. Minidumps are not enabled by default on client versions of Windows
#

---------------  S U M M A R Y ------------

Command Line: -Dfile.encoding=UTF-8 -XX:+ShowCodeDetailsInExceptionMessages com.example.Fullstack.FullstackApplication

Host: Intel(R) Core(TM) i3-6006U CPU @ 2.00GHz, 4 cores, 3G,  Windows 10 , 64 bit Build 19041 (10.0.19041.2364)
Time: Fri Dec 16 23:44:44 2022 India Standard Time elapsed time: 4.174287 seconds (0d 0h 0m 4s)

---------------  T H R E A D  ---------------

Current thread (0x0000019926fcc180):  JavaThread "restartedMain" [_thread_in_vm, id=4336, stack(0x0000001c44d00000,0x0000001c44e00000)]

Stack: [0x0000001c44d00000,0x0000001c44e00000]
Native frames: (J=compiled Java code, j=interpreted, Vv=VM code, C=native code)
V  [jvm.dll+0x6723ba]
V  [jvm.dll+0x7d1e34]
V  [jvm.dll+0x7d35de]
V  [jvm.dll+0x7d3c43]
V  [jvm.dll+0x243065]
V  [jvm.dll+0x7cdddb]
V  [jvm.dll+0x618166]
V  [jvm.dll+0x1be94e]
V  [jvm.dll+0x61aaa1]
V  [jvm.dll+0x618b06]
V  [jvm.dll+0x23775f]
V  [jvm.dll+0x622825]
V  [jvm.dll+0x1e846b]
V  [jvm.dll+0x1e89a5]
V  [jvm.dll+0x1e93df]
V  [jvm.dll+0x1de891]
V  [jvm.dll+0x538bb0]
V  [jvm.dll+0x74c978]
V  [jvm.dll+0x74ca64]
V  [jvm.dll+0x409485]
V  [jvm.dll+0x40f4d8]
C  [java.dll+0x17ec]

Java frames: (J=compiled Java code, j=interpreted, Vv=VM code)
J 690  java.lang.ClassLoader.defineClass1(Ljava/lang/ClassLoader;Ljava/lang/String;[BIILjava/security/ProtectionDomain;Ljava/lang/String;)Ljava/lang/Class; java.base@17.0.4.1 (0 bytes) @ 0x0000019919f276e3 [0x0000019919f27620+0x00000000000000c3]
J 1103 c1 java.lang.ClassLoader.defineClass(Ljava/lang/String;[BIILjava/security/ProtectionDomain;)Ljava/lang/Class; java.base@17.0.4.1 (43 bytes) @ 0x0000019912bd2dd4 [0x0000019912bd2a80+0x0000000000000354]
J 980 c1 java.security.SecureClassLoader.defineClass(Ljava/lang/String;[BIILjava/security/CodeSource;)Ljava/lang/Class; java.base@17.0.4.1 (16 bytes) @ 0x0000019912b9e88c [0x0000019912b9e7c0+0x00000000000000cc]
J 887 c1 jdk.internal.loader.BuiltinClassLoader.defineClass(Ljava/lang/String;Ljdk/internal/loader/Resource;)Ljava/lang/Class; java.base@17.0.4.1 (121 bytes) @ 0x0000019912b73664 [0x0000019912b72700+0x0000000000000f64]
J 663 c1 jdk.internal.loader.BuiltinClassLoader.findClassOnClassPathOrNull(Ljava/lang/String;)Ljava/lang/Class; java.base@17.0.4.1 (64 bytes) @ 0x0000019912af4fdc [0x0000019912af3f60+0x000000000000107c]
J 387 c1 jdk.internal.loader.BuiltinClassLoader.loadClassOrNull(Ljava/lang/String;Z)Ljava/lang/Class; java.base@17.0.4.1 (143 bytes) @ 0x0000019912a5d84c [0x0000019912a5c940+0x0000000000000f0c]
J 580 c1 jdk.internal.loader.ClassLoaders$AppClassLoader.loadClass(Ljava/lang/String;Z)Ljava/lang/Class; java.base@17.0.4.1 (40 bytes) @ 0x0000019912ac5f84 [0x0000019912ac5960+0x0000000000000624]
J 569 c1 java.lang.ClassLoader.loadClass(Ljava/lang/String;)Ljava/lang/Class; java.base@17.0.4.1 (7 bytes) @ 0x0000019912ac2c4c [0x0000019912ac2b40+0x000000000000010c]
v  ~StubRoutines::call_stub
j  org.springframework.context.expression.StandardBeanExpressionResolver.<init>(Ljava/lang/ClassLoader;)V+60
j  org.springframework.context.support.AbstractApplicationContext.prepareBeanFactory(Lorg/springframework/beans/factory/config/ConfigurableListableBeanFactory;)V+27
j  org.springframework.context.support.AbstractApplicationContext.refresh()V+30
j  org.springframework.boot.web.servlet.context.ServletWebServerApplicationContext.refresh()V+1
j  org.springframework.boot.SpringApplication.refresh(Lorg/springframework/context/ConfigurableApplicationContext;)V+1
j  org.springframework.boot.SpringApplication.refreshContext(Lorg/springframework/context/ConfigurableApplicationContext;)V+16
j  org.springframework.boot.SpringApplication.run([Ljava/lang/String;)Lorg/springframework/context/ConfigurableApplicationContext;+107
j  org.springframework.boot.SpringApplication.run([Ljava/lang/Class;[Ljava/lang/String;)Lorg/springframework/context/ConfigurableApplicationContext;+9
j  org.springframework.boot.SpringApplication.run(Ljava/lang/Class;[Ljava/lang/String;)Lorg/springframework/context/ConfigurableApplicationContext;+9
j  com.example.Fullstack.FullstackApplication.main([Ljava/lang/String;)V+3
v  ~StubRoutines::call_stub
j  jdk.internal.reflect.NativeMethodAccessorImpl.invoke0(Ljava/lang/reflect/Method;Ljava/lang/Object;[Ljava/lang/Object;)Ljava/lang/Object;+0 java.base@17.0.4.1
j  jdk.internal.reflect.NativeMethodAccessorImpl.invoke(Ljava/lang/Object;[Ljava/lang/Object;)Ljava/lang/Object;+133 java.base@17.0.4.1
j  jdk.internal.reflect.DelegatingMethodAccessorImpl.invoke(Ljava/lang/Object;[Ljava/lang/Object;)Ljava/lang/Object;+6 java.base@17.0.4.1
j  java.lang.reflect.Method.invoke(Ljava/lang/Object;[Ljava/lang/Object;)Ljava/lang/Object;+59 java.base@17.0.4.1
j  org.springframework.boot.devtools.restart.RestartLauncher.run()V+42
v  ~StubRoutines::call_stub

---------------  P R O C E S S  ---------------

Threads class SMR info:
_java_thread_list=0x00000199275b5370, length=15, elements={
0x0000019908bba370, 0x000001990ac632e0, 0x000001990ac66f90, 0x000001990ac777d0,
0x000001990ac790a0, 0x000001990ac79a50, 0x000001990ac7a400, 0x000001990ac7b0e0,
0x0000019925e316e0, 0x0000019925e4bbd0, 0x000001992684e620, 0x00000199268606d0,
0x0000019927236350, 0x0000019926fcc180, 0x00000199275b2090
}

Java Threads: ( => current thread )
  0x0000019908bba370 JavaThread "main" [_thread_blocked, id=1524, stack(0x0000001c43500000,0x0000001c43600000)]
  0x000001990ac632e0 JavaThread "Reference Handler" daemon [_thread_blocked, id=1732, stack(0x0000001c43c00000,0x0000001c43d00000)]
  0x000001990ac66f90 JavaThread "Finalizer" daemon [_thread_blocked, id=6920, stack(0x0000001c43d00000,0x0000001c43e00000)]
  0x000001990ac777d0 JavaThread "Signal Dispatcher" daemon [_thread_blocked, id=10036, stack(0x0000001c43e00000,0x0000001c43f00000)]
  0x000001990ac790a0 JavaThread "Attach Listener" daemon [_thread_blocked, id=4672, stack(0x0000001c43f00000,0x0000001c44000000)]
  0x000001990ac79a50 JavaThread "Service Thread" daemon [_thread_blocked, id=2080, stack(0x0000001c44000000,0x0000001c44100000)]
  0x000001990ac7a400 JavaThread "Monitor Deflation Thread" daemon [_thread_blocked, id=5104, stack(0x0000001c44100000,0x0000001c44200000)]
  0x000001990ac7b0e0 JavaThread "C2 CompilerThread0" daemon [_thread_blocked, id=10788, stack(0x0000001c44200000,0x0000001c44300000)]
  0x0000019925e316e0 JavaThread "C1 CompilerThread0" daemon [_thread_blocked, id=3628, stack(0x0000001c44300000,0x0000001c44400000)]
  0x0000019925e4bbd0 JavaThread "Sweeper thread" daemon [_thread_blocked, id=6476, stack(0x0000001c44400000,0x0000001c44500000)]
  0x000001992684e620 JavaThread "Notification Thread" daemon [_thread_blocked, id=7848, stack(0x0000001c44500000,0x0000001c44600000)]
  0x00000199268606d0 JavaThread "Common-Cleaner" daemon [_thread_blocked, id=6248, stack(0x0000001c44700000,0x0000001c44800000)]
  0x0000019927236350 JavaThread "Thread-0" [_thread_blocked, id=2964, stack(0x0000001c44c00000,0x0000001c44d00000)]
=>0x0000019926fcc180 JavaThread "restartedMain" [_thread_in_vm, id=4336, stack(0x0000001c44d00000,0x0000001c44e00000)]
  0x00000199275b2090 JavaThread "background-preinit" [_thread_in_vm, id=8036, stack(0x0000001c44f00000,0x0000001c45000000)]

Other Threads:
  0x000001990ac5da50 VMThread "VM Thread" [stack: 0x0000001c43b00000,0x0000001c43c00000] [id=9056]
  0x000001990ac4f9b0 WatcherThread [stack: 0x0000001c44600000,0x0000001c44700000] [id=11040]
  0x000001990abe2b00 GCTaskThread "GC Thread#0" [stack: 0x0000001c43600000,0x0000001c43700000] [id=6420]
  0x0000019927244f90 GCTaskThread "GC Thread#1" [stack: 0x0000001c44800000,0x0000001c44900000] [id=1272]
  0x0000019927223880 GCTaskThread "GC Thread#2" [stack: 0x0000001c44900000,0x0000001c44a00000] [id=8620]
  0x0000019926fcfa80 GCTaskThread "GC Thread#3" [stack: 0x0000001c44a00000,0x0000001c44b00000] [id=4928]
  0x000001990abeb7c0 ConcurrentGCThread "G1 Main Marker" [stack: 0x0000001c43700000,0x0000001c43800000] [id=10612]
  0x000001990abec1d0 ConcurrentGCThread "G1 Conc#0" [stack: 0x0000001c43800000,0x0000001c43900000] [id=8032]
  0x000001990ac39d20 ConcurrentGCThread "G1 Refine#0" [stack: 0x0000001c43900000,0x0000001c43a00000] [id=10604]
  0x0000019927243ad0 ConcurrentGCThread "G1 Refine#1" [stack: 0x0000001c44b00000,0x0000001c44c00000] [id=10556]
  0x000001990ac3a740 ConcurrentGCThread "G1 Service" [stack: 0x0000001c43a00000,0x0000001c43b00000] [id=2068]

Threads with active compile tasks:

VM state: not at safepoint (normal execution)

VM Mutex/Monitor currently owned by a thread:  ([mutex/lock_event])
[0x000001990aba4890] Metaspace_lock - owner thread: 0x0000019926fcc180

OutOfMemory and StackOverflow Exception counts:
OutOfMemoryError java_heap_errors=1
LinkageErrors=38

Heap address: 0x00000000c1400000, size: 1004 MB, Compressed Oops mode: 32-bit

CDS archive(s) mapped at: [0x0000000800000000-0x0000000800bc0000-0x0000000800bc0000), size 12320768, SharedBaseAddress: 0x0000000800000000, ArchiveRelocationMode: 0.
Compressed class space mapped at: 0x0000000800c00000-0x0000000840c00000, reserved size: 1073741824
Narrow klass base: 0x0000000800000000, Narrow klass shift: 0, Narrow klass range: 0x100000000

GC Precious Log:
 CPUs: 4 total, 4 available
 Memory: 4012M
 Large Page Support: Disabled
 NUMA Support: Disabled
 Compressed Oops: Enabled (32-bit)
 Heap Region Size: 1M
 Heap Min Capacity: 8M
 Heap Initial Capacity: 64M
 Heap Max Capacity: 1004M
 Pre-touch: Disabled
 Parallel Workers: 4
 Concurrent Workers: 1
 Concurrent Refinement Workers: 4
 Periodic GC: Disabled

Heap:
 garbage-first heap   total 65536K, used 9359K [0x00000000c1400000, 0x0000000100000000)
  region size 1024K, 5 young (5120K), 3 survivors (3072K)
 Metaspace       used 12097K, committed 12288K, reserved 1064960K
  class space    used 1462K, committed 1536K, reserved 1048576K

Heap Regions: E=young(eden), S=young(survivor), O=old, HS=humongous(starts), HC=humongous(continues), CS=collection set, F=free, OA=open archive, CA=closed archive, TAMS=top-at-mark-start (previous, next)
|   0|0x00000000c1400000, 0x00000000c1500000, 0x00000000c1500000|100%|HS|  |TAMS 0x00000000c1400000, 0x00000000c1400000| Complete 
|   1|0x00000000c1500000, 0x00000000c1600000, 0x00000000c1600000|100%| O|  |TAMS 0x00000000c1500000, 0x00000000c1500000| Untracked 
|   2|0x00000000c1600000, 0x00000000c1700000, 0x00000000c1700000|100%| O|  |TAMS 0x00000000c1600000, 0x00000000c1600000| Untracked 
|   3|0x00000000c1700000, 0x00000000c1800000, 0x00000000c1800000|100%| O|  |TAMS 0x00000000c1700000, 0x00000000c1700000| Untracked 
|   4|0x00000000c1800000, 0x00000000c1900000, 0x00000000c1900000|100%| O|  |TAMS 0x00000000c1800000, 0x00000000c1800000| Untracked 
|   5|0x00000000c1900000, 0x00000000c1a00000, 0x00000000c1a00000|100%| O|  |TAMS 0x00000000c1900000, 0x00000000c1900000| Untracked 
|   6|0x00000000c1a00000, 0x00000000c1a00000, 0x00000000c1b00000|  0%| F|  |TAMS 0x00000000c1a00000, 0x00000000c1a00000| Untracked 
|   7|0x00000000c1b00000, 0x00000000c1b00000, 0x00000000c1c00000|  0%| F|  |TAMS 0x00000000c1b00000, 0x00000000c1b00000| Untracked 
|   8|0x00000000c1c00000, 0x00000000c1c00000, 0x00000000c1d00000|  0%| F|  |TAMS 0x00000000c1c00000, 0x00000000c1c00000| Untracked 
|   9|0x00000000c1d00000, 0x00000000c1d00000, 0x00000000c1e00000|  0%| F|  |TAMS 0x00000000c1d00000, 0x00000000c1d00000| Untracked 
|  10|0x00000000c1e00000, 0x00000000c1e00000, 0x00000000c1f00000|  0%| F|  |TAMS 0x00000000c1e00000, 0x00000000c1e00000| Untracked 
|  11|0x00000000c1f00000, 0x00000000c1f00000, 0x00000000c2000000|  0%| F|  |TAMS 0x00000000c1f00000, 0x00000000c1f00000| Untracked 
|  12|0x00000000c2000000, 0x00000000c2000000, 0x00000000c2100000|  0%| F|  |TAMS 0x00000000c2000000, 0x00000000c2000000| Untracked 
|  13|0x00000000c2100000, 0x00000000c2100000, 0x00000000c2200000|  0%| F|  |TAMS 0x00000000c2100000, 0x00000000c2100000| Untracked 
|  14|0x00000000c2200000, 0x00000000c2200000, 0x00000000c2300000|  0%| F|  |TAMS 0x00000000c2200000, 0x00000000c2200000| Untracked 
|  15|0x00000000c2300000, 0x00000000c2300000, 0x00000000c2400000|  0%| F|  |TAMS 0x00000000c2300000, 0x00000000c2300000| Untracked 
|  16|0x00000000c2400000, 0x00000000c2400000, 0x00000000c2500000|  0%| F|  |TAMS 0x00000000c2400000, 0x00000000c2400000| Untracked 
|  17|0x00000000c2500000, 0x00000000c2500000, 0x00000000c2600000|  0%| F|  |TAMS 0x00000000c2500000, 0x00000000c2500000| Untracked 
|  18|0x00000000c2600000, 0x00000000c2600000, 0x00000000c2700000|  0%| F|  |TAMS 0x00000000c2600000, 0x00000000c2600000| Untracked 
|  19|0x00000000c2700000, 0x00000000c2700000, 0x00000000c2800000|  0%| F|  |TAMS 0x00000000c2700000, 0x00000000c2700000| Untracked 
|  20|0x00000000c2800000, 0x00000000c2800000, 0x00000000c2900000|  0%| F|  |TAMS 0x00000000c2800000, 0x00000000c2800000| Untracked 
|  21|0x00000000c2900000, 0x00000000c2900000, 0x00000000c2a00000|  0%| F|  |TAMS 0x00000000c2900000, 0x00000000c2900000| Untracked 
|  22|0x00000000c2a00000, 0x00000000c2a00000, 0x00000000c2b00000|  0%| F|  |TAMS 0x00000000c2a00000, 0x00000000c2a00000| Untracked 
|  23|0x00000000c2b00000, 0x00000000c2b00000, 0x00000000c2c00000|  0%| F|  |TAMS 0x00000000c2b00000, 0x00000000c2b00000| Untracked 
|  24|0x00000000c2c00000, 0x00000000c2c00000, 0x00000000c2d00000|  0%| F|  |TAMS 0x00000000c2c00000, 0x00000000c2c00000| Untracked 
|  25|0x00000000c2d00000, 0x00000000c2d00000, 0x00000000c2e00000|  0%| F|  |TAMS 0x00000000c2d00000, 0x00000000c2d00000| Untracked 
|  26|0x00000000c2e00000, 0x00000000c2e00000, 0x00000000c2f00000|  0%| F|  |TAMS 0x00000000c2e00000, 0x00000000c2e00000| Untracked 
|  27|0x00000000c2f00000, 0x00000000c2f00000, 0x00000000c3000000|  0%| F|  |TAMS 0x00000000c2f00000, 0x00000000c2f00000| Untracked 
|  28|0x00000000c3000000, 0x00000000c3000000, 0x00000000c3100000|  0%| F|  |TAMS 0x00000000c3000000, 0x00000000c3000000| Untracked 
|  29|0x00000000c3100000, 0x00000000c3100000, 0x00000000c3200000|  0%| F|  |TAMS 0x00000000c3100000, 0x00000000c3100000| Untracked 
|  30|0x00000000c3200000, 0x00000000c3200000, 0x00000000c3300000|  0%| F|  |TAMS 0x00000000c3200000, 0x00000000c3200000| Untracked 
|  31|0x00000000c3300000, 0x00000000c3300000, 0x00000000c3400000|  0%| F|  |TAMS 0x00000000c3300000, 0x00000000c3300000| Untracked 
|  32|0x00000000c3400000, 0x00000000c3400000, 0x00000000c3500000|  0%| F|  |TAMS 0x00000000c3400000, 0x00000000c3400000| Untracked 
|  33|0x00000000c3500000, 0x00000000c3500000, 0x00000000c3600000|  0%| F|  |TAMS 0x00000000c3500000, 0x00000000c3500000| Untracked 
|  34|0x00000000c3600000, 0x00000000c3600000, 0x00000000c3700000|  0%| F|  |TAMS 0x00000000c3600000, 0x00000000c3600000| Untracked 
|  35|0x00000000c3700000, 0x00000000c3700000, 0x00000000c3800000|  0%| F|  |TAMS 0x00000000c3700000, 0x00000000c3700000| Untracked 
|  36|0x00000000c3800000, 0x00000000c3800000, 0x00000000c3900000|  0%| F|  |TAMS 0x00000000c3800000, 0x00000000c3800000| Untracked 
|  37|0x00000000c3900000, 0x00000000c3923ca0, 0x00000000c3a00000| 13%| S|CS|TAMS 0x00000000c3900000, 0x00000000c3900000| Complete 
|  38|0x00000000c3a00000, 0x00000000c3b00000, 0x00000000c3b00000|100%| S|CS|TAMS 0x00000000c3a00000, 0x00000000c3a00000| Complete 
|  39|0x00000000c3b00000, 0x00000000c3c00000, 0x00000000c3c00000|100%| S|CS|TAMS 0x00000000c3b00000, 0x00000000c3b00000| Complete 
|  40|0x00000000c3c00000, 0x00000000c3c00000, 0x00000000c3d00000|  0%| F|  |TAMS 0x00000000c3c00000, 0x00000000c3c00000| Untracked 
|  41|0x00000000c3d00000, 0x00000000c3d00000, 0x00000000c3e00000|  0%| F|  |TAMS 0x00000000c3d00000, 0x00000000c3d00000| Untracked 
|  42|0x00000000c3e00000, 0x00000000c3e00000, 0x00000000c3f00000|  0%| F|  |TAMS 0x00000000c3e00000, 0x00000000c3e00000| Untracked 
|  43|0x00000000c3f00000, 0x00000000c3f00000, 0x00000000c4000000|  0%| F|  |TAMS 0x00000000c3f00000, 0x00000000c3f00000| Untracked 
|  44|0x00000000c4000000, 0x00000000c4000000, 0x00000000c4100000|  0%| F|  |TAMS 0x00000000c4000000, 0x00000000c4000000| Untracked 
|  45|0x00000000c4100000, 0x00000000c4100000, 0x00000000c4200000|  0%| F|  |TAMS 0x00000000c4100000, 0x00000000c4100000| Untracked 
|  46|0x00000000c4200000, 0x00000000c4200000, 0x00000000c4300000|  0%| F|  |TAMS 0x00000000c4200000, 0x00000000c4200000| Untracked 
|  47|0x00000000c4300000, 0x00000000c4300000, 0x00000000c4400000|  0%| F|  |TAMS 0x00000000c4300000, 0x00000000c4300000| Untracked 
|  48|0x00000000c4400000, 0x00000000c4400000, 0x00000000c4500000|  0%| F|  |TAMS 0x00000000c4400000, 0x00000000c4400000| Untracked 
|  49|0x00000000c4500000, 0x00000000c4500000, 0x00000000c4600000|  0%| F|  |TAMS 0x00000000c4500000, 0x00000000c4500000| Untracked 
|  50|0x00000000c4600000, 0x00000000c4600000, 0x00000000c4700000|  0%| F|  |TAMS 0x00000000c4600000, 0x00000000c4600000| Untracked 
|  51|0x00000000c4700000, 0x00000000c4700000, 0x00000000c4800000|  0%| F|  |TAMS 0x00000000c4700000, 0x00000000c4700000| Untracked 
|  52|0x00000000c4800000, 0x00000000c4800000, 0x00000000c4900000|  0%| F|  |TAMS 0x00000000c4800000, 0x00000000c4800000| Untracked 
|  53|0x00000000c4900000, 0x00000000c4900000, 0x00000000c4a00000|  0%| F|  |TAMS 0x00000000c4900000, 0x00000000c4900000| Untracked 
|  54|0x00000000c4a00000, 0x00000000c4a00000, 0x00000000c4b00000|  0%| F|  |TAMS 0x00000000c4a00000, 0x00000000c4a00000| Untracked 
|  55|0x00000000c4b00000, 0x00000000c4b00000, 0x00000000c4c00000|  0%| F|  |TAMS 0x00000000c4b00000, 0x00000000c4b00000| Untracked 
|  56|0x00000000c4c00000, 0x00000000c4c00000, 0x00000000c4d00000|  0%| F|  |TAMS 0x00000000c4c00000, 0x00000000c4c00000| Untracked 
|  57|0x00000000c4d00000, 0x00000000c4d00000, 0x00000000c4e00000|  0%| F|  |TAMS 0x00000000c4d00000, 0x00000000c4d00000| Untracked 
|  58|0x00000000c4e00000, 0x00000000c4e00000, 0x00000000c4f00000|  0%| F|  |TAMS 0x00000000c4e00000, 0x00000000c4e00000| Untracked 
|  59|0x00000000c4f00000, 0x00000000c4f00000, 0x00000000c5000000|  0%| F|  |TAMS 0x00000000c4f00000, 0x00000000c4f00000| Untracked 
|  60|0x00000000c5000000, 0x00000000c5000000, 0x00000000c5100000|  0%| F|  |TAMS 0x00000000c5000000, 0x00000000c5000000| Untracked 
|  61|0x00000000c5100000, 0x00000000c5100000, 0x00000000c5200000|  0%| F|  |TAMS 0x00000000c5100000, 0x00000000c5100000| Untracked 
|  62|0x00000000c5200000, 0x00000000c52a9ec8, 0x00000000c5300000| 66%| E|  |TAMS 0x00000000c5200000, 0x00000000c5200000| Complete 
|  63|0x00000000c5300000, 0x00000000c5400000, 0x00000000c5400000|100%| E|CS|TAMS 0x00000000c5300000, 0x00000000c5300000| Complete 

Card table byte_map: [0x0000019921620000,0x0000019921820000] _byte_map_base: 0x0000019921016000

Marking Bits (Prev, Next): (CMBitMap*) 0x000001990abe3110, (CMBitMap*) 0x000001990abe3150
 Prev Bits: [0x0000019921a20000, 0x00000199229d0000)
 Next Bits: [0x00000199229d0000, 0x0000019923980000)

Polling page: 0x0000019908a70000

Metaspace:

Usage:
  Non-class:     10.39 MB used.
      Class:      1.43 MB used.
       Both:     11.81 MB used.

Virtual space:
  Non-class space:       16.00 MB reserved,      10.50 MB ( 66%) committed,  2 nodes.
      Class space:        1.00 GB reserved,       1.50 MB ( <1%) committed,  1 nodes.
             Both:        1.02 GB reserved,      12.00 MB (  1%) committed. 

Chunk freelists:
   Non-Class:  1008.00 KB
       Class:  2.39 MB
        Both:  3.38 MB

MaxMetaspaceSize: unlimited
CompressedClassSpaceSize: 1.00 GB
Initial GC threshold: 21.00 MB
Current GC threshold: 21.00 MB
CDS: on
MetaspaceReclaimPolicy: balanced
 - commit_granule_bytes: 65536.
 - commit_granule_words: 8192.
 - virtual_space_node_default_size: 1048576.
 - enlarge_chunks_in_place: 1.
 - new_chunks_are_fully_committed: 0.
 - uncommit_free_chunks: 1.
 - use_allocation_guard: 0.
 - handle_deallocations: 1.


Internal statistics:

num_allocs_failed_limit: 0.
num_arena_births: 142.
num_arena_deaths: 0.
num_vsnodes_births: 3.
num_vsnodes_deaths: 0.
num_space_committed: 192.
num_space_uncommitted: 0.
num_chunks_returned_to_freelist: 0.
num_chunks_taken_from_freelist: 496.
num_chunk_merges: 0.
num_chunk_splits: 352.
num_chunks_enlarged: 283.
num_purges: 0.
num_inconsistent_stats: 0.

CodeHeap 'non-profiled nmethods': size=120000Kb used=579Kb max_used=579Kb free=119420Kb
 bounds [0x0000019919ef0000, 0x000001991a160000, 0x0000019921420000]
CodeHeap 'profiled nmethods': size=120000Kb used=3133Kb max_used=3133Kb free=116866Kb
 bounds [0x00000199129c0000, 0x0000019912cd0000, 0x0000019919ef0000]
CodeHeap 'non-nmethods': size=5760Kb used=1165Kb max_used=1190Kb free=4594Kb
 bounds [0x0000019912420000, 0x0000019912690000, 0x00000199129c0000]
 total_blobs=2135 nmethods=1680 adapters=367
 compilation: enabled
              stopped_count=0, restarted_count=0
 full_count=0

Compilation events (20 events):
Event: 4.137 Thread 0x0000019925e316e0 1673       3       java.lang.ref.ReferenceQueue::reallyPoll (65 bytes)
Event: 4.137 Thread 0x0000019925e316e0 nmethod 1673 0x0000019912cc3e90 code [0x0000019912cc4060, 0x0000019912cc4598]
Event: 4.137 Thread 0x0000019925e316e0 1674       1       ch.qos.logback.classic.selector.DefaultContextSelector::getDefaultLoggerContext (5 bytes)
Event: 4.137 Thread 0x0000019925e316e0 nmethod 1674 0x0000019919f80910 code [0x0000019919f80aa0, 0x0000019919f80b78]
Event: 4.140 Thread 0x0000019925e316e0 1675   !   3       java.util.concurrent.ConcurrentHashMap::replaceNode (437 bytes)
Event: 4.143 Thread 0x0000019925e316e0 nmethod 1675 0x0000019912cc4690 code [0x0000019912cc49e0, 0x0000019912cc62d8]
Event: 4.143 Thread 0x0000019925e316e0 1676       3       java.util.concurrent.ConcurrentHashMap::remove (8 bytes)
Event: 4.144 Thread 0x0000019925e316e0 nmethod 1676 0x0000019912cc7010 code [0x0000019912cc71c0, 0x0000019912cc7308]
Event: 4.144 Thread 0x0000019925e316e0 1678  s    1       java.lang.StringBuffer::length (5 bytes)
Event: 4.144 Thread 0x0000019925e316e0 nmethod 1678 0x0000019919f80c10 code [0x0000019919f80da0, 0x0000019919f80f18]
Event: 4.144 Thread 0x0000019925e316e0 1677       3       java.lang.invoke.TypeConvertingMethodAdapter::convertType (299 bytes)
Event: 4.150 Thread 0x0000019925e316e0 nmethod 1677 0x0000019912cc7390 code [0x0000019912cc79c0, 0x0000019912ccafa8]
Event: 4.157 Thread 0x0000019925e316e0 1679       3       java.lang.Byte::toUnsignedInt (6 bytes)
Event: 4.157 Thread 0x0000019925e316e0 nmethod 1679 0x0000019912ccc110 code [0x0000019912ccc2a0, 0x0000019912ccc398]
Event: 4.157 Thread 0x0000019925e316e0 1680       3       java.util.zip.ZipUtils::get32S (17 bytes)
Event: 4.157 Thread 0x0000019925e316e0 nmethod 1680 0x0000019912ccc410 code [0x0000019912ccc5c0, 0x0000019912ccc818]
Event: 4.157 Thread 0x0000019925e316e0 1681       3       java.util.zip.ZipUtils::unixTimeToFileTime (8 bytes)
Event: 4.157 Thread 0x0000019925e316e0 nmethod 1681 0x0000019912ccc990 code [0x0000019912cccb20, 0x0000019912cccc48]
Event: 4.160 Thread 0x0000019925e316e0 1682       3       java.util.zip.ZipEntry::setExtra0 (493 bytes)
Event: 4.163 Thread 0x0000019925e316e0 nmethod 1682 0x0000019912cccd10 code [0x0000019912ccd0c0, 0x0000019912cced78]

GC Heap History (6 events):
Event: 1.695 GC heap before
{Heap before GC invocations=0 (full 0):
 garbage-first heap   total 65536K, used 13312K [0x00000000c1400000, 0x0000000100000000)
  region size 1024K, 13 young (13312K), 0 survivors (0K)
 Metaspace       used 3391K, committed 3520K, reserved 1056768K
  class space    used 354K, committed 448K, reserved 1048576K
}
Event: 1.712 GC heap after
{Heap after GC invocations=1 (full 0):
 garbage-first heap   total 65536K, used 6071K [0x00000000c1400000, 0x0000000100000000)
  region size 1024K, 2 young (2048K), 2 survivors (2048K)
 Metaspace       used 3391K, committed 3520K, reserved 1056768K
  class space    used 354K, committed 448K, reserved 1048576K
}
Event: 2.421 GC heap before
{Heap before GC invocations=1 (full 0):
 garbage-first heap   total 65536K, used 14263K [0x00000000c1400000, 0x0000000100000000)
  region size 1024K, 11 young (11264K), 2 survivors (2048K)
 Metaspace       used 5687K, committed 5888K, reserved 1056768K
  class space    used 656K, committed 768K, reserved 1048576K
}
Event: 2.426 GC heap after
{Heap after GC invocations=2 (full 0):
 garbage-first heap   total 65536K, used 6863K [0x00000000c1400000, 0x0000000100000000)
  region size 1024K, 1 young (1024K), 1 survivors (1024K)
 Metaspace       used 5687K, committed 5888K, reserved 1056768K
  class space    used 656K, committed 768K, reserved 1048576K
}
Event: 4.127 GC heap before
{Heap before GC invocations=2 (full 0):
 garbage-first heap   total 65536K, used 29391K [0x00000000c1400000, 0x0000000100000000)
  region size 1024K, 24 young (24576K), 1 survivors (1024K)
 Metaspace       used 11874K, committed 12096K, reserved 1064960K
  class space    used 1434K, committed 1536K, reserved 1048576K
}
Event: 4.135 GC heap after
{Heap after GC invocations=3 (full 0):
 garbage-first heap   total 65536K, used 8335K [0x00000000c1400000, 0x0000000100000000)
  region size 1024K, 3 young (3072K), 3 survivors (3072K)
 Metaspace       used 11874K, committed 12096K, reserved 1064960K
  class space    used 1434K, committed 1536K, reserved 1048576K
}

Deoptimization events (20 events):
Event: 2.699 Thread 0x0000019926fcc180 Uncommon trap: trap_request=0xffffffc6 fr.pc=0x0000019919f5b5e4 relative=0x0000000000000484
Event: 2.699 Thread 0x0000019926fcc180 Uncommon trap: reason=bimorphic_or_optimized_type_check action=maybe_recompile pc=0x0000019919f5b5e4 method=java.util.HashMap.getNode(Ljava/lang/Object;)Ljava/util/HashMap$Node; @ 63 c2
Event: 2.699 Thread 0x0000019926fcc180 DEOPT PACKING pc=0x0000019919f5b5e4 sp=0x0000001c44dfdc30
Event: 2.699 Thread 0x0000019926fcc180 DEOPT UNPACKING pc=0x00000199124723a3 sp=0x0000001c44dfdba8 mode 2
Event: 2.699 Thread 0x0000019926fcc180 Uncommon trap: trap_request=0xffffffc6 fr.pc=0x0000019919f5b5e4 relative=0x0000000000000484
Event: 2.699 Thread 0x0000019926fcc180 Uncommon trap: reason=bimorphic_or_optimized_type_check action=maybe_recompile pc=0x0000019919f5b5e4 method=java.util.HashMap.getNode(Ljava/lang/Object;)Ljava/util/HashMap$Node; @ 63 c2
Event: 2.699 Thread 0x0000019926fcc180 DEOPT PACKING pc=0x0000019919f5b5e4 sp=0x0000001c44dfdc30
Event: 2.699 Thread 0x0000019926fcc180 DEOPT UNPACKING pc=0x00000199124723a3 sp=0x0000001c44dfdba8 mode 2
Event: 2.706 Thread 0x0000019926fcc180 Uncommon trap: trap_request=0xffffffc6 fr.pc=0x0000019919f5b5e4 relative=0x0000000000000484
Event: 2.706 Thread 0x0000019926fcc180 Uncommon trap: reason=bimorphic_or_optimized_type_check action=maybe_recompile pc=0x0000019919f5b5e4 method=java.util.HashMap.getNode(Ljava/lang/Object;)Ljava/util/HashMap$Node; @ 63 c2
Event: 2.706 Thread 0x0000019926fcc180 DEOPT PACKING pc=0x0000019919f5b5e4 sp=0x0000001c44dfdc30
Event: 2.706 Thread 0x0000019926fcc180 DEOPT UNPACKING pc=0x00000199124723a3 sp=0x0000001c44dfdba8 mode 2
Event: 3.452 Thread 0x0000019926fcc180 Uncommon trap: trap_request=0xffffff45 fr.pc=0x0000019919f451d0 relative=0x0000000000001030
Event: 3.452 Thread 0x0000019926fcc180 Uncommon trap: reason=unstable_if action=reinterpret pc=0x0000019919f451d0 method=java.util.concurrent.ConcurrentHashMap.putVal(Ljava/lang/Object;Ljava/lang/Object;Z)Ljava/lang/Object; @ 148 c2
Event: 3.452 Thread 0x0000019926fcc180 DEOPT PACKING pc=0x0000019919f451d0 sp=0x0000001c44dfda00
Event: 3.452 Thread 0x0000019926fcc180 DEOPT UNPACKING pc=0x00000199124723a3 sp=0x0000001c44dfd980 mode 2
Event: 3.979 Thread 0x0000019926fcc180 Uncommon trap: trap_request=0xffffff45 fr.pc=0x0000019919f73814 relative=0x00000000000002f4
Event: 3.979 Thread 0x0000019926fcc180 Uncommon trap: reason=unstable_if action=reinterpret pc=0x0000019919f73814 method=jdk.internal.org.objectweb.asm.SymbolTable.put(Ljdk/internal/org/objectweb/asm/SymbolTable$Entry;)Ljdk/internal/org/objectweb/asm/SymbolTable$Entry; @ 13 c2
Event: 3.979 Thread 0x0000019926fcc180 DEOPT PACKING pc=0x0000019919f73814 sp=0x0000001c44dfc990
Event: 3.979 Thread 0x0000019926fcc180 DEOPT UNPACKING pc=0x00000199124723a3 sp=0x0000001c44dfc910 mode 2

Classes unloaded (0 events):
No events

Classes redefined (0 events):
No events

Internal exceptions (20 events):
Event: 2.560 Thread 0x0000019926fcc180 Exception <a 'java/lang/NoSuchMethodError'{0x00000000c5042910}: 'java.lang.Object java.lang.invoke.DirectMethodHandle$Holder.invokeSpecial(java.lang.Object, java.lang.Object, java.lang.Object, java.lang.Object, java.lang.Object, java.lang.Object, java.lang.Object, int)'> (0x00000000c5042910) 
thrown [s\open\src\hotspot\share\interpreter\linkResolver.cpp, line 759]
Event: 2.611 Thread 0x0000019926fcc180 Exception <a 'java/lang/NoSuchMethodError'{0x00000000c4f5ddf8}: 'int java.lang.invoke.DirectMethodHandle$Holder.invokeInterface(java.lang.Object, java.lang.Object)'> (0x00000000c4f5ddf8) 
thrown [s\open\src\hotspot\share\interpreter\linkResolver.cpp, line 759]
Event: 2.640 Thread 0x0000019926fcc180 Exception <a 'java/lang/NoSuchMethodError'{0x00000000c4fd4758}: 'java.lang.Object java.lang.invoke.DirectMethodHandle$Holder.invokeSpecial(java.lang.Object, java.lang.Object, java.lang.Object, int, java.lang.Object)'> (0x00000000c4fd4758) 
thrown [s\open\src\hotspot\share\interpreter\linkResolver.cpp, line 759]
Event: 2.642 Thread 0x0000019926fcc180 Exception <a 'java/lang/NoSuchMethodError'{0x00000000c4fdcdc0}: 'java.lang.Object java.lang.invoke.DirectMethodHandle$Holder.newInvokeSpecial(java.lang.Object, java.lang.Object, java.lang.Object, int, java.lang.Object)'> (0x00000000c4fdcdc0) 
thrown [s\open\src\hotspot\share\interpreter\linkResolver.cpp, line 759]
Event: 2.643 Thread 0x0000019926fcc180 Exception <a 'java/lang/NoSuchMethodError'{0x00000000c4fe4790}: 'java.lang.Object java.lang.invoke.Invokers$Holder.linkToTargetMethod(java.lang.Object, java.lang.Object, int, java.lang.Object, java.lang.Object)'> (0x00000000c4fe4790) 
thrown [s\open\src\hotspot\share\interpreter\linkResolver.cpp, line 759]
Event: 2.647 Thread 0x0000019926fcc180 Exception <a 'java/lang/NoSuchMethodError'{0x00000000c4ff9678}: 'java.lang.Object java.lang.invoke.DirectMethodHandle$Holder.newInvokeSpecial(java.lang.Object, int, java.lang.Object)'> (0x00000000c4ff9678) 
thrown [s\open\src\hotspot\share\interpreter\linkResolver.cpp, line 759]
Event: 2.647 Thread 0x0000019926fcc180 Exception <a 'java/lang/NoSuchMethodError'{0x00000000c4ffe358}: 'int java.lang.invoke.DirectMethodHandle$Holder.invokeSpecialIFC(java.lang.Object, java.lang.Object, java.lang.Object, java.lang.Object)'> (0x00000000c4ffe358) 
thrown [s\open\src\hotspot\share\interpreter\linkResolver.cpp, line 759]
Event: 2.686 Thread 0x0000019926fcc180 Exception <a 'java/lang/NoSuchMethodError'{0x00000000c4eb0b18}: 'java.lang.Object java.lang.invoke.DirectMethodHandle$Holder.invokeInterface(java.lang.Object, java.lang.Object)'> (0x00000000c4eb0b18) 
thrown [s\open\src\hotspot\share\interpreter\linkResolver.cpp, line 759]
Event: 2.690 Thread 0x0000019926fcc180 Exception <a 'java/lang/NoSuchMethodError'{0x00000000c4ec0ae8}: 'void java.lang.invoke.DirectMethodHandle$Holder.invokeInterface(java.lang.Object, java.lang.Object, java.lang.Object)'> (0x00000000c4ec0ae8) 
thrown [s\open\src\hotspot\share\interpreter\linkResolver.cpp, line 759]
Event: 2.719 Thread 0x0000019926fcc180 Exception <a 'java/lang/NoSuchMethodError'{0x00000000c4d49e88}: 'void java.lang.invoke.DirectMethodHandle$Holder.invokeStatic(java.lang.Object, java.lang.Object)'> (0x00000000c4d49e88) 
thrown [s\open\src\hotspot\share\interpreter\linkResolver.cpp, line 759]
Event: 2.719 Thread 0x0000019926fcc180 Exception <a 'java/lang/NoSuchMethodError'{0x00000000c4d4d688}: 'void java.lang.invoke.DirectMethodHandle$Holder.invokeStaticInit(java.lang.Object, java.lang.Object)'> (0x00000000c4d4d688) 
thrown [s\open\src\hotspot\share\interpreter\linkResolver.cpp, line 759]
Event: 2.722 Thread 0x0000019926fcc180 Exception <a 'java/lang/NoSuchMethodError'{0x00000000c4d59f88}: 'void java.lang.invoke.DirectMethodHandle$Holder.invokeStaticInit(java.lang.Object, java.lang.Object, java.lang.Object)'> (0x00000000c4d59f88) 
thrown [s\open\src\hotspot\share\interpreter\linkResolver.cpp, line 759]
Event: 3.481 Thread 0x0000019926fcc180 Exception <a 'java/lang/NoSuchMethodError'{0x00000000c4dac220}: 'java.lang.Object java.lang.invoke.DirectMethodHandle$Holder.newInvokeSpecial(java.lang.Object, long)'> (0x00000000c4dac220) 
thrown [s\open\src\hotspot\share\interpreter\linkResolver.cpp, line 759]
Event: 3.497 Thread 0x0000019926fcc180 Exception <a 'java/lang/NoSuchMethodError'{0x00000000c4de7a28}: 'void java.lang.invoke.DirectMethodHandle$Holder.invokeVirtual(java.lang.Object, java.lang.Object, java.lang.Object, java.lang.Object)'> (0x00000000c4de7a28) 
thrown [s\open\src\hotspot\share\interpreter\linkResolver.cpp, line 759]
Event: 3.552 Thread 0x0000019926fcc180 Exception <a 'java/lang/NoSuchMethodError'{0x00000000c4b169b8}: 'void java.lang.invoke.DirectMethodHandle$Holder.invokeSpecial(java.lang.Object, java.lang.Object, java.lang.Object)'> (0x00000000c4b169b8) 
thrown [s\open\src\hotspot\share\interpreter\linkResolver.cpp, line 759]
Event: 3.553 Thread 0x0000019926fcc180 Exception <a 'java/lang/NoSuchMethodError'{0x00000000c4b1d118}: 'void java.lang.invoke.DirectMethodHandle$Holder.invokeSpecial(java.lang.Object, java.lang.Object, java.lang.Object, java.lang.Object, java.lang.Object)'> (0x00000000c4b1d118) 
thrown [s\open\src\hotspot\share\interpreter\linkResolver.cpp, line 759]
Event: 3.564 Thread 0x0000019926fcc180 Exception <a 'java/lang/IncompatibleClassChangeError'{0x00000000c4b6ebd0}: Found class java.lang.Object, but interface was expected> (0x00000000c4b6ebd0) 
thrown [s\open\src\hotspot\share\interpreter\linkResolver.cpp, line 826]
Event: 3.566 Thread 0x00000199275b2090 Exception <a 'java/lang/NoClassDefFoundError'{0x00000000c4b52ff8}: javax/validation/Validation> (0x00000000c4b52ff8) 
thrown [s\open\src\hotspot\share\classfile\systemDictionary.cpp, line 245]
Event: 3.670 Thread 0x00000199275b2090 Exception <a 'java/lang/NoSuchMethodError'{0x00000000c49da080}: 'java.lang.Object java.lang.invoke.DirectMethodHandle$Holder.invokeStaticInit(java.lang.Object, java.lang.Object, java.lang.Object, java.lang.Object, java.lang.Object)'> (0x00000000c49da080) 
thrown [s\open\src\hotspot\share\interpreter\linkResolver.cpp, line 759]
Event: 4.154 Thread 0x00000199275b2090 Exception <a 'java/lang/OutOfMemoryError'{0x00000000c5390fb8}> (0x00000000c5390fb8) 
thrown [s\open\src\hotspot\share\prims\jni.cpp, line 535]

VM Operations (20 events):
Event: 1.325 Executing VM operation: Cleanup
Event: 1.325 Executing VM operation: Cleanup done
Event: 1.427 Executing VM operation: HandshakeAllThreads
Event: 1.427 Executing VM operation: HandshakeAllThreads done
Event: 1.695 Executing VM operation: G1CollectForAllocation
Event: 1.712 Executing VM operation: G1CollectForAllocation done
Event: 2.129 Executing VM operation: HandshakeAllThreads
Event: 2.129 Executing VM operation: HandshakeAllThreads done
Event: 2.420 Executing VM operation: G1CollectForAllocation
Event: 2.426 Executing VM operation: G1CollectForAllocation done
Event: 2.634 Executing VM operation: HandshakeAllThreads
Event: 2.634 Executing VM operation: HandshakeAllThreads done
Event: 3.585 Executing VM operation: HandshakeAllThreads
Event: 3.585 Executing VM operation: HandshakeAllThreads done
Event: 3.585 Executing VM operation: Cleanup
Event: 3.586 Executing VM operation: Cleanup done
Event: 3.586 Executing VM operation: HandshakeAllThreads
Event: 3.587 Executing VM operation: HandshakeAllThreads done
Event: 4.127 Executing VM operation: G1CollectForAllocation
Event: 4.135 Executing VM operation: G1CollectForAllocation done

Events (20 events):
Event: 4.020 loading class jdk/internal/reflect/ClassDefiner
Event: 4.020 loading class jdk/internal/reflect/ClassDefiner done
Event: 4.021 loading class jdk/internal/reflect/ClassDefiner$1
Event: 4.021 loading class jdk/internal/reflect/ClassDefiner$1 done
Event: 4.026 loading class jdk/internal/reflect/BootstrapConstructorAccessorImpl
Event: 4.026 loading class jdk/internal/reflect/BootstrapConstructorAccessorImpl done
Event: 4.091 loading class java/util/RegularEnumSet$EnumSetIterator
Event: 4.093 loading class java/util/RegularEnumSet$EnumSetIterator done
Event: 4.106 loading class java/beans/Introspector
Event: 4.107 loading class java/beans/Introspector done
Event: 4.107 loading class java/beans/EventSetDescriptor
Event: 4.108 loading class java/beans/FeatureDescriptor
Event: 4.108 loading class java/beans/FeatureDescriptor done
Event: 4.108 loading class java/beans/EventSetDescriptor done
Event: 4.108 loading class java/beans/Introspector$1
Event: 4.109 loading class jdk/internal/access/JavaBeansAccess
Event: 4.109 loading class jdk/internal/access/JavaBeansAccess done
Event: 4.109 loading class java/beans/Introspector$1 done
Event: 4.124 loading class jdk/internal/reflect/UnsafeObjectFieldAccessorImpl
Event: 4.125 loading class jdk/internal/reflect/UnsafeObjectFieldAccessorImpl done


Dynamic libraries:
0x00007ff723900000 - 0x00007ff723910000 	C:\Program Files\Java\jdk-17.0.4.1\bin\javaw.exe
0x00007ffce7c10000 - 0x00007ffce7e08000 	C:\Windows\SYSTEM32\ntdll.dll
0x00007ffce7160000 - 0x00007ffce721f000 	C:\Windows\System32\KERNEL32.DLL
0x00007ffce5870000 - 0x00007ffce5b42000 	C:\Windows\System32\KERNELBASE.dll
0x00007ffce5b50000 - 0x00007ffce5c50000 	C:\Windows\System32\ucrtbase.dll
0x00007ffcdced0000 - 0x00007ffcdcee8000 	C:\Program Files\Java\jdk-17.0.4.1\bin\jli.dll
0x00007ffce6d40000 - 0x00007ffce6dee000 	C:\Windows\System32\ADVAPI32.dll
0x00007ffce66f0000 - 0x00007ffce678e000 	C:\Windows\System32\msvcrt.dll
0x00007ffce5c50000 - 0x00007ffce5cec000 	C:\Windows\System32\sechost.dll
0x00007ffce72d0000 - 0x00007ffce73f5000 	C:\Windows\System32\RPCRT4.dll
0x00007ffce6df0000 - 0x00007ffce6f91000 	C:\Windows\System32\USER32.dll
0x00007ffce5510000 - 0x00007ffce5532000 	C:\Windows\System32\win32u.dll
0x00007ffce5db0000 - 0x00007ffce5ddb000 	C:\Windows\System32\GDI32.dll
0x00007ffce5670000 - 0x00007ffce577f000 	C:\Windows\System32\gdi32full.dll
0x00007ffce55d0000 - 0x00007ffce566d000 	C:\Windows\System32\msvcp_win.dll
0x00007ffce08c0000 - 0x00007ffce08da000 	C:\Program Files\Java\jdk-17.0.4.1\bin\VCRUNTIME140.dll
0x00007ffcd2bf0000 - 0x00007ffcd2e8a000 	C:\Windows\WinSxS\amd64_microsoft.windows.common-controls_6595b64144ccf1df_6.0.19041.1110_none_60b5254171f9507e\COMCTL32.dll
0x00007ffcdf980000 - 0x00007ffcdf98a000 	C:\Windows\SYSTEM32\VERSION.dll
0x00007ffce7230000 - 0x00007ffce7262000 	C:\Windows\System32\IMM32.DLL
0x00007ffce08b0000 - 0x00007ffce08bc000 	C:\Program Files\Java\jdk-17.0.4.1\bin\vcruntime140_1.dll
0x00007ffca7260000 - 0x00007ffca72ed000 	C:\Program Files\Java\jdk-17.0.4.1\bin\msvcp140.dll
0x00007ffc79cf0000 - 0x00007ffc7a8b2000 	C:\Program Files\Java\jdk-17.0.4.1\bin\server\jvm.dll
0x00007ffce5cf0000 - 0x00007ffce5cf8000 	C:\Windows\System32\PSAPI.DLL
0x00007ffcd2750000 - 0x00007ffcd2777000 	C:\Windows\SYSTEM32\WINMM.dll
0x00007ffcdff90000 - 0x00007ffcdff99000 	C:\Windows\SYSTEM32\WSOCK32.dll
0x00007ffce6680000 - 0x00007ffce66eb000 	C:\Windows\System32\WS2_32.dll
0x00007ffce3b50000 - 0x00007ffce3b62000 	C:\Windows\SYSTEM32\kernel.appcore.dll
0x00007ffcdf0a0000 - 0x00007ffcdf0aa000 	C:\Program Files\Java\jdk-17.0.4.1\bin\jimage.dll
0x00007ffce3870000 - 0x00007ffce3a54000 	C:\Windows\SYSTEM32\DBGHELP.DLL
0x00007ffcddd60000 - 0x00007ffcddd95000 	C:\Windows\SYSTEM32\dbgcore.DLL
0x00007ffce5540000 - 0x00007ffce55c2000 	C:\Windows\System32\bcryptPrimitives.dll
0x00007ffcc3520000 - 0x00007ffcc3545000 	C:\Program Files\Java\jdk-17.0.4.1\bin\java.dll
0x00007ffc89970000 - 0x00007ffc89a46000 	C:\Program Files\Java\jdk-17.0.4.1\bin\jsvml.dll
0x00007ffce7480000 - 0x00007ffce7bc4000 	C:\Windows\System32\SHELL32.dll
0x00007ffce3000000 - 0x00007ffce3792000 	C:\Windows\SYSTEM32\windows.storage.dll
0x00007ffce6090000 - 0x00007ffce63e5000 	C:\Windows\System32\combase.dll
0x00007ffce4c80000 - 0x00007ffce4cb0000 	C:\Windows\SYSTEM32\Wldp.dll
0x00007ffce5fe0000 - 0x00007ffce608d000 	C:\Windows\System32\SHCORE.dll
0x00007ffce7100000 - 0x00007ffce7155000 	C:\Windows\System32\shlwapi.dll
0x00007ffce5240000 - 0x00007ffce525f000 	C:\Windows\SYSTEM32\profapi.dll
0x00007ffcb76c0000 - 0x00007ffcb76d9000 	C:\Program Files\Java\jdk-17.0.4.1\bin\net.dll
0x00007ffcdd040000 - 0x00007ffcdd14c000 	C:\Windows\SYSTEM32\WINHTTP.dll
0x00007ffce49e0000 - 0x00007ffce4a4a000 	C:\Windows\system32\mswsock.dll
0x00007ffca7240000 - 0x00007ffca7256000 	C:\Program Files\Java\jdk-17.0.4.1\bin\nio.dll
0x00007ffca7220000 - 0x00007ffca7238000 	C:\Program Files\Java\jdk-17.0.4.1\bin\zip.dll
0x00007ffce04f0000 - 0x00007ffce0500000 	C:\Program Files\Java\jdk-17.0.4.1\bin\verify.dll
0x00007ffcdde60000 - 0x00007ffcdde69000 	C:\Program Files\Java\jdk-17.0.4.1\bin\management.dll
0x00007ffcdcea0000 - 0x00007ffcdceab000 	C:\Program Files\Java\jdk-17.0.4.1\bin\management_ext.dll
0x00007ffccf450000 - 0x00007ffccf467000 	C:\Windows\system32\napinsp.dll
0x00007ffcca720000 - 0x00007ffcca73b000 	C:\Windows\system32\pnrpnsp.dll
0x00007ffcca170000 - 0x00007ffcca185000 	C:\Windows\system32\wshbth.dll
0x00007ffcdf680000 - 0x00007ffcdf69d000 	C:\Windows\system32\NLAapi.dll
0x00007ffce46d0000 - 0x00007ffce470b000 	C:\Windows\SYSTEM32\IPHLPAPI.DLL
0x00007ffce4710000 - 0x00007ffce47da000 	C:\Windows\SYSTEM32\DNSAPI.dll
0x00007ffce5f70000 - 0x00007ffce5f78000 	C:\Windows\System32\NSI.dll
0x00007ffcca150000 - 0x00007ffcca162000 	C:\Windows\System32\winrnr.dll
0x00007ffcdbb30000 - 0x00007ffcdbb3a000 	C:\Windows\System32\rasadhlp.dll
0x00007ffcdbc90000 - 0x00007ffcdbd10000 	C:\Windows\System32\fwpuclnt.dll
0x00007ffce5780000 - 0x00007ffce57a7000 	C:\Windows\System32\bcrypt.dll

dbghelp: loaded successfully - version: 4.0.5 - missing functions: none
symbol engine: initialized successfully - sym options: 0x614 - pdb path: .;C:\Program Files\Java\jdk-17.0.4.1\bin;C:\Windows\SYSTEM32;C:\Windows\WinSxS\amd64_microsoft.windows.common-controls_6595b64144ccf1df_6.0.19041.1110_none_60b5254171f9507e;C:\Program Files\Java\jdk-17.0.4.1\bin\server

VM Arguments:
jvm_args: -Dfile.encoding=UTF-8 -XX:+ShowCodeDetailsInExceptionMessages 
java_command: com.example.Fullstack.FullstackApplication
java_class_path (initial): E:\eclipse-workspace\Fullstack\target\classes;C:\Users\HP\.m2\repository\org\springframework\boot\spring-boot-starter-data-jpa\2.7.6\spring-boot-starter-data-jpa-2.7.6.jar;C:\Users\HP\.m2\repository\org\springframework\boot\spring-boot-starter-aop\2.7.6\spring-boot-starter-aop-2.7.6.jar;C:\Users\HP\.m2\repository\org\springframework\spring-aop\5.3.24\spring-aop-5.3.24.jar;C:\Users\HP\.m2\repository\org\aspectj\aspectjweaver\1.9.7\aspectjweaver-1.9.7.jar;C:\Users\HP\.m2\repository\org\springframework\boot\spring-boot-starter-jdbc\2.7.6\spring-boot-starter-jdbc-2.7.6.jar;C:\Users\HP\.m2\repository\com\zaxxer\HikariCP\4.0.3\HikariCP-4.0.3.jar;C:\Users\HP\.m2\repository\org\springframework\spring-jdbc\5.3.24\spring-jdbc-5.3.24.jar;C:\Users\HP\.m2\repository\jakarta\transaction\jakarta.transaction-api\1.3.3\jakarta.transaction-api-1.3.3.jar;C:\Users\HP\.m2\repository\jakarta\persistence\jakarta.persistence-api\2.2.3\jakarta.persistence-api-2.2.3.jar;C:\Users\HP\.m2\repository\org\hibernate\hibernate-core\5.6.14.Final\hibernate-core-5.6.14.Final.jar;C:\Users\HP\.m2\repository\org\jboss\logging\jboss-logging\3.4.3.Final\jboss-logging-3.4.3.Final.jar;C:\Users\HP\.m2\repository\net\bytebuddy\byte-buddy\1.12.19\byte-buddy-1.12.19.jar;C:\Users\HP\.m2\repository\antlr\antlr\2.7.7\antlr-2.7.7.jar;C:\Users\HP\.m2\repository\org\jboss\jandex\2.4.2.Final\jandex-2.4.2.Final.jar;C:\Users\HP\.m2\repository\com\fasterxml\classmate\1.5.1\classmate-1.5.1.jar;C:\Users\HP\.m2\repository\org\hibernate\common\hibernate-commons-annotations\5.1.2.Final\hibernate-commons-annotations-5.1.2.Final.jar;C:\Users\HP\.m2\repository\org\glassfish\jaxb\jaxb-runtime\2.3.7\jaxb-runtime-2.3.7.jar;C:\Users\HP\.m2\repository\org\glassfish\jaxb\txw2\2.3.7\txw2-2.3.7.jar;C:\Users\HP\.m2\repository\com\sun\istack\istack-commons-runtime\3.0.12\istack-commons-runtime-3.0.12.jar;C:\Users\HP\.m2\repository\com\sun\activation\jakarta.activation\1.2.2\jakarta.activation-1.2.2.jar;C:\Users
Launcher Type: SUN_STANDARD

[Global flags]
     intx CICompilerCount                          = 3                                         {product} {ergonomic}
     uint ConcGCThreads                            = 1                                         {product} {ergonomic}
     uint G1ConcRefinementThreads                  = 4                                         {product} {ergonomic}
   size_t G1HeapRegionSize                         = 1048576                                   {product} {ergonomic}
    uintx GCDrainStackTargetSize                   = 64                                        {product} {ergonomic}
   size_t InitialHeapSize                          = 67108864                                  {product} {ergonomic}
   size_t MarkStackSize                            = 4194304                                   {product} {ergonomic}
   size_t MaxHeapSize                              = 1052770304                                {product} {ergonomic}
   size_t MaxNewSize                               = 631242752                                 {product} {ergonomic}
   size_t MinHeapDeltaBytes                        = 1048576                                   {product} {ergonomic}
   size_t MinHeapSize                              = 8388608                                   {product} {ergonomic}
    uintx NonNMethodCodeHeapSize                   = 5832780                                {pd product} {ergonomic}
    uintx NonProfiledCodeHeapSize                  = 122912730                              {pd product} {ergonomic}
    uintx ProfiledCodeHeapSize                     = 122912730                              {pd product} {ergonomic}
    uintx ReservedCodeCacheSize                    = 251658240                              {pd product} {ergonomic}
     bool SegmentedCodeCache                       = true                                      {product} {ergonomic}
     bool ShowCodeDetailsInExceptionMessages       = true                                   {manageable} {command line}
   size_t SoftMaxHeapSize                          = 1052770304                             {manageable} {ergonomic}
     bool UseCompressedClassPointers               = true                           {product lp64_product} {ergonomic}
     bool UseCompressedOops                        = true                           {product lp64_product} {ergonomic}
     bool UseG1GC                                  = true                                      {product} {ergonomic}
     bool UseLargePagesIndividualAllocation        = false                                  {pd product} {ergonomic}

Logging:
Log output configuration:
 #0: stdout all=warning uptime,level,tags
 #1: stderr all=off uptime,level,tags

Environment Variables:
PATH=C:\Program Files\Common Files\Oracle\Java\javapath;C:\Windows\system32;C:\Windows;C:\Windows\System32\Wbem;C:\Windows\System32\WindowsPowerShell\v1.0\;C:\Windows\System32\OpenSSH\;C:\Program Files\nodejs\;C:\Program Files\MySQL\MySQL Server 8.0\bin;C:\Program Files\MySQL\MySQL Shell 8.0\bin\;C:\Users\HP\AppData\Local\Microsoft\WindowsApps;;C:\Users\HP\AppData\Local\Programs\Microsoft VS Code\bin;C:\Users\HP\AppData\Roaming\npm
USERNAME=HP
OS=Windows_NT
PROCESSOR_IDENTIFIER=Intel64 Family 6 Model 78 Stepping 3, GenuineIntel



---------------  S Y S T E M  ---------------

OS:
 Windows 10 , 64 bit Build 19041 (10.0.19041.2364)
OS uptime: 0 days 2:32 hours

CPU: total 4 (initial active 4) (2 cores per cpu, 2 threads per core) family 6 model 78 stepping 3 microcode 0xcc, cx8, cmov, fxsr, ht, mmx, 3dnowpref, sse, sse2, sse3, ssse3, sse4.1, sse4.2, popcnt, lzcnt, tsc, tscinvbit, avx, avx2, aes, erms, clmul, bmi1, bmi2, adx, fma, vzeroupper, clflush, clflushopt

Memory: 4k page, system-wide physical 4012M (364M free)
TotalPageFile size 6060M (AvailPageFile size 1M)
current process WorkingSet (physical memory assigned to process): 95M, peak: 95M
current process commit charge ("private bytes"): 162M, peak: 162M

vm_info: Java HotSpot(TM) 64-Bit Server VM (17.0.4.1+1-LTS-2) for windows-amd64 JRE (17.0.4.1+1-LTS-2), built on Aug 16 2022 18:32:06 by "mach5one" with MS VC++ 16.8 / 16.9 (VS2019)

END.
