#
# There is insufficient memory for the Java Runtime Environment to continue.
# Native memory allocation (malloc) failed to allocate 1144576 bytes for Chunk::new
# Possible reasons:
#   The system is out of physical RAM or swap space
#   The process is running with CompressedOops enabled, and the Java Heap may be blocking the growth of the native heap
# Possible solutions:
#   Reduce memory load on the system
#   Increase physical memory or swap space
#   Check if swap backing store is full
#   Decrease Java heap size (-Xmx/-Xms)
#   Decrease number of Java threads
#   Decrease Java thread stack sizes (-Xss)
#   Set larger code cache with -XX:ReservedCodeCacheSize=
#   JVM is running with Unscaled Compressed Oops mode in which the Java heap is
#     placed in the first 4GB address space. The Java Heap base address is the
#     maximum limit for the native heap growth. Please use -XX:HeapBaseMinAddress
#     to set the Java Heap base and to place the Java Heap above 4GB virtual address.
# This output file may be truncated or incomplete.
#
#  Out of Memory Error (arena.cpp:189), pid=4776, tid=3436
#
# JRE version: Java(TM) SE Runtime Environment (17.0.4.1+1) (build 17.0.4.1+1-LTS-2)
# Java VM: Java HotSpot(TM) 64-Bit Server VM (17.0.4.1+1-LTS-2, mixed mode, sharing, tiered, compressed oops, compressed class ptrs, g1 gc, windows-amd64)
# No core dump will be written. Minidumps are not enabled by default on client versions of Windows
#

---------------  S U M M A R Y ------------

Command Line: -Dfile.encoding=UTF-8 -XX:+ShowCodeDetailsInExceptionMessages com.example.Fullstack.FullstackApplication

Host: Intel(R) Core(TM) i3-6006U CPU @ 2.00GHz, 4 cores, 3G,  Windows 10 , 64 bit Build 19041 (10.0.19041.2364)
Time: Fri Dec 23 14:13:59 2022 India Standard Time elapsed time: 48.117354 seconds (0d 0h 0m 48s)

---------------  T H R E A D  ---------------

Current thread (0x0000019ec96a7930):  JavaThread "C2 CompilerThread0" daemon [_thread_in_native, id=3436, stack(0x0000008c5b300000,0x0000008c5b400000)]


Current CompileTask:
C2:  48117 5578       4       org.springframework.core.ResolvableType::forType (115 bytes)

Stack: [0x0000008c5b300000,0x0000008c5b400000]
Native frames: (J=compiled Java code, j=interpreted, Vv=VM code, C=native code)
V  [jvm.dll+0x6723ba]
V  [jvm.dll+0x7d1e34]
V  [jvm.dll+0x7d35de]
V  [jvm.dll+0x7d3c43]
V  [jvm.dll+0x243065]
V  [jvm.dll+0xaa57b]
V  [jvm.dll+0xaab0c]
V  [jvm.dll+0x2a9dcf]
V  [jvm.dll+0x57a7f7]
V  [jvm.dll+0x21e342]
V  [jvm.dll+0x217ca2]
V  [jvm.dll+0x2154bb]
V  [jvm.dll+0x1a1fcd]
V  [jvm.dll+0x224e08]
V  [jvm.dll+0x222f75]
V  [jvm.dll+0x787a0b]
V  [jvm.dll+0x781fca]
V  [jvm.dll+0x671245]
C  [ucrtbase.dll+0x21bb2]
C  [KERNEL32.DLL+0x17614]
C  [ntdll.dll+0x526a1]


---------------  P R O C E S S  ---------------

Threads class SMR info:
_java_thread_list=0x0000019ecebc1e50, length=31, elements={
0x0000019eae5355b0, 0x0000019eae537a60, 0x0000019eae545d00, 0x0000019eae5486d0,
0x0000019eae549080, 0x0000019ec96a5f80, 0x0000019ec96a7930, 0x0000019ec96a9e10,
0x0000019ec96bafc0, 0x0000019eca163b50, 0x0000019eca16eb70, 0x0000019eca67c010,
0x0000019ecd602f50, 0x0000019ecb5c3980, 0x0000019ecd827030, 0x0000019eca7408a0,
0x0000019eca7403d0, 0x0000019eca741710, 0x0000019eca740d70, 0x0000019ecb5fbdc0,
0x0000019ecb600120, 0x0000019ecb5f88d0, 0x0000019ecb5fe440, 0x0000019ecb5f9270,
0x0000019ecb5fe910, 0x0000019ecb5fede0, 0x0000019ecb5fd5d0, 0x0000019ecb5ff2b0,
0x0000019ecb5ff780, 0x0000019ecb5fc290, 0x0000019ecb5f8da0
}

Java Threads: ( => current thread )
  0x0000019eae5355b0 JavaThread "Reference Handler" daemon [_thread_blocked, id=3068, stack(0x0000008c5ad00000,0x0000008c5ae00000)]
  0x0000019eae537a60 JavaThread "Finalizer" daemon [_thread_blocked, id=5240, stack(0x0000008c5ae00000,0x0000008c5af00000)]
  0x0000019eae545d00 JavaThread "Signal Dispatcher" daemon [_thread_blocked, id=11788, stack(0x0000008c5af00000,0x0000008c5b000000)]
  0x0000019eae5486d0 JavaThread "Attach Listener" daemon [_thread_blocked, id=12108, stack(0x0000008c5b000000,0x0000008c5b100000)]
  0x0000019eae549080 JavaThread "Service Thread" daemon [_thread_blocked, id=10140, stack(0x0000008c5b100000,0x0000008c5b200000)]
  0x0000019ec96a5f80 JavaThread "Monitor Deflation Thread" daemon [_thread_blocked, id=2324, stack(0x0000008c5b200000,0x0000008c5b300000)]
=>0x0000019ec96a7930 JavaThread "C2 CompilerThread0" daemon [_thread_in_native, id=3436, stack(0x0000008c5b300000,0x0000008c5b400000)]
  0x0000019ec96a9e10 JavaThread "C1 CompilerThread0" daemon [_thread_blocked, id=12420, stack(0x0000008c5b400000,0x0000008c5b500000)]
  0x0000019ec96bafc0 JavaThread "Sweeper thread" daemon [_thread_blocked, id=14220, stack(0x0000008c5b500000,0x0000008c5b600000)]
  0x0000019eca163b50 JavaThread "Notification Thread" daemon [_thread_blocked, id=5660, stack(0x0000008c5b600000,0x0000008c5b700000)]
  0x0000019eca16eb70 JavaThread "Common-Cleaner" daemon [_thread_blocked, id=12920, stack(0x0000008c5b800000,0x0000008c5b900000)]
  0x0000019eca67c010 JavaThread "Catalina-utility-1" [_thread_blocked, id=2880, stack(0x0000008c5c000000,0x0000008c5c100000)]
  0x0000019ecd602f50 JavaThread "Catalina-utility-2" [_thread_blocked, id=10584, stack(0x0000008c5c100000,0x0000008c5c200000)]
  0x0000019ecb5c3980 JavaThread "container-0" [_thread_blocked, id=7616, stack(0x0000008c5c200000,0x0000008c5c300000)]
  0x0000019ecd827030 JavaThread "mysql-cj-abandoned-connection-cleanup" daemon [_thread_blocked, id=6012, stack(0x0000008c5c300000,0x0000008c5c400000)]
  0x0000019eca7408a0 JavaThread "HikariPool-1 housekeeper" daemon [_thread_blocked, id=6780, stack(0x0000008c5c500000,0x0000008c5c600000)]
  0x0000019eca7403d0 JavaThread "File Watcher" daemon [_thread_blocked, id=11880, stack(0x0000008c5c700000,0x0000008c5c800000)]
  0x0000019eca741710 JavaThread "Live Reload Server" daemon [_thread_in_native, id=13108, stack(0x0000008c5c900000,0x0000008c5ca00000)]
  0x0000019eca740d70 JavaThread "http-nio-8080-exec-1" daemon [_thread_blocked, id=13416, stack(0x0000008c5c800000,0x0000008c5c900000)]
  0x0000019ecb5fbdc0 JavaThread "http-nio-8080-exec-2" daemon [_thread_blocked, id=13068, stack(0x0000008c5ca00000,0x0000008c5cb00000)]
  0x0000019ecb600120 JavaThread "http-nio-8080-exec-3" daemon [_thread_blocked, id=1472, stack(0x0000008c5cb00000,0x0000008c5cc00000)]
  0x0000019ecb5f88d0 JavaThread "http-nio-8080-exec-4" daemon [_thread_blocked, id=4076, stack(0x0000008c5cc00000,0x0000008c5cd00000)]
  0x0000019ecb5fe440 JavaThread "http-nio-8080-exec-5" daemon [_thread_blocked, id=32, stack(0x0000008c5cd00000,0x0000008c5ce00000)]
  0x0000019ecb5f9270 JavaThread "http-nio-8080-exec-6" daemon [_thread_blocked, id=6968, stack(0x0000008c5ce00000,0x0000008c5cf00000)]
  0x0000019ecb5fe910 JavaThread "http-nio-8080-exec-7" daemon [_thread_blocked, id=9292, stack(0x0000008c5cf00000,0x0000008c5d000000)]
  0x0000019ecb5fede0 JavaThread "http-nio-8080-exec-8" daemon [_thread_blocked, id=7316, stack(0x0000008c5d000000,0x0000008c5d100000)]
  0x0000019ecb5fd5d0 JavaThread "http-nio-8080-exec-9" daemon [_thread_blocked, id=6636, stack(0x0000008c5d100000,0x0000008c5d200000)]
  0x0000019ecb5ff2b0 JavaThread "http-nio-8080-exec-10" daemon [_thread_blocked, id=2620, stack(0x0000008c5d200000,0x0000008c5d300000)]
  0x0000019ecb5ff780 JavaThread "http-nio-8080-Poller" daemon [_thread_in_native, id=12932, stack(0x0000008c5d300000,0x0000008c5d400000)]
  0x0000019ecb5fc290 JavaThread "http-nio-8080-Acceptor" daemon [_thread_in_native, id=2356, stack(0x0000008c5d400000,0x0000008c5d500000)]
  0x0000019ecb5f8da0 JavaThread "DestroyJavaVM" [_thread_blocked, id=12504, stack(0x0000008c5a600000,0x0000008c5a700000)]

Other Threads:
  0x0000019eae52f970 VMThread "VM Thread" [stack: 0x0000008c5ac00000,0x0000008c5ad00000] [id=4792]
  0x0000019eca166030 WatcherThread [stack: 0x0000008c5b700000,0x0000008c5b800000] [id=520]
  0x0000019eae4b2280 GCTaskThread "GC Thread#0" [stack: 0x0000008c5a700000,0x0000008c5a800000] [id=2288]
  0x0000019eca4c9630 GCTaskThread "GC Thread#1" [stack: 0x0000008c5b900000,0x0000008c5ba00000] [id=8904]
  0x0000019eca4c9e40 GCTaskThread "GC Thread#2" [stack: 0x0000008c5ba00000,0x0000008c5bb00000] [id=5984]
  0x0000019eca4c9b90 GCTaskThread "GC Thread#3" [stack: 0x0000008c5bb00000,0x0000008c5bc00000] [id=6576]
  0x0000019eae4bb6e0 ConcurrentGCThread "G1 Main Marker" [stack: 0x0000008c5a800000,0x0000008c5a900000] [id=10536]
  0x0000019eae4c1110 ConcurrentGCThread "G1 Conc#0" [stack: 0x0000008c5a900000,0x0000008c5aa00000] [id=12876]
  0x0000019eae50d4c0 ConcurrentGCThread "G1 Refine#0" [stack: 0x0000008c5aa00000,0x0000008c5ab00000] [id=7820]
  0x0000019ecaae1600 ConcurrentGCThread "G1 Refine#1" [stack: 0x0000008c5bc00000,0x0000008c5bd00000] [id=7220]
  0x0000019eae50dee0 ConcurrentGCThread "G1 Service" [stack: 0x0000008c5ab00000,0x0000008c5ac00000] [id=11548]

Threads with active compile tasks:
C2 CompilerThread0    48217 5578       4       org.springframework.core.ResolvableType::forType (115 bytes)

VM state: not at safepoint (normal execution)

VM Mutex/Monitor currently owned by a thread: None

Heap address: 0x00000000c1400000, size: 1004 MB, Compressed Oops mode: 32-bit

CDS archive(s) mapped at: [0x0000000800000000-0x0000000800bc0000-0x0000000800bc0000), size 12320768, SharedBaseAddress: 0x0000000800000000, ArchiveRelocationMode: 0.
Compressed class space mapped at: 0x0000000800c00000-0x0000000840c00000, reserved size: 1073741824
Narrow klass base: 0x0000000800000000, Narrow klass shift: 0, Narrow klass range: 0x100000000

GC Precious Log:
 CPUs: 4 total, 4 available
 Memory: 4012M
 Large Page Support: Disabled
 NUMA Support: Disabled
 Compressed Oops: Enabled (32-bit)
 Heap Region Size: 1M
 Heap Min Capacity: 8M
 Heap Initial Capacity: 64M
 Heap Max Capacity: 1004M
 Pre-touch: Disabled
 Parallel Workers: 4
 Concurrent Workers: 1
 Concurrent Refinement Workers: 4
 Periodic GC: Disabled

Heap:
 garbage-first heap   total 50176K, used 28215K [0x00000000c1400000, 0x0000000100000000)
  region size 1024K, 3 young (3072K), 2 survivors (2048K)
 Metaspace       used 60817K, committed 61248K, reserved 1105920K
  class space    used 8057K, committed 8256K, reserved 1048576K

Heap Regions: E=young(eden), S=young(survivor), O=old, HS=humongous(starts), HC=humongous(continues), CS=collection set, F=free, OA=open archive, CA=closed archive, TAMS=top-at-mark-start (previous, next)
|   0|0x00000000c1400000, 0x00000000c1500000, 0x00000000c1500000|100%|HS|  |TAMS 0x00000000c1500000, 0x00000000c1400000| Complete 
|   1|0x00000000c1500000, 0x00000000c1600000, 0x00000000c1600000|100%| O|  |TAMS 0x00000000c1600000, 0x00000000c1500000| Untracked 
|   2|0x00000000c1600000, 0x00000000c1700000, 0x00000000c1700000|100%| O|  |TAMS 0x00000000c1700000, 0x00000000c1600000| Untracked 
|   3|0x00000000c1700000, 0x00000000c1800000, 0x00000000c1800000|100%| O|  |TAMS 0x00000000c1800000, 0x00000000c1700000| Untracked 
|   4|0x00000000c1800000, 0x00000000c1900000, 0x00000000c1900000|100%| O|  |TAMS 0x00000000c1900000, 0x00000000c1800000| Untracked 
|   5|0x00000000c1900000, 0x00000000c1a00000, 0x00000000c1a00000|100%| O|  |TAMS 0x00000000c1a00000, 0x00000000c1900000| Untracked 
|   6|0x00000000c1a00000, 0x00000000c1b00000, 0x00000000c1b00000|100%| O|  |TAMS 0x00000000c1b00000, 0x00000000c1a00000| Untracked 
|   7|0x00000000c1b00000, 0x00000000c1c00000, 0x00000000c1c00000|100%| O|  |TAMS 0x00000000c1c00000, 0x00000000c1b00000| Untracked 
|   8|0x00000000c1c00000, 0x00000000c1c00000, 0x00000000c1d00000|  0%| F|  |TAMS 0x00000000c1c00000, 0x00000000c1c00000| Untracked 
|   9|0x00000000c1d00000, 0x00000000c1e00000, 0x00000000c1e00000|100%| O|  |TAMS 0x00000000c1e00000, 0x00000000c1d00000| Untracked 
|  10|0x00000000c1e00000, 0x00000000c1f00000, 0x00000000c1f00000|100%| O|  |TAMS 0x00000000c1f00000, 0x00000000c1e00000| Untracked 
|  11|0x00000000c1f00000, 0x00000000c2000000, 0x00000000c2000000|100%| O|  |TAMS 0x00000000c2000000, 0x00000000c1f00000| Complete 
|  12|0x00000000c2000000, 0x00000000c2100000, 0x00000000c2100000|100%| O|  |TAMS 0x00000000c2100000, 0x00000000c2000000| Untracked 
|  13|0x00000000c2100000, 0x00000000c2200000, 0x00000000c2200000|100%| O|  |TAMS 0x00000000c2200000, 0x00000000c2100000| Untracked 
|  14|0x00000000c2200000, 0x00000000c2300000, 0x00000000c2300000|100%| O|  |TAMS 0x00000000c2300000, 0x00000000c2200000| Untracked 
|  15|0x00000000c2300000, 0x00000000c2400000, 0x00000000c2400000|100%| O|  |TAMS 0x00000000c2400000, 0x00000000c2300000| Untracked 
|  16|0x00000000c2400000, 0x00000000c2500000, 0x00000000c2500000|100%| O|  |TAMS 0x00000000c2500000, 0x00000000c2400000| Untracked 
|  17|0x00000000c2500000, 0x00000000c2600000, 0x00000000c2600000|100%| O|  |TAMS 0x00000000c2600000, 0x00000000c2500000| Untracked 
|  18|0x00000000c2600000, 0x00000000c2700000, 0x00000000c2700000|100%| O|  |TAMS 0x00000000c2700000, 0x00000000c2600000| Untracked 
|  19|0x00000000c2700000, 0x00000000c2800000, 0x00000000c2800000|100%| O|  |TAMS 0x00000000c2800000, 0x00000000c2700000| Untracked 
|  20|0x00000000c2800000, 0x00000000c2900000, 0x00000000c2900000|100%| O|  |TAMS 0x00000000c2900000, 0x00000000c2800000| Untracked 
|  21|0x00000000c2900000, 0x00000000c2a00000, 0x00000000c2a00000|100%| O|  |TAMS 0x00000000c2a00000, 0x00000000c2900000| Untracked 
|  22|0x00000000c2a00000, 0x00000000c2b00000, 0x00000000c2b00000|100%| O|  |TAMS 0x00000000c2b00000, 0x00000000c2a00000| Untracked 
|  23|0x00000000c2b00000, 0x00000000c2c00000, 0x00000000c2c00000|100%| O|  |TAMS 0x00000000c2c00000, 0x00000000c2b00000| Untracked 
|  24|0x00000000c2c00000, 0x00000000c2d00000, 0x00000000c2d00000|100%| O|  |TAMS 0x00000000c2d00000, 0x00000000c2c00000| Untracked 
|  25|0x00000000c2d00000, 0x00000000c2e00000, 0x00000000c2e00000|100%| O|  |TAMS 0x00000000c2e00000, 0x00000000c2d00000| Untracked 
|  26|0x00000000c2e00000, 0x00000000c2f00000, 0x00000000c2f00000|100%| O|  |TAMS 0x00000000c2f00000, 0x00000000c2e00000| Untracked 
|  27|0x00000000c2f00000, 0x00000000c2f00000, 0x00000000c3000000|  0%| F|  |TAMS 0x00000000c2f00000, 0x00000000c2f00000| Untracked 
|  28|0x00000000c3000000, 0x00000000c3000000, 0x00000000c3100000|  0%| F|  |TAMS 0x00000000c3000000, 0x00000000c3000000| Untracked 
|  29|0x00000000c3100000, 0x00000000c3100000, 0x00000000c3200000|  0%| F|  |TAMS 0x00000000c3100000, 0x00000000c3100000| Untracked 
|  30|0x00000000c3200000, 0x00000000c3200000, 0x00000000c3300000|  0%| F|  |TAMS 0x00000000c3200000, 0x00000000c3200000| Untracked 
|  31|0x00000000c3300000, 0x00000000c3300000, 0x00000000c3400000|  0%| F|  |TAMS 0x00000000c3300000, 0x00000000c3300000| Untracked 
|  32|0x00000000c3400000, 0x00000000c3400000, 0x00000000c3500000|  0%| F|  |TAMS 0x00000000c3400000, 0x00000000c3400000| Untracked 
|  33|0x00000000c3500000, 0x00000000c358de90, 0x00000000c3600000| 55%| S|CS|TAMS 0x00000000c3500000, 0x00000000c3500000| Complete 
|  34|0x00000000c3600000, 0x00000000c3700000, 0x00000000c3700000|100%| S|CS|TAMS 0x00000000c3600000, 0x00000000c3600000| Complete 
|  35|0x00000000c3700000, 0x00000000c3700000, 0x00000000c3800000|  0%| F|  |TAMS 0x00000000c3700000, 0x00000000c3700000| Untracked 
|  36|0x00000000c3800000, 0x00000000c3800000, 0x00000000c3900000|  0%| F|  |TAMS 0x00000000c3800000, 0x00000000c3800000| Untracked 
|  37|0x00000000c3900000, 0x00000000c3900000, 0x00000000c3a00000|  0%| F|  |TAMS 0x00000000c3900000, 0x00000000c3900000| Untracked 
|  38|0x00000000c3a00000, 0x00000000c3a00000, 0x00000000c3b00000|  0%| F|  |TAMS 0x00000000c3a00000, 0x00000000c3a00000| Untracked 
|  39|0x00000000c3b00000, 0x00000000c3b00000, 0x00000000c3c00000|  0%| F|  |TAMS 0x00000000c3b00000, 0x00000000c3b00000| Untracked 
|  40|0x00000000c3c00000, 0x00000000c3c00000, 0x00000000c3d00000|  0%| F|  |TAMS 0x00000000c3c00000, 0x00000000c3c00000| Untracked 
|  41|0x00000000c3d00000, 0x00000000c3d00000, 0x00000000c3e00000|  0%| F|  |TAMS 0x00000000c3d00000, 0x00000000c3d00000| Untracked 
|  42|0x00000000c3e00000, 0x00000000c3e00000, 0x00000000c3f00000|  0%| F|  |TAMS 0x00000000c3e00000, 0x00000000c3e00000| Untracked 
|  43|0x00000000c3f00000, 0x00000000c3f00000, 0x00000000c4000000|  0%| F|  |TAMS 0x00000000c3f00000, 0x00000000c3f00000| Untracked 
|  44|0x00000000c4000000, 0x00000000c4000000, 0x00000000c4100000|  0%| F|  |TAMS 0x00000000c4000000, 0x00000000c4000000| Untracked 
|  45|0x00000000c4100000, 0x00000000c4100000, 0x00000000c4200000|  0%| F|  |TAMS 0x00000000c4100000, 0x00000000c4100000| Untracked 
|  46|0x00000000c4200000, 0x00000000c4200000, 0x00000000c4300000|  0%| F|  |TAMS 0x00000000c4200000, 0x00000000c4200000| Untracked 
|  47|0x00000000c4300000, 0x00000000c4300000, 0x00000000c4400000|  0%| F|  |TAMS 0x00000000c4300000, 0x00000000c4300000| Untracked 
|  63|0x00000000c5300000, 0x00000000c5336798, 0x00000000c5400000| 21%| E|  |TAMS 0x00000000c5300000, 0x00000000c5300000| Complete 

Card table byte_map: [0x0000019ec4ef0000,0x0000019ec50f0000] _byte_map_base: 0x0000019ec48e6000

Marking Bits (Prev, Next): (CMBitMap*) 0x0000019eae4b28d0, (CMBitMap*) 0x0000019eae4b2890
 Prev Bits: [0x0000019ec62a0000, 0x0000019ec7250000)
 Next Bits: [0x0000019ec52f0000, 0x0000019ec62a0000)

Polling page: 0x0000019eadc50000

Metaspace:

Usage:
  Non-class:     51.52 MB used.
      Class:      7.87 MB used.
       Both:     59.39 MB used.

Virtual space:
  Non-class space:       56.00 MB reserved,      51.75 MB ( 92%) committed,  7 nodes.
      Class space:        1.00 GB reserved,       8.06 MB ( <1%) committed,  1 nodes.
             Both:        1.05 GB reserved,      59.81 MB (  6%) committed. 

Chunk freelists:
   Non-Class:  253.00 KB
       Class:  3.94 MB
        Both:  4.18 MB

MaxMetaspaceSize: unlimited
CompressedClassSpaceSize: 1.00 GB
Initial GC threshold: 21.00 MB
Current GC threshold: 99.69 MB
CDS: on
MetaspaceReclaimPolicy: balanced
 - commit_granule_bytes: 65536.
 - commit_granule_words: 8192.
 - virtual_space_node_default_size: 1048576.
 - enlarge_chunks_in_place: 1.
 - new_chunks_are_fully_committed: 0.
 - uncommit_free_chunks: 1.
 - use_allocation_guard: 0.
 - handle_deallocations: 1.


Internal statistics:

num_allocs_failed_limit: 9.
num_arena_births: 344.
num_arena_deaths: 0.
num_vsnodes_births: 8.
num_vsnodes_deaths: 0.
num_space_committed: 957.
num_space_uncommitted: 0.
num_chunks_returned_to_freelist: 9.
num_chunks_taken_from_freelist: 2394.
num_chunk_merges: 3.
num_chunk_splits: 1767.
num_chunks_enlarged: 1462.
num_purges: 0.
num_inconsistent_stats: 0.

CodeHeap 'non-profiled nmethods': size=120000Kb used=2898Kb max_used=2919Kb free=117101Kb
 bounds [0x0000019ebd7c0000, 0x0000019ebdab0000, 0x0000019ec4cf0000]
CodeHeap 'profiled nmethods': size=120000Kb used=9765Kb max_used=10646Kb free=110234Kb
 bounds [0x0000019eb6290000, 0x0000019eb6d00000, 0x0000019ebd7c0000]
CodeHeap 'non-nmethods': size=5760Kb used=1346Kb max_used=1398Kb free=4413Kb
 bounds [0x0000019eb5cf0000, 0x0000019eb5f60000, 0x0000019eb6290000]
 total_blobs=5456 nmethods=4779 adapters=589
 compilation: enabled
              stopped_count=0, restarted_count=0
 full_count=0

Compilation events (20 events):
Event: 47.756 Thread 0x0000019ec96a9e10 nmethod 5571 0x0000019eb6b25a10 code [0x0000019eb6b25c40, 0x0000019eb6b26718]
Event: 47.756 Thread 0x0000019ec96a9e10 5574       3       java.lang.StringUTF16::compress (20 bytes)
Event: 47.757 Thread 0x0000019ec96a9e10 nmethod 5574 0x0000019eb63bd190 code [0x0000019eb63bd340, 0x0000019eb63bd588]
Event: 47.757 Thread 0x0000019ec96a9e10 5572       3       org.thymeleaf.engine.ElementDefinitions::forName (149 bytes)
Event: 47.760 Thread 0x0000019ec96a9e10 nmethod 5572 0x0000019eb62b4210 code [0x0000019eb62b46c0, 0x0000019eb62b68f8]
Event: 47.760 Thread 0x0000019ec96a9e10 5575   !   3       org.attoparser.HtmlElements$HtmlElementRepository::getElement (156 bytes)
Event: 47.761 Thread 0x0000019ec96a7930 5576       4       java.lang.reflect.Method::isBridge (16 bytes)
Event: 47.761 Thread 0x0000019ec96a9e10 nmethod 5575 0x0000019eb6b24a10 code [0x0000019eb6b24c80, 0x0000019eb6b25478]
Event: 47.761 Thread 0x0000019ec96a9e10 5573       3       org.thymeleaf.engine.ElementDefinitions::forHTMLName (33 bytes)
Event: 47.762 Thread 0x0000019ec96a7930 nmethod 5576 0x0000019ebd9c1190 code [0x0000019ebd9c1300, 0x0000019ebd9c1398]
Event: 47.762 Thread 0x0000019ec96a7930 5577       4       jdk.internal.reflect.ClassFileAssembler::cpi (22 bytes)
Event: 47.762 Thread 0x0000019ec96a9e10 nmethod 5573 0x0000019eb62b3a10 code [0x0000019eb62b3be0, 0x0000019eb62b4058]
Event: 47.763 Thread 0x0000019ec96a7930 nmethod 5577 0x0000019ebd9c0e90 code [0x0000019ebd9c1000, 0x0000019ebd9c1098]
Event: 47.763 Thread 0x0000019ec96a7930 5578       4       org.springframework.core.ResolvableType::forType (115 bytes)
Event: 47.764 Thread 0x0000019ec96a9e10 5579       3       java.lang.String::getChars (54 bytes)
Event: 47.764 Thread 0x0000019ec96a9e10 nmethod 5579 0x0000019eb6a05810 code [0x0000019eb6a05a00, 0x0000019eb6a05e78]
Event: 47.764 Thread 0x0000019ec96a9e10 5580       1       org.thymeleaf.DialectSetConfiguration::getExecutionAttributes (5 bytes)
Event: 47.765 Thread 0x0000019ec96a9e10 nmethod 5580 0x0000019ebd9c0b90 code [0x0000019ebd9c0d20, 0x0000019ebd9c0df8]
Event: 47.767 Thread 0x0000019ec96a9e10 5583       3       org.hibernate.internal.SessionFactoryImpl::isClosed (16 bytes)
Event: 47.767 Thread 0x0000019ec96a9e10 nmethod 5583 0x0000019eb62b7890 code [0x0000019eb62b7a20, 0x0000019eb62b7b98]

GC Heap History (20 events):
Event: 12.577 GC heap before
{Heap before GC invocations=8 (full 0):
 garbage-first heap   total 48128K, used 30795K [0x00000000c1400000, 0x0000000100000000)
  region size 1024K, 18 young (18432K), 2 survivors (2048K)
 Metaspace       used 35869K, committed 36096K, reserved 1081344K
  class space    used 4692K, committed 4800K, reserved 1048576K
}
Event: 12.585 GC heap after
{Heap after GC invocations=9 (full 0):
 garbage-first heap   total 48128K, used 18071K [0x00000000c1400000, 0x0000000100000000)
  region size 1024K, 3 young (3072K), 3 survivors (3072K)
 Metaspace       used 35869K, committed 36096K, reserved 1081344K
  class space    used 4692K, committed 4800K, reserved 1048576K
}
Event: 13.851 GC heap before
{Heap before GC invocations=10 (full 0):
 garbage-first heap   total 48128K, used 35479K [0x00000000c1400000, 0x0000000100000000)
  region size 1024K, 20 young (20480K), 3 survivors (3072K)
 Metaspace       used 40467K, committed 40768K, reserved 1089536K
  class space    used 5267K, committed 5440K, reserved 1048576K
}
Event: 13.860 GC heap after
{Heap after GC invocations=11 (full 0):
 garbage-first heap   total 48128K, used 19183K [0x00000000c1400000, 0x0000000100000000)
  region size 1024K, 3 young (3072K), 3 survivors (3072K)
 Metaspace       used 40467K, committed 40768K, reserved 1089536K
  class space    used 5267K, committed 5440K, reserved 1048576K
}
Event: 14.975 GC heap before
{Heap before GC invocations=12 (full 0):
 garbage-first heap   total 48128K, used 34543K [0x00000000c1400000, 0x0000000100000000)
  region size 1024K, 19 young (19456K), 3 survivors (3072K)
 Metaspace       used 44939K, committed 45312K, reserved 1089536K
  class space    used 5896K, committed 6080K, reserved 1048576K
}
Event: 14.983 GC heap after
{Heap after GC invocations=13 (full 0):
 garbage-first heap   total 48128K, used 20268K [0x00000000c1400000, 0x0000000100000000)
  region size 1024K, 3 young (3072K), 3 survivors (3072K)
 Metaspace       used 44939K, committed 45312K, reserved 1089536K
  class space    used 5896K, committed 6080K, reserved 1048576K
}
Event: 16.260 GC heap before
{Heap before GC invocations=13 (full 0):
 garbage-first heap   total 48128K, used 35628K [0x00000000c1400000, 0x0000000100000000)
  region size 1024K, 18 young (18432K), 3 survivors (3072K)
 Metaspace       used 48443K, committed 48704K, reserved 1097728K
  class space    used 6444K, committed 6592K, reserved 1048576K
}
Event: 16.270 GC heap after
{Heap after GC invocations=14 (full 0):
 garbage-first heap   total 48128K, used 21435K [0x00000000c1400000, 0x0000000100000000)
  region size 1024K, 3 young (3072K), 3 survivors (3072K)
 Metaspace       used 48443K, committed 48704K, reserved 1097728K
  class space    used 6444K, committed 6592K, reserved 1048576K
}
Event: 16.962 GC heap before
{Heap before GC invocations=14 (full 0):
 garbage-first heap   total 48128K, used 36795K [0x00000000c1400000, 0x0000000100000000)
  region size 1024K, 18 young (18432K), 3 survivors (3072K)
 Metaspace       used 50809K, committed 51072K, reserved 1097728K
  class space    used 6776K, committed 6912K, reserved 1048576K
}
Event: 16.970 GC heap after
{Heap after GC invocations=15 (full 0):
 garbage-first heap   total 48128K, used 22431K [0x00000000c1400000, 0x0000000100000000)
  region size 1024K, 3 young (3072K), 3 survivors (3072K)
 Metaspace       used 50809K, committed 51072K, reserved 1097728K
  class space    used 6776K, committed 6912K, reserved 1048576K
}
Event: 17.834 GC heap before
{Heap before GC invocations=15 (full 0):
 garbage-first heap   total 48128K, used 36767K [0x00000000c1400000, 0x0000000100000000)
  region size 1024K, 17 young (17408K), 3 survivors (3072K)
 Metaspace       used 52654K, committed 52928K, reserved 1097728K
  class space    used 7029K, committed 7168K, reserved 1048576K
}
Event: 17.843 GC heap after
{Heap after GC invocations=16 (full 0):
 garbage-first heap   total 48128K, used 23892K [0x00000000c1400000, 0x0000000100000000)
  region size 1024K, 3 young (3072K), 3 survivors (3072K)
 Metaspace       used 52654K, committed 52928K, reserved 1097728K
  class space    used 7029K, committed 7168K, reserved 1048576K
}
Event: 20.156 GC heap before
{Heap before GC invocations=16 (full 0):
 garbage-first heap   total 48128K, used 37204K [0x00000000c1400000, 0x0000000100000000)
  region size 1024K, 16 young (16384K), 3 survivors (3072K)
 Metaspace       used 54949K, committed 55296K, reserved 1097728K
  class space    used 7312K, committed 7488K, reserved 1048576K
}
Event: 20.175 GC heap after
{Heap after GC invocations=17 (full 0):
 garbage-first heap   total 48128K, used 25218K [0x00000000c1400000, 0x0000000100000000)
  region size 1024K, 2 young (2048K), 2 survivors (2048K)
 Metaspace       used 54949K, committed 55296K, reserved 1097728K
  class space    used 7312K, committed 7488K, reserved 1048576K
}
Event: 22.169 GC heap before
{Heap before GC invocations=18 (full 0):
 garbage-first heap   total 48128K, used 37506K [0x00000000c1400000, 0x0000000100000000)
  region size 1024K, 14 young (14336K), 2 survivors (2048K)
 Metaspace       used 58200K, committed 58560K, reserved 1105920K
  class space    used 7746K, committed 7936K, reserved 1048576K
}
Event: 22.179 GC heap after
{Heap after GC invocations=19 (full 0):
 garbage-first heap   total 48128K, used 26618K [0x00000000c1400000, 0x0000000100000000)
  region size 1024K, 2 young (2048K), 2 survivors (2048K)
 Metaspace       used 58200K, committed 58560K, reserved 1105920K
  class space    used 7746K, committed 7936K, reserved 1048576K
}
Event: 22.246 GC heap before
{Heap before GC invocations=19 (full 0):
 garbage-first heap   total 48128K, used 26618K [0x00000000c1400000, 0x0000000100000000)
  region size 1024K, 3 young (3072K), 2 survivors (2048K)
 Metaspace       used 58320K, committed 58688K, reserved 1105920K
  class space    used 7757K, committed 7936K, reserved 1048576K
}
Event: 22.250 GC heap after
{Heap after GC invocations=20 (full 0):
 garbage-first heap   total 48128K, used 27459K [0x00000000c1400000, 0x0000000100000000)
  region size 1024K, 1 young (1024K), 1 survivors (1024K)
 Metaspace       used 58320K, committed 58688K, reserved 1105920K
  class space    used 7757K, committed 7936K, reserved 1048576K
}
Event: 47.729 GC heap before
{Heap before GC invocations=20 (full 0):
 garbage-first heap   total 48128K, used 38723K [0x00000000c1400000, 0x0000000100000000)
  region size 1024K, 12 young (12288K), 1 survivors (1024K)
 Metaspace       used 60801K, committed 61120K, reserved 1105920K
  class space    used 8056K, committed 8192K, reserved 1048576K
}
Event: 47.733 GC heap after
{Heap after GC invocations=21 (full 0):
 garbage-first heap   total 48128K, used 28215K [0x00000000c1400000, 0x0000000100000000)
  region size 1024K, 2 young (2048K), 2 survivors (2048K)
 Metaspace       used 60801K, committed 61120K, reserved 1105920K
  class space    used 8056K, committed 8192K, reserved 1048576K
}

Deoptimization events (20 events):
Event: 43.939 Thread 0x0000019ecb5fede0 DEOPT PACKING pc=0x0000019ebd8f07cc sp=0x0000008c5d0fcb00
Event: 43.939 Thread 0x0000019ecb5fede0 DEOPT UNPACKING pc=0x0000019eb5d423a3 sp=0x0000008c5d0fca08 mode 2
Event: 43.982 Thread 0x0000019ecb5fede0 Uncommon trap: trap_request=0xffffff45 fr.pc=0x0000019ebd86709c relative=0x00000000000003fc
Event: 43.982 Thread 0x0000019ecb5fede0 Uncommon trap: reason=unstable_if action=reinterpret pc=0x0000019ebd86709c method=java.lang.StringUTF16.compress([CII)[B @ 13 c2
Event: 43.982 Thread 0x0000019ecb5fede0 DEOPT PACKING pc=0x0000019ebd86709c sp=0x0000008c5d0fcf40
Event: 43.982 Thread 0x0000019ecb5fede0 DEOPT UNPACKING pc=0x0000019eb5d423a3 sp=0x0000008c5d0fce80 mode 2
Event: 43.993 Thread 0x0000019ecb5fede0 Uncommon trap: trap_request=0xffffff45 fr.pc=0x0000019ebd8acda4 relative=0x0000000000000104
Event: 43.993 Thread 0x0000019ecb5fede0 Uncommon trap: reason=unstable_if action=reinterpret pc=0x0000019ebd8acda4 method=org.springframework.util.ObjectUtils.nullSafeEquals(Ljava/lang/Object;Ljava/lang/Object;)Z @ 12 c2
Event: 43.993 Thread 0x0000019ecb5fede0 DEOPT PACKING pc=0x0000019ebd8acda4 sp=0x0000008c5d0fbf70
Event: 43.993 Thread 0x0000019ecb5fede0 DEOPT UNPACKING pc=0x0000019eb5d423a3 sp=0x0000008c5d0fbf10 mode 2
Event: 47.716 Thread 0x0000019ecb600120 Uncommon trap: trap_request=0xffffff45 fr.pc=0x0000019ebd973f84 relative=0x00000000000001e4
Event: 47.716 Thread 0x0000019ecb600120 Uncommon trap: reason=unstable_if action=reinterpret pc=0x0000019ebd973f84 method=java.util.HashMap.getNode(Ljava/lang/Object;)Ljava/util/HashMap$Node; @ 66 c2
Event: 47.716 Thread 0x0000019ecb600120 DEOPT PACKING pc=0x0000019ebd973f84 sp=0x0000008c5cbfcae0
Event: 47.716 Thread 0x0000019ecb600120 DEOPT UNPACKING pc=0x0000019eb5d423a3 sp=0x0000008c5cbfca60 mode 2
Event: 47.734 Thread 0x0000019ecb600120 DEOPT PACKING pc=0x0000019eb6b90ac2 sp=0x0000008c5cbf9cb0
Event: 47.734 Thread 0x0000019ecb600120 DEOPT UNPACKING pc=0x0000019eb5d42b43 sp=0x0000008c5cbf9170 mode 0
Event: 47.755 Thread 0x0000019ecb600120 Uncommon trap: trap_request=0xffffff45 fr.pc=0x0000019ebd8669bc relative=0x000000000000021c
Event: 47.755 Thread 0x0000019ecb600120 Uncommon trap: reason=unstable_if action=reinterpret pc=0x0000019ebd8669bc method=java.lang.StringUTF16.compress([CII)[B @ 13 c2
Event: 47.755 Thread 0x0000019ecb600120 DEOPT PACKING pc=0x0000019ebd8669bc sp=0x0000008c5cbfcf50
Event: 47.755 Thread 0x0000019ecb600120 DEOPT UNPACKING pc=0x0000019eb5d423a3 sp=0x0000008c5cbfced8 mode 2

Classes unloaded (0 events):
No events

Classes redefined (0 events):
No events

Internal exceptions (20 events):
Event: 17.023 Thread 0x0000019ecae8a080 Exception <a 'java/lang/ClassNotFoundException'{0x00000000c53fe020}: org/springframework/boot/autoconfigure/web/servlet/WebMvcAutoConfiguration$EnableWebMvcConfigurationCustomizer> (0x00000000c53fe020) 
thrown [s\open\src\hotspot\share\classfile\systemDictionary.cpp, line 256]
Event: 17.024 Thread 0x0000019ecae8a080 Exception <a 'java/lang/ClassNotFoundException'{0x00000000c4110500}: org/springframework/context/ResourceLoaderAwareCustomizer> (0x00000000c4110500) 
thrown [s\open\src\hotspot\share\classfile\systemDictionary.cpp, line 256]
Event: 17.025 Thread 0x0000019ecae8a080 Exception <a 'java/lang/ClassNotFoundException'{0x00000000c41152c0}: org/springframework/beans/factory/AwareCustomizer> (0x00000000c41152c0) 
thrown [s\open\src\hotspot\share\classfile\systemDictionary.cpp, line 256]
Event: 17.025 Thread 0x0000019ecae8a080 Exception <a 'java/lang/ClassNotFoundException'{0x00000000c41194b0}: org/springframework/context/ApplicationContextAwareCustomizer> (0x00000000c41194b0) 
thrown [s\open\src\hotspot\share\classfile\systemDictionary.cpp, line 256]
Event: 17.026 Thread 0x0000019ecae8a080 Exception <a 'java/lang/ClassNotFoundException'{0x00000000c411ed60}: org/springframework/beans/factory/AwareCustomizer> (0x00000000c411ed60) 
thrown [s\open\src\hotspot\share\classfile\systemDictionary.cpp, line 256]
Event: 17.027 Thread 0x0000019ecae8a080 Exception <a 'java/lang/ClassNotFoundException'{0x00000000c4122f28}: org/springframework/web/context/ServletContextAwareCustomizer> (0x00000000c4122f28) 
thrown [s\open\src\hotspot\share\classfile\systemDictionary.cpp, line 256]
Event: 17.028 Thread 0x0000019ecae8a080 Exception <a 'java/lang/ClassNotFoundException'{0x00000000c4128120}: org/springframework/beans/factory/AwareCustomizer> (0x00000000c4128120) 
thrown [s\open\src\hotspot\share\classfile\systemDictionary.cpp, line 256]
Event: 17.468 Thread 0x0000019ecae8a080 Exception <a 'java/lang/NoSuchMethodError'{0x00000000c3b8acc8}: 'void java.lang.invoke.DirectMethodHandle$Holder.invokeVirtual(java.lang.Object, java.lang.Object, int)'> (0x00000000c3b8acc8) 
thrown [s\open\src\hotspot\share\interpreter\linkResolver.cpp, line 759]
Event: 17.475 Thread 0x0000019ecae8a080 Exception <a 'java/lang/NoSuchMethodError'{0x00000000c3ba5678}: 'void java.lang.invoke.DirectMethodHandle$Holder.invokeVirtual(java.lang.Object, java.lang.Object, long)'> (0x00000000c3ba5678) 
thrown [s\open\src\hotspot\share\interpreter\linkResolver.cpp, line 759]
Event: 17.792 Thread 0x0000019ecae8a080 Exception <a 'java/lang/IncompatibleClassChangeError'{0x00000000c353d948}: Found class java.lang.Object, but interface was expected> (0x00000000c353d948) 
thrown [s\open\src\hotspot\share\interpreter\linkResolver.cpp, line 826]
Event: 18.063 Thread 0x0000019ecae8a080 Implicit null exception at 0x0000019ebd8ebac0 to 0x0000019ebd8ebcd8
Event: 18.336 Thread 0x0000019ecae8a080 Exception <a 'java/lang/NoSuchMethodError'{0x00000000c3b5d188}: 'java.lang.Object java.lang.invoke.DirectMethodHandle$Holder.invokeSpecial(java.lang.Object, java.lang.Object, int, java.lang.Object, int, java.lang.Object)'> (0x00000000c3b5d188) 
thrown [s\open\src\hotspot\share\interpreter\linkResolver.cpp, line 759]
Event: 18.338 Thread 0x0000019ecae8a080 Exception <a 'java/lang/NoSuchMethodError'{0x00000000c3b65230}: 'java.lang.Object java.lang.invoke.DirectMethodHandle$Holder.newInvokeSpecial(java.lang.Object, java.lang.Object, int, java.lang.Object, int)'> (0x00000000c3b65230) 
thrown [s\open\src\hotspot\share\interpreter\linkResolver.cpp, line 759]
Event: 18.340 Thread 0x0000019ecae8a080 Exception <a 'java/lang/NoSuchMethodError'{0x00000000c3b69330}: 'java.lang.Object java.lang.invoke.DirectMethodHandle$Holder.invokeSpecial(java.lang.Object, java.lang.Object, java.lang.Object, int, java.lang.Object, int)'> (0x00000000c3b69330) 
thrown [s\open\src\hotspot\share\interpreter\linkResolver.cpp, line 759]
Event: 18.344 Thread 0x0000019ecae8a080 Exception <a 'java/lang/NoSuchMethodError'{0x00000000c3b731e0}: 'void java.lang.invoke.DirectMethodHandle$Holder.invokeVirtual(java.lang.Object, java.lang.Object)'> (0x00000000c3b731e0) 
thrown [s\open\src\hotspot\share\interpreter\linkResolver.cpp, line 759]
Event: 20.995 Thread 0x0000019eca740d70 Exception <a 'java/lang/NoSuchMethodError'{0x00000000c3dfcb50}: 'java.lang.Object java.lang.invoke.DirectMethodHandle$Holder.invokeInterface(java.lang.Object, java.lang.Object, java.lang.Object, java.lang.Object)'> (0x00000000c3dfcb50) 
thrown [s\open\src\hotspot\share\interpreter\linkResolver.cpp, line 759]
Event: 21.107 Thread 0x0000019eca740d70 Exception <a 'java/lang/NoSuchMethodError'{0x00000000c3ce0098}: 'java.lang.Object java.lang.invoke.DirectMethodHandle$Holder.invokeStaticInit(java.lang.Object, java.lang.Object, java.lang.Object, java.lang.Object, java.lang.Object, java.lang.Object)'> (0x00000000c3ce0098) 
thrown [s\open\src\hotspot\share\interpreter\linkResolver.cpp, line 759]
Event: 29.198 Thread 0x0000019ecb5f88d0 Exception <a 'java/lang/ClassNotFoundException'{0x00000000c3bf0f08}: java/lang/ObjectCustomizer> (0x00000000c3bf0f08) 
thrown [s\open\src\hotspot\share\classfile\systemDictionary.cpp, line 256]
Event: 29.201 Thread 0x0000019ecb5f88d0 Exception <a 'java/lang/ClassNotFoundException'{0x00000000c3bfcd20}: com/example/Fullstack/blueprint/BankCustomizer> (0x00000000c3bfcd20) 
thrown [s\open\src\hotspot\share\classfile\systemDictionary.cpp, line 256]
Event: 43.993 Thread 0x0000019ecb5fede0 Implicit null exception at 0x0000019ebd8accc6 to 0x0000019ebd8acd8f

VM Operations (20 events):
Event: 24.435 Executing VM operation: Cleanup
Event: 24.435 Executing VM operation: Cleanup done
Event: 26.440 Executing VM operation: Cleanup
Event: 26.440 Executing VM operation: Cleanup done
Event: 27.452 Executing VM operation: Cleanup
Event: 27.452 Executing VM operation: Cleanup done
Event: 29.463 Executing VM operation: Cleanup
Event: 29.463 Executing VM operation: Cleanup done
Event: 44.570 Executing VM operation: Cleanup
Event: 44.570 Executing VM operation: Cleanup done
Event: 46.591 Executing VM operation: Cleanup
Event: 46.591 Executing VM operation: Cleanup done
Event: 47.595 Executing VM operation: Cleanup
Event: 47.595 Executing VM operation: Cleanup done
Event: 47.728 Executing VM operation: G1CollectForAllocation
Event: 47.733 Executing VM operation: G1CollectForAllocation done
Event: 47.861 Executing VM operation: G1Concurrent
Event: 47.870 Executing VM operation: G1Concurrent done
Event: 47.936 Executing VM operation: G1Concurrent
Event: 47.937 Executing VM operation: G1Concurrent done

Events (20 events):
Event: 23.429 loading class java/nio/StringCharBuffer
Event: 23.430 loading class java/nio/StringCharBuffer done
Event: 23.431 loading class sun/nio/cs/ISO_8859_1$Encoder
Event: 23.435 loading class sun/nio/cs/ISO_8859_1$Encoder done
Event: 23.435 loading class sun/nio/cs/Surrogate$Parser
Event: 23.435 loading class sun/nio/cs/Surrogate$Parser done
Event: 23.435 loading class sun/nio/cs/Surrogate
Event: 23.436 loading class sun/nio/cs/Surrogate done
Event: 29.197 loading class java/lang/ObjectCustomizer
Event: 29.197 loading class java/lang/ObjectCustomizer done
Event: 29.198 loading class java/lang/ObjectCustomizer
Event: 29.198 loading class java/lang/ObjectCustomizer done
Event: 29.229 loading class java/lang/StringEditor
Event: 29.229 loading class java/lang/StringEditor done
Event: 29.244 loading class sun/reflect/annotation/AnnotationInvocationHandler$1
Event: 29.245 loading class sun/reflect/annotation/AnnotationInvocationHandler$1 done
Event: 29.247 Thread 0x0000019ecd8c05d0 Thread added: 0x0000019ecd8c05d0
Event: 30.587 Thread 0x0000019ecd8c05d0 Thread exited: 0x0000019ecd8c05d0
Event: 43.935 Thread 0x0000019ecd8c2e50 Thread added: 0x0000019ecd8c2e50
Event: 46.614 Thread 0x0000019ecd8c2e50 Thread exited: 0x0000019ecd8c2e50


Dynamic libraries:
0x00007ff6cb4c0000 - 0x00007ff6cb4d0000 	C:\Program Files\Java\jdk-17.0.4.1\bin\javaw.exe
0x00007ffd962b0000 - 0x00007ffd964a8000 	C:\Windows\SYSTEM32\ntdll.dll
0x00007ffd94350000 - 0x00007ffd9440f000 	C:\Windows\System32\KERNEL32.DLL
0x00007ffd93cc0000 - 0x00007ffd93f92000 	C:\Windows\System32\KERNELBASE.dll
0x00007ffd94040000 - 0x00007ffd94140000 	C:\Windows\System32\ucrtbase.dll
0x00007ffd8d930000 - 0x00007ffd8d94a000 	C:\Program Files\Java\jdk-17.0.4.1\bin\VCRUNTIME140.dll
0x00007ffd8d950000 - 0x00007ffd8d968000 	C:\Program Files\Java\jdk-17.0.4.1\bin\jli.dll
0x00007ffd946d0000 - 0x00007ffd9477e000 	C:\Windows\System32\ADVAPI32.dll
0x00007ffd94630000 - 0x00007ffd946ce000 	C:\Windows\System32\msvcrt.dll
0x00007ffd94780000 - 0x00007ffd9481c000 	C:\Windows\System32\sechost.dll
0x00007ffd95b90000 - 0x00007ffd95cb5000 	C:\Windows\System32\RPCRT4.dll
0x00007ffd95000000 - 0x00007ffd951a1000 	C:\Windows\System32\USER32.dll
0x00007ffd939a0000 - 0x00007ffd939c2000 	C:\Windows\System32\win32u.dll
0x00007ffd95cc0000 - 0x00007ffd95ceb000 	C:\Windows\System32\GDI32.dll
0x00007ffd939d0000 - 0x00007ffd93adf000 	C:\Windows\System32\gdi32full.dll
0x00007ffd81620000 - 0x00007ffd818ba000 	C:\Windows\WinSxS\amd64_microsoft.windows.common-controls_6595b64144ccf1df_6.0.19041.1110_none_60b5254171f9507e\COMCTL32.dll
0x00007ffd93fa0000 - 0x00007ffd9403d000 	C:\Windows\System32\msvcp_win.dll
0x00007ffd8c890000 - 0x00007ffd8c89a000 	C:\Windows\SYSTEM32\VERSION.dll
0x00007ffd95d60000 - 0x00007ffd95d92000 	C:\Windows\System32\IMM32.DLL
0x00007ffd8fbd0000 - 0x00007ffd8fbdc000 	C:\Program Files\Java\jdk-17.0.4.1\bin\vcruntime140_1.dll
0x00007ffd8d5d0000 - 0x00007ffd8d65d000 	C:\Program Files\Java\jdk-17.0.4.1\bin\msvcp140.dll
0x00007ffd5ef30000 - 0x00007ffd5faf2000 	C:\Program Files\Java\jdk-17.0.4.1\bin\server\jvm.dll
0x00007ffd94b00000 - 0x00007ffd94b08000 	C:\Windows\System32\PSAPI.DLL
0x00007ffd74630000 - 0x00007ffd74657000 	C:\Windows\SYSTEM32\WINMM.dll
0x00007ffd8f290000 - 0x00007ffd8f299000 	C:\Windows\SYSTEM32\WSOCK32.dll
0x00007ffd95cf0000 - 0x00007ffd95d5b000 	C:\Windows\System32\WS2_32.dll
0x00007ffd921f0000 - 0x00007ffd92202000 	C:\Windows\SYSTEM32\kernel.appcore.dll
0x00007ffd8d920000 - 0x00007ffd8d92a000 	C:\Program Files\Java\jdk-17.0.4.1\bin\jimage.dll
0x00007ffd91760000 - 0x00007ffd91944000 	C:\Windows\SYSTEM32\DBGHELP.DLL
0x00007ffd7d490000 - 0x00007ffd7d4c5000 	C:\Windows\SYSTEM32\dbgcore.DLL
0x00007ffd93ae0000 - 0x00007ffd93b62000 	C:\Windows\System32\bcryptPrimitives.dll
0x00007ffd8d5a0000 - 0x00007ffd8d5c5000 	C:\Program Files\Java\jdk-17.0.4.1\bin\java.dll
0x00007ffd81ba0000 - 0x00007ffd81c76000 	C:\Program Files\Java\jdk-17.0.4.1\bin\jsvml.dll
0x00007ffd95260000 - 0x00007ffd959a4000 	C:\Windows\System32\SHELL32.dll
0x00007ffd91950000 - 0x00007ffd920e2000 	C:\Windows\SYSTEM32\windows.storage.dll
0x00007ffd94c40000 - 0x00007ffd94f95000 	C:\Windows\System32\combase.dll
0x00007ffd93320000 - 0x00007ffd93350000 	C:\Windows\SYSTEM32\Wldp.dll
0x00007ffd95ae0000 - 0x00007ffd95b8d000 	C:\Windows\System32\SHCORE.dll
0x00007ffd94b10000 - 0x00007ffd94b65000 	C:\Windows\System32\shlwapi.dll
0x00007ffd938e0000 - 0x00007ffd938ff000 	C:\Windows\SYSTEM32\profapi.dll
0x00007ffd8d580000 - 0x00007ffd8d599000 	C:\Program Files\Java\jdk-17.0.4.1\bin\net.dll
0x00007ffd88960000 - 0x00007ffd88a6c000 	C:\Windows\SYSTEM32\WINHTTP.dll
0x00007ffd93080000 - 0x00007ffd930ea000 	C:\Windows\system32\mswsock.dll
0x00007ffd8d560000 - 0x00007ffd8d576000 	C:\Program Files\Java\jdk-17.0.4.1\bin\nio.dll
0x00007ffd8d3d0000 - 0x00007ffd8d3e8000 	C:\Program Files\Java\jdk-17.0.4.1\bin\zip.dll
0x00007ffd8d3c0000 - 0x00007ffd8d3d0000 	C:\Program Files\Java\jdk-17.0.4.1\bin\verify.dll
0x00007ffd8d1b0000 - 0x00007ffd8d1b9000 	C:\Program Files\Java\jdk-17.0.4.1\bin\management.dll
0x00007ffd8ce10000 - 0x00007ffd8ce1b000 	C:\Program Files\Java\jdk-17.0.4.1\bin\management_ext.dll
0x00007ffd72ce0000 - 0x00007ffd72cf7000 	C:\Windows\system32\napinsp.dll
0x00007ffd72cc0000 - 0x00007ffd72cdb000 	C:\Windows\system32\pnrpnsp.dll
0x00007ffd8e320000 - 0x00007ffd8e335000 	C:\Windows\system32\wshbth.dll
0x00007ffd8efa0000 - 0x00007ffd8efbd000 	C:\Windows\system32\NLAapi.dll
0x00007ffd92d70000 - 0x00007ffd92dab000 	C:\Windows\SYSTEM32\IPHLPAPI.DLL
0x00007ffd92db0000 - 0x00007ffd92e7a000 	C:\Windows\SYSTEM32\DNSAPI.dll
0x00007ffd94af0000 - 0x00007ffd94af8000 	C:\Windows\System32\NSI.dll
0x00007ffd72c50000 - 0x00007ffd72c62000 	C:\Windows\System32\winrnr.dll
0x00007ffd808e0000 - 0x00007ffd808ea000 	C:\Windows\System32\rasadhlp.dll
0x00007ffd80970000 - 0x00007ffd809f0000 	C:\Windows\System32\fwpuclnt.dll
0x00007ffd93be0000 - 0x00007ffd93c07000 	C:\Windows\System32\bcrypt.dll
0x00007ffd93270000 - 0x00007ffd93288000 	C:\Windows\SYSTEM32\CRYPTSP.dll
0x00007ffd929a0000 - 0x00007ffd929d4000 	C:\Windows\system32\rsaenh.dll
0x00007ffd93860000 - 0x00007ffd9388e000 	C:\Windows\SYSTEM32\USERENV.dll
0x00007ffd93290000 - 0x00007ffd9329c000 	C:\Windows\SYSTEM32\CRYPTBASE.dll
0x00007ffd89c20000 - 0x00007ffd89c37000 	C:\Windows\SYSTEM32\dhcpcsvc6.DLL
0x00007ffd8b420000 - 0x00007ffd8b43d000 	C:\Windows\SYSTEM32\dhcpcsvc.DLL
0x00007ffd8d370000 - 0x00007ffd8d37e000 	C:\Program Files\Java\jdk-17.0.4.1\bin\sunmscapi.dll
0x00007ffd94140000 - 0x00007ffd94296000 	C:\Windows\System32\CRYPT32.dll
0x00007ffd93390000 - 0x00007ffd933b7000 	C:\Windows\SYSTEM32\ncrypt.dll
0x00007ffd93350000 - 0x00007ffd9338b000 	C:\Windows\SYSTEM32\NTASN1.dll
0x00007ffd8e8b0000 - 0x00007ffd8e8b7000 	C:\Windows\system32\wshunix.dll

dbghelp: loaded successfully - version: 4.0.5 - missing functions: none
symbol engine: initialized successfully - sym options: 0x614 - pdb path: .;C:\Program Files\Java\jdk-17.0.4.1\bin;C:\Windows\SYSTEM32;C:\Windows\WinSxS\amd64_microsoft.windows.common-controls_6595b64144ccf1df_6.0.19041.1110_none_60b5254171f9507e;C:\Program Files\Java\jdk-17.0.4.1\bin\server

VM Arguments:
jvm_args: -Dfile.encoding=UTF-8 -XX:+ShowCodeDetailsInExceptionMessages 
java_command: com.example.Fullstack.FullstackApplication
java_class_path (initial): E:\eclipse-workspace\Fullstack\target\classes;C:\Users\HP\.m2\repository\org\springframework\boot\spring-boot-starter-data-jpa\2.7.6\spring-boot-starter-data-jpa-2.7.6.jar;C:\Users\HP\.m2\repository\org\springframework\boot\spring-boot-starter-aop\2.7.6\spring-boot-starter-aop-2.7.6.jar;C:\Users\HP\.m2\repository\org\springframework\spring-aop\5.3.24\spring-aop-5.3.24.jar;C:\Users\HP\.m2\repository\org\aspectj\aspectjweaver\1.9.7\aspectjweaver-1.9.7.jar;C:\Users\HP\.m2\repository\org\springframework\boot\spring-boot-starter-jdbc\2.7.6\spring-boot-starter-jdbc-2.7.6.jar;C:\Users\HP\.m2\repository\com\zaxxer\HikariCP\4.0.3\HikariCP-4.0.3.jar;C:\Users\HP\.m2\repository\org\springframework\spring-jdbc\5.3.24\spring-jdbc-5.3.24.jar;C:\Users\HP\.m2\repository\jakarta\transaction\jakarta.transaction-api\1.3.3\jakarta.transaction-api-1.3.3.jar;C:\Users\HP\.m2\repository\jakarta\persistence\jakarta.persistence-api\2.2.3\jakarta.persistence-api-2.2.3.jar;C:\Users\HP\.m2\repository\org\hibernate\hibernate-core\5.6.14.Final\hibernate-core-5.6.14.Final.jar;C:\Users\HP\.m2\repository\org\jboss\logging\jboss-logging\3.4.3.Final\jboss-logging-3.4.3.Final.jar;C:\Users\HP\.m2\repository\net\bytebuddy\byte-buddy\1.12.19\byte-buddy-1.12.19.jar;C:\Users\HP\.m2\repository\antlr\antlr\2.7.7\antlr-2.7.7.jar;C:\Users\HP\.m2\repository\org\jboss\jandex\2.4.2.Final\jandex-2.4.2.Final.jar;C:\Users\HP\.m2\repository\com\fasterxml\classmate\1.5.1\classmate-1.5.1.jar;C:\Users\HP\.m2\repository\org\hibernate\common\hibernate-commons-annotations\5.1.2.Final\hibernate-commons-annotations-5.1.2.Final.jar;C:\Users\HP\.m2\repository\org\glassfish\jaxb\jaxb-runtime\2.3.7\jaxb-runtime-2.3.7.jar;C:\Users\HP\.m2\repository\org\glassfish\jaxb\txw2\2.3.7\txw2-2.3.7.jar;C:\Users\HP\.m2\repository\com\sun\istack\istack-commons-runtime\3.0.12\istack-commons-runtime-3.0.12.jar;C:\Users\HP\.m2\repository\com\sun\activation\jakarta.activation\1.2.2\jakarta.activation-1.2.2.jar;C:\Users
Launcher Type: SUN_STANDARD

[Global flags]
     intx CICompilerCount                          = 3                                         {product} {ergonomic}
     uint ConcGCThreads                            = 1                                         {product} {ergonomic}
     uint G1ConcRefinementThreads                  = 4                                         {product} {ergonomic}
   size_t G1HeapRegionSize                         = 1048576                                   {product} {ergonomic}
    uintx GCDrainStackTargetSize                   = 64                                        {product} {ergonomic}
   size_t InitialHeapSize                          = 67108864                                  {product} {ergonomic}
   size_t MarkStackSize                            = 4194304                                   {product} {ergonomic}
   size_t MaxHeapSize                              = 1052770304                                {product} {ergonomic}
   size_t MaxNewSize                               = 631242752                                 {product} {ergonomic}
   size_t MinHeapDeltaBytes                        = 1048576                                   {product} {ergonomic}
   size_t MinHeapSize                              = 8388608                                   {product} {ergonomic}
    uintx NonNMethodCodeHeapSize                   = 5832780                                {pd product} {ergonomic}
    uintx NonProfiledCodeHeapSize                  = 122912730                              {pd product} {ergonomic}
    uintx ProfiledCodeHeapSize                     = 122912730                              {pd product} {ergonomic}
    uintx ReservedCodeCacheSize                    = 251658240                              {pd product} {ergonomic}
     bool SegmentedCodeCache                       = true                                      {product} {ergonomic}
     bool ShowCodeDetailsInExceptionMessages       = true                                   {manageable} {command line}
   size_t SoftMaxHeapSize                          = 1052770304                             {manageable} {ergonomic}
     bool UseCompressedClassPointers               = true                           {product lp64_product} {ergonomic}
     bool UseCompressedOops                        = true                           {product lp64_product} {ergonomic}
     bool UseG1GC                                  = true                                      {product} {ergonomic}
     bool UseLargePagesIndividualAllocation        = false                                  {pd product} {ergonomic}

Logging:
Log output configuration:
 #0: stdout all=warning uptime,level,tags
 #1: stderr all=off uptime,level,tags

Environment Variables:
PATH=C:\Program Files\Common Files\Oracle\Java\javapath;C:\Windows\system32;C:\Windows;C:\Windows\System32\Wbem;C:\Windows\System32\WindowsPowerShell\v1.0\;C:\Windows\System32\OpenSSH\;C:\Program Files\nodejs\;C:\Program Files\MySQL\MySQL Server 8.0\bin;C:\Program Files\MySQL\MySQL Shell 8.0\bin\;C:\Users\HP\AppData\Local\Microsoft\WindowsApps;;C:\Users\HP\AppData\Local\Programs\Microsoft VS Code\bin;C:\Users\HP\AppData\Roaming\npm
USERNAME=HP
OS=Windows_NT
PROCESSOR_IDENTIFIER=Intel64 Family 6 Model 78 Stepping 3, GenuineIntel



---------------  S Y S T E M  ---------------

OS:
 Windows 10 , 64 bit Build 19041 (10.0.19041.2364)
OS uptime: 0 days 1:06 hours

CPU: total 4 (initial active 4) (2 cores per cpu, 2 threads per core) family 6 model 78 stepping 3 microcode 0xcc, cx8, cmov, fxsr, ht, mmx, 3dnowpref, sse, sse2, sse3, ssse3, sse4.1, sse4.2, popcnt, lzcnt, tsc, tscinvbit, avx, avx2, aes, erms, clmul, bmi1, bmi2, adx, fma, vzeroupper, clflush, clflushopt

Memory: 4k page, system-wide physical 4012M (333M free)
TotalPageFile size 6060M (AvailPageFile size 9M)
current process WorkingSet (physical memory assigned to process): 200M, peak: 225M
current process commit charge ("private bytes"): 235M, peak: 257M

vm_info: Java HotSpot(TM) 64-Bit Server VM (17.0.4.1+1-LTS-2) for windows-amd64 JRE (17.0.4.1+1-LTS-2), built on Aug 16 2022 18:32:06 by "mach5one" with MS VC++ 16.8 / 16.9 (VS2019)

END.
