#
# There is insufficient memory for the Java Runtime Environment to continue.
# Native memory allocation (malloc) failed to allocate 32744 bytes for ChunkPool::allocate
# Possible reasons:
#   The system is out of physical RAM or swap space
#   The process is running with CompressedOops enabled, and the Java Heap may be blocking the growth of the native heap
# Possible solutions:
#   Reduce memory load on the system
#   Increase physical memory or swap space
#   Check if swap backing store is full
#   Decrease Java heap size (-Xmx/-Xms)
#   Decrease number of Java threads
#   Decrease Java thread stack sizes (-Xss)
#   Set larger code cache with -XX:ReservedCodeCacheSize=
#   JVM is running with Unscaled Compressed Oops mode in which the Java heap is
#     placed in the first 4GB address space. The Java Heap base address is the
#     maximum limit for the native heap growth. Please use -XX:HeapBaseMinAddress
#     to set the Java Heap base and to place the Java Heap above 4GB virtual address.
# This output file may be truncated or incomplete.
#
#  Out of Memory Error (arena.cpp:78), pid=15264, tid=11092
#
# JRE version: Java(TM) SE Runtime Environment (17.0.4.1+1) (build 17.0.4.1+1-LTS-2)
# Java VM: Java HotSpot(TM) 64-Bit Server VM (17.0.4.1+1-LTS-2, mixed mode, sharing, tiered, compressed oops, compressed class ptrs, g1 gc, windows-amd64)
# No core dump will be written. Minidumps are not enabled by default on client versions of Windows
#

---------------  S U M M A R Y ------------

Command Line: -Dfile.encoding=UTF-8 -XX:+ShowCodeDetailsInExceptionMessages com.example.Fullstack.FullstackApplication

Host: Intel(R) Core(TM) i3-6006U CPU @ 2.00GHz, 4 cores, 3G,  Windows 10 , 64 bit Build 19041 (10.0.19041.2364)
Time: Tue Dec 20 14:37:34 2022 India Standard Time elapsed time: 26.798726 seconds (0d 0h 0m 26s)

---------------  T H R E A D  ---------------

Current thread (0x00000240cfbf4190):  JavaThread "C1 CompilerThread0" daemon [_thread_in_native, id=11092, stack(0x0000007370f00000,0x0000007371000000)]


Current CompileTask:
C1:  26798 4584       2       org.springframework.beans.factory.support.AbstractBeanFactory::isTypeMatch (607 bytes)

Stack: [0x0000007370f00000,0x0000007371000000]
Native frames: (J=compiled Java code, j=interpreted, Vv=VM code, C=native code)
V  [jvm.dll+0x6723ba]
V  [jvm.dll+0x7d1e34]
V  [jvm.dll+0x7d35de]
V  [jvm.dll+0x7d3c43]
V  [jvm.dll+0x243065]
V  [jvm.dll+0xaa7c0]
V  [jvm.dll+0xaab0c]
V  [jvm.dll+0x18da50]
V  [jvm.dll+0x1498cf]
V  [jvm.dll+0x14872c]
V  [jvm.dll+0x131f74]
V  [jvm.dll+0x132200]
V  [jvm.dll+0x1324c6]
V  [jvm.dll+0x13195a]
V  [jvm.dll+0x133621]
V  [jvm.dll+0x224e08]
V  [jvm.dll+0x222f75]
V  [jvm.dll+0x787a0b]
V  [jvm.dll+0x781fca]
V  [jvm.dll+0x671245]
C  [ucrtbase.dll+0x21bb2]
C  [KERNEL32.DLL+0x17614]
C  [ntdll.dll+0x526a1]


---------------  P R O C E S S  ---------------

Threads class SMR info:
_java_thread_list=0x00000240d3179480, length=20, elements={
0x00000240b4959a40, 0x00000240b4a19c50, 0x00000240b4a1d060, 0x00000240b4a2d830,
0x00000240b4a2e0f0, 0x00000240b4a2e9b0, 0x00000240cfb813c0, 0x00000240cfb81fb0,
0x00000240cfbf4190, 0x00000240cfbf66b0, 0x00000240d0854860, 0x00000240d0864750,
0x00000240d11d0260, 0x00000240d115c100, 0x00000240d1e09bb0, 0x00000240d1e07a00,
0x00000240d1e07060, 0x00000240d1e0a080, 0x00000240d1e07530, 0x00000240d1e0a550
}

Java Threads: ( => current thread )
  0x00000240b4959a40 JavaThread "main" [_thread_blocked, id=15152, stack(0x0000007370100000,0x0000007370200000)]
  0x00000240b4a19c50 JavaThread "Reference Handler" daemon [_thread_blocked, id=9200, stack(0x0000007370800000,0x0000007370900000)]
  0x00000240b4a1d060 JavaThread "Finalizer" daemon [_thread_blocked, id=2404, stack(0x0000007370900000,0x0000007370a00000)]
  0x00000240b4a2d830 JavaThread "Signal Dispatcher" daemon [_thread_blocked, id=4188, stack(0x0000007370a00000,0x0000007370b00000)]
  0x00000240b4a2e0f0 JavaThread "Attach Listener" daemon [_thread_blocked, id=14408, stack(0x0000007370b00000,0x0000007370c00000)]
  0x00000240b4a2e9b0 JavaThread "Service Thread" daemon [_thread_blocked, id=9512, stack(0x0000007370c00000,0x0000007370d00000)]
  0x00000240cfb813c0 JavaThread "Monitor Deflation Thread" daemon [_thread_blocked, id=3552, stack(0x0000007370d00000,0x0000007370e00000)]
  0x00000240cfb81fb0 JavaThread "C2 CompilerThread0" daemon [_thread_in_native, id=5508, stack(0x0000007370e00000,0x0000007370f00000)]
=>0x00000240cfbf4190 JavaThread "C1 CompilerThread0" daemon [_thread_in_native, id=11092, stack(0x0000007370f00000,0x0000007371000000)]
  0x00000240cfbf66b0 JavaThread "Sweeper thread" daemon [_thread_blocked, id=10312, stack(0x0000007371000000,0x0000007371100000)]
  0x00000240d0854860 JavaThread "Notification Thread" daemon [_thread_blocked, id=5328, stack(0x0000007371100000,0x0000007371200000)]
  0x00000240d0864750 JavaThread "Common-Cleaner" daemon [_thread_blocked, id=6048, stack(0x0000007371300000,0x0000007371400000)]
  0x00000240d11d0260 JavaThread "Thread-0" [_thread_blocked, id=14612, stack(0x0000007371800000,0x0000007371900000)]
  0x00000240d115c100 JavaThread "restartedMain" [_thread_in_vm, id=14532, stack(0x0000007371900000,0x0000007371a00000)]
  0x00000240d1e09bb0 JavaThread "Catalina-utility-1" [_thread_blocked, id=8612, stack(0x0000007371a00000,0x0000007371b00000)]
  0x00000240d1e07a00 JavaThread "Catalina-utility-2" [_thread_blocked, id=14168, stack(0x0000007371b00000,0x0000007371c00000)]
  0x00000240d1e07060 JavaThread "container-0" [_thread_blocked, id=14648, stack(0x0000007371c00000,0x0000007371d00000)]
  0x00000240d1e0a080 JavaThread "mysql-cj-abandoned-connection-cleanup" daemon [_thread_blocked, id=6688, stack(0x0000007371d00000,0x0000007371e00000)]
  0x00000240d1e07530 JavaThread "HikariPool-1 housekeeper" daemon [_thread_blocked, id=2360, stack(0x0000007371f00000,0x0000007372000000)]
  0x00000240d1e0a550 JavaThread "HikariPool-1 connection adder" daemon [_thread_blocked, id=5264, stack(0x0000007372000000,0x0000007372100000)]

Other Threads:
  0x00000240b4a15140 VMThread "VM Thread" [stack: 0x0000007370700000,0x0000007370800000] [id=2304]
  0x00000240b49a9e80 WatcherThread [stack: 0x0000007371200000,0x0000007371300000] [id=5628]
  0x00000240b4995be0 GCTaskThread "GC Thread#0" [stack: 0x0000007370200000,0x0000007370300000] [id=15188]
  0x00000240d0f64220 GCTaskThread "GC Thread#1" [stack: 0x0000007371400000,0x0000007371500000] [id=14540]
  0x00000240d11bdaa0 GCTaskThread "GC Thread#2" [stack: 0x0000007371500000,0x0000007371600000] [id=4232]
  0x00000240d0f77910 GCTaskThread "GC Thread#3" [stack: 0x0000007371600000,0x0000007371700000] [id=2904]
  0x00000240b499f040 ConcurrentGCThread "G1 Main Marker" [stack: 0x0000007370300000,0x0000007370400000] [id=15160]
  0x00000240b499fa50 ConcurrentGCThread "G1 Conc#0" [stack: 0x0000007370400000,0x0000007370500000] [id=15148]
  0x00000240b49f17e0 ConcurrentGCThread "G1 Refine#0" [stack: 0x0000007370500000,0x0000007370600000] [id=15136]
  0x00000240d0f77bc0 ConcurrentGCThread "G1 Refine#1" [stack: 0x0000007371700000,0x0000007371800000] [id=14552]
  0x00000240b49f3520 ConcurrentGCThread "G1 Service" [stack: 0x0000007370600000,0x0000007370700000] [id=14424]

Threads with active compile tasks:
C2 CompilerThread0    26937 4549       4       jdk.internal.org.objectweb.asm.Frame::execute (2305 bytes)
C1 CompilerThread0    26937 4584       2       org.springframework.beans.factory.support.AbstractBeanFactory::isTypeMatch (607 bytes)

VM state: not at safepoint (normal execution)

VM Mutex/Monitor currently owned by a thread: None

Heap address: 0x00000000c1400000, size: 1004 MB, Compressed Oops mode: 32-bit

CDS archive(s) mapped at: [0x0000000800000000-0x0000000800bc0000-0x0000000800bc0000), size 12320768, SharedBaseAddress: 0x0000000800000000, ArchiveRelocationMode: 0.
Compressed class space mapped at: 0x0000000800c00000-0x0000000840c00000, reserved size: 1073741824
Narrow klass base: 0x0000000800000000, Narrow klass shift: 0, Narrow klass range: 0x100000000

GC Precious Log:
 CPUs: 4 total, 4 available
 Memory: 4012M
 Large Page Support: Disabled
 NUMA Support: Disabled
 Compressed Oops: Enabled (32-bit)
 Heap Region Size: 1M
 Heap Min Capacity: 8M
 Heap Initial Capacity: 64M
 Heap Max Capacity: 1004M
 Pre-touch: Disabled
 Parallel Workers: 4
 Concurrent Workers: 1
 Concurrent Refinement Workers: 4
 Periodic GC: Disabled

Heap:
 garbage-first heap   total 40960K, used 22223K [0x00000000c1400000, 0x0000000100000000)
  region size 1024K, 4 young (4096K), 2 survivors (2048K)
 Metaspace       used 48758K, committed 49088K, reserved 1097728K
  class space    used 6491K, committed 6656K, reserved 1048576K

Heap Regions: E=young(eden), S=young(survivor), O=old, HS=humongous(starts), HC=humongous(continues), CS=collection set, F=free, OA=open archive, CA=closed archive, TAMS=top-at-mark-start (previous, next)
|   0|0x00000000c1400000, 0x00000000c1500000, 0x00000000c1500000|100%|HS|  |TAMS 0x00000000c1500000, 0x00000000c1500000| Complete 
|   1|0x00000000c1500000, 0x00000000c1600000, 0x00000000c1600000|100%| O|  |TAMS 0x00000000c1600000, 0x00000000c1600000| Untracked 
|   2|0x00000000c1600000, 0x00000000c1700000, 0x00000000c1700000|100%| O|  |TAMS 0x00000000c1700000, 0x00000000c1700000| Untracked 
|   3|0x00000000c1700000, 0x00000000c1800000, 0x00000000c1800000|100%| O|  |TAMS 0x00000000c1800000, 0x00000000c1800000| Untracked 
|   4|0x00000000c1800000, 0x00000000c1900000, 0x00000000c1900000|100%| O|  |TAMS 0x00000000c1900000, 0x00000000c1900000| Untracked 
|   5|0x00000000c1900000, 0x00000000c1a00000, 0x00000000c1a00000|100%| O|  |TAMS 0x00000000c1a00000, 0x00000000c1a00000| Untracked 
|   6|0x00000000c1a00000, 0x00000000c1b00000, 0x00000000c1b00000|100%| O|  |TAMS 0x00000000c1b00000, 0x00000000c1b00000| Untracked 
|   7|0x00000000c1b00000, 0x00000000c1bdc800, 0x00000000c1c00000| 86%| O|  |TAMS 0x00000000c1bdc800, 0x00000000c1bdc800| Untracked 
|   8|0x00000000c1c00000, 0x00000000c1d00000, 0x00000000c1d00000|100%| O|  |TAMS 0x00000000c1d00000, 0x00000000c1d00000| Untracked 
|   9|0x00000000c1d00000, 0x00000000c1e00000, 0x00000000c1e00000|100%| O|  |TAMS 0x00000000c1e00000, 0x00000000c1e00000| Untracked 
|  10|0x00000000c1e00000, 0x00000000c1f00000, 0x00000000c1f00000|100%| O|  |TAMS 0x00000000c1f00000, 0x00000000c1f00000| Untracked 
|  11|0x00000000c1f00000, 0x00000000c2000000, 0x00000000c2000000|100%| O|  |TAMS 0x00000000c2000000, 0x00000000c2000000| Untracked 
|  12|0x00000000c2000000, 0x00000000c2100000, 0x00000000c2100000|100%| O|  |TAMS 0x00000000c2051400, 0x00000000c2100000| Untracked 
|  13|0x00000000c2100000, 0x00000000c2200000, 0x00000000c2200000|100%| O|  |TAMS 0x00000000c2100000, 0x00000000c2200000| Untracked 
|  14|0x00000000c2200000, 0x00000000c2300000, 0x00000000c2300000|100%| O|  |TAMS 0x00000000c2200000, 0x00000000c2300000| Untracked 
|  15|0x00000000c2300000, 0x00000000c23e1400, 0x00000000c2400000| 87%| O|  |TAMS 0x00000000c2300000, 0x00000000c232c600| Untracked 
|  16|0x00000000c2400000, 0x00000000c2400000, 0x00000000c2500000|  0%| F|  |TAMS 0x00000000c2400000, 0x00000000c2400000| Untracked 
|  17|0x00000000c2500000, 0x00000000c2600000, 0x00000000c2600000|100%| O|  |TAMS 0x00000000c2600000, 0x00000000c2600000| Untracked 
|  18|0x00000000c2600000, 0x00000000c2700000, 0x00000000c2700000|100%| O|  |TAMS 0x00000000c2700000, 0x00000000c2700000| Untracked 
|  19|0x00000000c2700000, 0x00000000c2800000, 0x00000000c2800000|100%| O|  |TAMS 0x00000000c2800000, 0x00000000c2800000| Untracked 
|  20|0x00000000c2800000, 0x00000000c2800000, 0x00000000c2900000|  0%| F|  |TAMS 0x00000000c2800000, 0x00000000c2800000| Untracked 
|  21|0x00000000c2900000, 0x00000000c2900000, 0x00000000c2a00000|  0%| F|  |TAMS 0x00000000c2900000, 0x00000000c2900000| Untracked 
|  22|0x00000000c2a00000, 0x00000000c2a00000, 0x00000000c2b00000|  0%| F|  |TAMS 0x00000000c2a00000, 0x00000000c2a00000| Untracked 
|  23|0x00000000c2b00000, 0x00000000c2b00000, 0x00000000c2c00000|  0%| F|  |TAMS 0x00000000c2b00000, 0x00000000c2b00000| Untracked 
|  24|0x00000000c2c00000, 0x00000000c2c00000, 0x00000000c2d00000|  0%| F|  |TAMS 0x00000000c2c00000, 0x00000000c2c00000| Untracked 
|  25|0x00000000c2d00000, 0x00000000c2d00000, 0x00000000c2e00000|  0%| F|  |TAMS 0x00000000c2d00000, 0x00000000c2d00000| Untracked 
|  26|0x00000000c2e00000, 0x00000000c2ef6250, 0x00000000c2f00000| 96%| S|CS|TAMS 0x00000000c2e00000, 0x00000000c2e00000| Complete 
|  27|0x00000000c2f00000, 0x00000000c3000000, 0x00000000c3000000|100%| S|CS|TAMS 0x00000000c2f00000, 0x00000000c2f00000| Complete 
|  28|0x00000000c3000000, 0x00000000c3000000, 0x00000000c3100000|  0%| F|  |TAMS 0x00000000c3000000, 0x00000000c3000000| Untracked 
|  29|0x00000000c3100000, 0x00000000c3100000, 0x00000000c3200000|  0%| F|  |TAMS 0x00000000c3100000, 0x00000000c3100000| Untracked 
|  30|0x00000000c3200000, 0x00000000c3200000, 0x00000000c3300000|  0%| F|  |TAMS 0x00000000c3200000, 0x00000000c3200000| Untracked 
|  31|0x00000000c3300000, 0x00000000c3300000, 0x00000000c3400000|  0%| F|  |TAMS 0x00000000c3300000, 0x00000000c3300000| Untracked 
|  32|0x00000000c3400000, 0x00000000c3400000, 0x00000000c3500000|  0%| F|  |TAMS 0x00000000c3400000, 0x00000000c3400000| Untracked 
|  33|0x00000000c3500000, 0x00000000c3500000, 0x00000000c3600000|  0%| F|  |TAMS 0x00000000c3500000, 0x00000000c3500000| Untracked 
|  34|0x00000000c3600000, 0x00000000c3600000, 0x00000000c3700000|  0%| F|  |TAMS 0x00000000c3600000, 0x00000000c3600000| Untracked 
|  35|0x00000000c3700000, 0x00000000c3700000, 0x00000000c3800000|  0%| F|  |TAMS 0x00000000c3700000, 0x00000000c3700000| Untracked 
|  36|0x00000000c3800000, 0x00000000c3800000, 0x00000000c3900000|  0%| F|  |TAMS 0x00000000c3800000, 0x00000000c3800000| Untracked 
|  37|0x00000000c3900000, 0x00000000c3900000, 0x00000000c3a00000|  0%| F|  |TAMS 0x00000000c3900000, 0x00000000c3900000| Untracked 
|  38|0x00000000c3a00000, 0x00000000c3adf890, 0x00000000c3b00000| 87%| E|  |TAMS 0x00000000c3a00000, 0x00000000c3a00000| Complete 
|  39|0x00000000c3b00000, 0x00000000c3c00000, 0x00000000c3c00000|100%| E|CS|TAMS 0x00000000c3b00000, 0x00000000c3b00000| Complete 

Card table byte_map: [0x00000240cb3d0000,0x00000240cb5d0000] _byte_map_base: 0x00000240cadc6000

Marking Bits (Prev, Next): (CMBitMap*) 0x00000240b4996230, (CMBitMap*) 0x00000240b49961f0
 Prev Bits: [0x00000240cc780000, 0x00000240cd730000)
 Next Bits: [0x00000240cb7d0000, 0x00000240cc780000)

Polling page: 0x00000240b2ae0000

Metaspace:

Usage:
  Non-class:     41.28 MB used.
      Class:      6.34 MB used.
       Both:     47.62 MB used.

Virtual space:
  Non-class space:       48.00 MB reserved,      41.44 MB ( 86%) committed,  6 nodes.
      Class space:        1.00 GB reserved,       6.50 MB ( <1%) committed,  1 nodes.
             Both:        1.05 GB reserved,      47.94 MB (  4%) committed. 

Chunk freelists:
   Non-Class:  2.58 MB
       Class:  1.41 MB
        Both:  3.98 MB

MaxMetaspaceSize: unlimited
CompressedClassSpaceSize: 1.00 GB
Initial GC threshold: 21.00 MB
Current GC threshold: 67.81 MB
CDS: on
MetaspaceReclaimPolicy: balanced
 - commit_granule_bytes: 65536.
 - commit_granule_words: 8192.
 - virtual_space_node_default_size: 1048576.
 - enlarge_chunks_in_place: 1.
 - new_chunks_are_fully_committed: 0.
 - uncommit_free_chunks: 1.
 - use_allocation_guard: 0.
 - handle_deallocations: 1.


Internal statistics:

num_allocs_failed_limit: 9.
num_arena_births: 304.
num_arena_deaths: 0.
num_vsnodes_births: 7.
num_vsnodes_deaths: 0.
num_space_committed: 767.
num_space_uncommitted: 0.
num_chunks_returned_to_freelist: 9.
num_chunks_taken_from_freelist: 1929.
num_chunk_merges: 3.
num_chunk_splits: 1388.
num_chunks_enlarged: 1121.
num_purges: 0.
num_inconsistent_stats: 0.

CodeHeap 'non-profiled nmethods': size=120000Kb used=2449Kb max_used=2449Kb free=117550Kb
 bounds [0x00000240c3ca0000, 0x00000240c3f10000, 0x00000240cb1d0000]
CodeHeap 'profiled nmethods': size=120000Kb used=10122Kb max_used=10122Kb free=109877Kb
 bounds [0x00000240bc770000, 0x00000240bd160000, 0x00000240c3ca0000]
CodeHeap 'non-nmethods': size=5760Kb used=1296Kb max_used=1336Kb free=4463Kb
 bounds [0x00000240bc1d0000, 0x00000240bc440000, 0x00000240bc770000]
 total_blobs=5154 nmethods=4538 adapters=528
 compilation: enabled
              stopped_count=0, restarted_count=0
 full_count=0

Compilation events (20 events):
Event: 26.772 Thread 0x00000240cfbf4190 nmethod 4574 0x00000240c3f04190 code [0x00000240c3f04320, 0x00000240c3f043f8]
Event: 26.775 Thread 0x00000240cfbf4190 4575       3       java.lang.reflect.Modifier::toString (185 bytes)
Event: 26.776 Thread 0x00000240cfbf4190 nmethod 4575 0x00000240bd14b610 code [0x00000240bd14b8a0, 0x00000240bd14c0d8]
Event: 26.776 Thread 0x00000240cfbf4190 4576       3       java.lang.Class::getGenericInterfaces (21 bytes)
Event: 26.777 Thread 0x00000240cfbf4190 nmethod 4576 0x00000240bd14c310 code [0x00000240bd14c500, 0x00000240bd14ca58]
Event: 26.777 Thread 0x00000240cfbf4190 4579       3       sun.reflect.generics.reflectiveObjects.ParameterizedTypeImpl::validateConstructorArguments (82 bytes)
Event: 26.780 Thread 0x00000240cfbf4190 nmethod 4579 0x00000240bd14cc10 code [0x00000240bd14cf80, 0x00000240bd14e998]
Event: 26.781 Thread 0x00000240cfbf4190 4577       3       java.lang.reflect.Method::getGenericExceptionTypes (5 bytes)
Event: 26.782 Thread 0x00000240cfbf4190 nmethod 4577 0x00000240bd14f210 code [0x00000240bd14f4c0, 0x00000240bd1505d8]
Event: 26.782 Thread 0x00000240cfbf4190 4578       3       java.lang.Class::getDeclaringClass (31 bytes)
Event: 26.783 Thread 0x00000240cfbf4190 nmethod 4578 0x00000240bd150b10 code [0x00000240bd150d00, 0x00000240bd151108]
Event: 26.783 Thread 0x00000240cfbf4190 4580       3       com.sun.beans.util.Cache$CacheEntry::matches (53 bytes)
Event: 26.784 Thread 0x00000240cfbf4190 nmethod 4580 0x00000240bd151290 code [0x00000240bd151460, 0x00000240bd151938]
Event: 26.785 Thread 0x00000240cfbf4190 4581       3       org.springframework.core.BridgeMethodResolver::isBridgedCandidateFor (46 bytes)
Event: 26.786 Thread 0x00000240cfbf4190 nmethod 4581 0x00000240bd151b10 code [0x00000240bd151d00, 0x00000240bd152178]
Event: 26.786 Thread 0x00000240cfbf4190 4582       3       java.util.HashSet::iterator (13 bytes)
Event: 26.786 Thread 0x00000240cfbf4190 nmethod 4582 0x00000240bd152390 code [0x00000240bd152540, 0x00000240bd1527d8]
Event: 26.786 Thread 0x00000240cfbf4190 4583       1       org.springframework.beans.PropertyValue::getName (5 bytes)
Event: 26.786 Thread 0x00000240cfbf4190 nmethod 4583 0x00000240c3f04490 code [0x00000240c3f04620, 0x00000240c3f046f8]
Event: 26.789 Thread 0x00000240cfbf4190 4584       2       org.springframework.beans.factory.support.AbstractBeanFactory::isTypeMatch (607 bytes)

GC Heap History (20 events):
Event: 6.619 GC heap before
{Heap before GC invocations=2 (full 0):
 garbage-first heap   total 65536K, used 29217K [0x00000000c1400000, 0x0000000100000000)
  region size 1024K, 24 young (24576K), 1 survivors (1024K)
 Metaspace       used 12004K, committed 12224K, reserved 1064960K
  class space    used 1445K, committed 1536K, reserved 1048576K
}
Event: 6.624 GC heap after
{Heap after GC invocations=3 (full 0):
 garbage-first heap   total 65536K, used 8159K [0x00000000c1400000, 0x0000000100000000)
  region size 1024K, 3 young (3072K), 3 survivors (3072K)
 Metaspace       used 12004K, committed 12224K, reserved 1064960K
  class space    used 1445K, committed 1536K, reserved 1048576K
}
Event: 10.315 GC heap before
{Heap before GC invocations=3 (full 0):
 garbage-first heap   total 65536K, used 38879K [0x00000000c1400000, 0x0000000100000000)
  region size 1024K, 33 young (33792K), 3 survivors (3072K)
 Metaspace       used 16775K, committed 17024K, reserved 1064960K
  class space    used 2047K, committed 2176K, reserved 1048576K
}
Event: 10.323 GC heap after
{Heap after GC invocations=4 (full 0):
 garbage-first heap   total 65536K, used 10424K [0x00000000c1400000, 0x0000000100000000)
  region size 1024K, 5 young (5120K), 5 survivors (5120K)
 Metaspace       used 16775K, committed 17024K, reserved 1064960K
  class space    used 2047K, committed 2176K, reserved 1048576K
}
Event: 14.503 GC heap before
{Heap before GC invocations=4 (full 0):
 garbage-first heap   total 65536K, used 37048K [0x00000000c1400000, 0x0000000100000000)
  region size 1024K, 32 young (32768K), 5 survivors (5120K)
 Metaspace       used 21312K, committed 21504K, reserved 1073152K
  class space    used 2673K, committed 2752K, reserved 1048576K
}
Event: 14.519 GC heap after
{Heap after GC invocations=5 (full 0):
 garbage-first heap   total 65536K, used 12146K [0x00000000c1400000, 0x0000000100000000)
  region size 1024K, 4 young (4096K), 4 survivors (4096K)
 Metaspace       used 21312K, committed 21504K, reserved 1073152K
  class space    used 2673K, committed 2752K, reserved 1048576K
}
Event: 17.573 GC heap before
{Heap before GC invocations=6 (full 0):
 garbage-first heap   total 40960K, used 29554K [0x00000000c1400000, 0x0000000100000000)
  region size 1024K, 23 young (23552K), 4 survivors (4096K)
 Metaspace       used 25765K, committed 26048K, reserved 1073152K
  class space    used 3248K, committed 3392K, reserved 1048576K
}
Event: 17.589 GC heap after
{Heap after GC invocations=7 (full 0):
 garbage-first heap   total 40960K, used 14663K [0x00000000c1400000, 0x0000000100000000)
  region size 1024K, 5 young (5120K), 5 survivors (5120K)
 Metaspace       used 25765K, committed 26048K, reserved 1073152K
  class space    used 3248K, committed 3392K, reserved 1048576K
}
Event: 19.094 GC heap before
{Heap before GC invocations=7 (full 0):
 garbage-first heap   total 40960K, used 27975K [0x00000000c1400000, 0x0000000100000000)
  region size 1024K, 19 young (19456K), 5 survivors (5120K)
 Metaspace       used 27844K, committed 28096K, reserved 1073152K
  class space    used 3538K, committed 3648K, reserved 1048576K
}
Event: 19.110 GC heap after
{Heap after GC invocations=8 (full 0):
 garbage-first heap   total 40960K, used 16171K [0x00000000c1400000, 0x0000000100000000)
  region size 1024K, 2 young (2048K), 2 survivors (2048K)
 Metaspace       used 27844K, committed 28096K, reserved 1073152K
  class space    used 3538K, committed 3648K, reserved 1048576K
}
Event: 20.185 GC heap before
{Heap before GC invocations=8 (full 0):
 garbage-first heap   total 40960K, used 29483K [0x00000000c1400000, 0x0000000100000000)
  region size 1024K, 15 young (15360K), 2 survivors (2048K)
 Metaspace       used 31451K, committed 31744K, reserved 1081344K
  class space    used 4079K, committed 4224K, reserved 1048576K
}
Event: 20.191 GC heap after
{Heap after GC invocations=9 (full 0):
 garbage-first heap   total 40960K, used 16268K [0x00000000c1400000, 0x0000000100000000)
  region size 1024K, 2 young (2048K), 2 survivors (2048K)
 Metaspace       used 31451K, committed 31744K, reserved 1081344K
  class space    used 4079K, committed 4224K, reserved 1048576K
}
Event: 22.074 GC heap before
{Heap before GC invocations=9 (full 0):
 garbage-first heap   total 40960K, used 27532K [0x00000000c1400000, 0x0000000100000000)
  region size 1024K, 14 young (14336K), 2 survivors (2048K)
 Metaspace       used 35696K, committed 35968K, reserved 1081344K
  class space    used 4677K, committed 4800K, reserved 1048576K
}
Event: 22.081 GC heap after
{Heap after GC invocations=10 (full 0):
 garbage-first heap   total 40960K, used 17556K [0x00000000c1400000, 0x0000000100000000)
  region size 1024K, 2 young (2048K), 2 survivors (2048K)
 Metaspace       used 35696K, committed 35968K, reserved 1081344K
  class space    used 4677K, committed 4800K, reserved 1048576K
}
Event: 23.909 GC heap before
{Heap before GC invocations=11 (full 0):
 garbage-first heap   total 40960K, used 29844K [0x00000000c1400000, 0x0000000100000000)
  region size 1024K, 15 young (15360K), 2 survivors (2048K)
 Metaspace       used 41247K, committed 41600K, reserved 1089536K
  class space    used 5380K, committed 5568K, reserved 1048576K
}
Event: 23.916 GC heap after
{Heap after GC invocations=12 (full 0):
 garbage-first heap   total 40960K, used 18667K [0x00000000c1400000, 0x0000000100000000)
  region size 1024K, 2 young (2048K), 2 survivors (2048K)
 Metaspace       used 41247K, committed 41600K, reserved 1089536K
  class space    used 5380K, committed 5568K, reserved 1048576K
}
Event: 24.274 GC heap before
{Heap before GC invocations=13 (full 0):
 garbage-first heap   total 40960K, used 30955K [0x00000000c1400000, 0x0000000100000000)
  region size 1024K, 14 young (14336K), 2 survivors (2048K)
 Metaspace       used 42680K, committed 42944K, reserved 1089536K
  class space    used 5562K, committed 5696K, reserved 1048576K
}
Event: 24.278 GC heap after
{Heap after GC invocations=14 (full 0):
 garbage-first heap   total 40960K, used 19211K [0x00000000c1400000, 0x0000000100000000)
  region size 1024K, 2 young (2048K), 2 survivors (2048K)
 Metaspace       used 42680K, committed 42944K, reserved 1089536K
  class space    used 5562K, committed 5696K, reserved 1048576K
}
Event: 24.875 GC heap before
{Heap before GC invocations=14 (full 0):
 garbage-first heap   total 40960K, used 31499K [0x00000000c1400000, 0x0000000100000000)
  region size 1024K, 14 young (14336K), 2 survivors (2048K)
 Metaspace       used 45832K, committed 46144K, reserved 1089536K
  class space    used 6078K, committed 6208K, reserved 1048576K
}
Event: 24.881 GC heap after
{Heap after GC invocations=15 (full 0):
 garbage-first heap   total 40960K, used 19828K [0x00000000c1400000, 0x0000000100000000)
  region size 1024K, 2 young (2048K), 2 survivors (2048K)
 Metaspace       used 45832K, committed 46144K, reserved 1089536K
  class space    used 6078K, committed 6208K, reserved 1048576K
}

Deoptimization events (20 events):
Event: 26.753 Thread 0x00000240d115c100 Uncommon trap: trap_request=0xffffffde fr.pc=0x00000240c3dfad78 relative=0x0000000000003d78
Event: 26.753 Thread 0x00000240d115c100 Uncommon trap: reason=class_check action=maybe_recompile pc=0x00000240c3dfad78 method=org.springframework.beans.factory.support.AbstractBeanFactory.isTypeMatch(Ljava/lang/String;Lorg/springframework/core/ResolvableType;Z)Z @ 53 c2
Event: 26.753 Thread 0x00000240d115c100 DEOPT PACKING pc=0x00000240c3dfad78 sp=0x00000073719fd660
Event: 26.753 Thread 0x00000240d115c100 DEOPT UNPACKING pc=0x00000240bc2223a3 sp=0x00000073719fd620 mode 2
Event: 26.755 Thread 0x00000240d115c100 Uncommon trap: trap_request=0xffffffde fr.pc=0x00000240c3dfad78 relative=0x0000000000003d78
Event: 26.755 Thread 0x00000240d115c100 Uncommon trap: reason=class_check action=maybe_recompile pc=0x00000240c3dfad78 method=org.springframework.beans.factory.support.AbstractBeanFactory.isTypeMatch(Ljava/lang/String;Lorg/springframework/core/ResolvableType;Z)Z @ 53 c2
Event: 26.755 Thread 0x00000240d115c100 DEOPT PACKING pc=0x00000240c3dfad78 sp=0x00000073719fca90
Event: 26.755 Thread 0x00000240d115c100 DEOPT UNPACKING pc=0x00000240bc2223a3 sp=0x00000073719fca50 mode 2
Event: 26.787 Thread 0x00000240d115c100 Uncommon trap: trap_request=0xffffffde fr.pc=0x00000240c3dfad78 relative=0x0000000000003d78
Event: 26.787 Thread 0x00000240d115c100 Uncommon trap: reason=class_check action=maybe_recompile pc=0x00000240c3dfad78 method=org.springframework.beans.factory.support.AbstractBeanFactory.isTypeMatch(Ljava/lang/String;Lorg/springframework/core/ResolvableType;Z)Z @ 53 c2
Event: 26.787 Thread 0x00000240d115c100 DEOPT PACKING pc=0x00000240c3dfad78 sp=0x00000073719fb5f0
Event: 26.787 Thread 0x00000240d115c100 DEOPT UNPACKING pc=0x00000240bc2223a3 sp=0x00000073719fb5b0 mode 2
Event: 26.789 Thread 0x00000240d115c100 Uncommon trap: trap_request=0xffffffde fr.pc=0x00000240c3dfad78 relative=0x0000000000003d78
Event: 26.789 Thread 0x00000240d115c100 Uncommon trap: reason=class_check action=maybe_recompile pc=0x00000240c3dfad78 method=org.springframework.beans.factory.support.AbstractBeanFactory.isTypeMatch(Ljava/lang/String;Lorg/springframework/core/ResolvableType;Z)Z @ 53 c2
Event: 26.789 Thread 0x00000240d115c100 DEOPT PACKING pc=0x00000240c3dfad78 sp=0x00000073719fbf80
Event: 26.789 Thread 0x00000240d115c100 DEOPT UNPACKING pc=0x00000240bc2223a3 sp=0x00000073719fbf40 mode 2
Event: 26.791 Thread 0x00000240d115c100 Uncommon trap: trap_request=0xffffff45 fr.pc=0x00000240c3dd3cec relative=0x00000000000001cc
Event: 26.791 Thread 0x00000240d115c100 Uncommon trap: reason=unstable_if action=reinterpret pc=0x00000240c3dd3cec method=org.springframework.beans.factory.support.AbstractAutowireCapableBeanFactory.determineTargetType(Ljava/lang/String;Lorg/springframework/beans/factory/support/RootBeanDefinit
Event: 26.791 Thread 0x00000240d115c100 DEOPT PACKING pc=0x00000240c3dd3cec sp=0x00000073719fc3e0
Event: 26.791 Thread 0x00000240d115c100 DEOPT UNPACKING pc=0x00000240bc2223a3 sp=0x00000073719fc398 mode 2

Classes unloaded (0 events):
No events

Classes redefined (0 events):
No events

Internal exceptions (20 events):
Event: 23.579 Thread 0x00000240d115c100 Exception <a 'java/lang/NoSuchMethodError'{0x00000000c3563290}: 'java.lang.Object java.lang.invoke.DirectMethodHandle$Holder.invokeStaticInit(java.lang.Object, java.lang.Object, java.lang.Object, java.lang.Object)'> (0x00000000c3563290) 
thrown [s\open\src\hotspot\share\interpreter\linkResolver.cpp, line 759]
Event: 24.225 Thread 0x00000240d115c100 Exception <a 'java/lang/NoSuchMethodError'{0x00000000c32dfc10}: 'java.lang.Object java.lang.invoke.DirectMethodHandle$Holder.newInvokeSpecial(java.lang.Object, java.lang.Object, int, java.lang.Object, java.lang.Object)'> (0x00000000c32dfc10) 
thrown [s\open\src\hotspot\share\interpreter\linkResolver.cpp, line 759]
Event: 25.007 Thread 0x00000240d115c100 Exception <a 'java/lang/NoSuchMethodError'{0x00000000c3916fa0}: 'void java.lang.invoke.DirectMethodHandle$Holder.invokeInterface(java.lang.Object, java.lang.Object)'> (0x00000000c3916fa0) 
thrown [s\open\src\hotspot\share\interpreter\linkResolver.cpp, line 759]
Event: 25.015 Thread 0x00000240d115c100 Exception <a 'java/lang/NoSuchMethodError'{0x00000000c3932918}: 'int java.lang.invoke.DirectMethodHandle$Holder.invokeStatic(java.lang.Object, java.lang.Object, int)'> (0x00000000c3932918) 
thrown [s\open\src\hotspot\share\interpreter\linkResolver.cpp, line 759]
Event: 25.047 Thread 0x00000240d115c100 Exception <a 'java/lang/NoSuchMethodError'{0x00000000c39c5248}: 'java.lang.Object java.lang.invoke.DirectMethodHandle$Holder.invokeStaticInit(java.lang.Object, java.lang.Object, java.lang.Object, java.lang.Object, int, int)'> (0x00000000c39c5248) 
thrown [s\open\src\hotspot\share\interpreter\linkResolver.cpp, line 759]
Event: 26.756 Thread 0x00000240d115c100 Exception <a 'java/lang/ClassNotFoundException'{0x00000000c33e3448}: java/lang/ObjectCustomizer> (0x00000000c33e3448) 
thrown [s\open\src\hotspot\share\classfile\systemDictionary.cpp, line 256]
Event: 26.758 Thread 0x00000240d115c100 Exception <a 'java/lang/ClassNotFoundException'{0x00000000c33ebb60}: org/springframework/data/repository/core/support/RepositoryFactoryBeanSupportCustomizer> (0x00000000c33ebb60) 
thrown [s\open\src\hotspot\share\classfile\systemDictionary.cpp, line 256]
Event: 26.763 Thread 0x00000240d115c100 Exception <a 'java/lang/ClassNotFoundException'{0x00000000c3213b30}: org/springframework/data/repository/core/support/TransactionalRepositoryFactoryBeanSupportCustomizer> (0x00000000c3213b30) 
thrown [s\open\src\hotspot\share\classfile\systemDictionary.cpp, line 256]
Event: 26.765 Thread 0x00000240d115c100 Exception <a 'java/lang/ClassNotFoundException'{0x00000000c3222b10}: org/springframework/data/jpa/repository/support/JpaRepositoryFactoryBeanCustomizer> (0x00000000c3222b10) 
thrown [s\open\src\hotspot\share\classfile\systemDictionary.cpp, line 256]
Event: 26.772 Thread 0x00000240d115c100 Exception <a 'java/lang/ClassNotFoundException'{0x00000000c3252950}: org/springframework/beans/factory/BeanFactoryAwareCustomizer> (0x00000000c3252950) 
thrown [s\open\src\hotspot\share\classfile\systemDictionary.cpp, line 256]
Event: 26.773 Thread 0x00000240d115c100 Exception <a 'java/lang/ClassNotFoundException'{0x00000000c3258878}: org/springframework/beans/factory/AwareCustomizer> (0x00000000c3258878) 
thrown [s\open\src\hotspot\share\classfile\systemDictionary.cpp, line 256]
Event: 26.774 Thread 0x00000240d115c100 Exception <a 'java/lang/ClassNotFoundException'{0x00000000c325d518}: org/springframework/beans/factory/InitializingBeanCustomizer> (0x00000000c325d518) 
thrown [s\open\src\hotspot\share\classfile\systemDictionary.cpp, line 256]
Event: 26.775 Thread 0x00000240d115c100 Exception <a 'java/lang/ClassNotFoundException'{0x00000000c3263730}: org/springframework/data/repository/core/support/RepositoryFactoryInformationCustomizer> (0x00000000c3263730) 
thrown [s\open\src\hotspot\share\classfile\systemDictionary.cpp, line 256]
Event: 26.777 Thread 0x00000240d115c100 Exception <a 'java/lang/ClassNotFoundException'{0x00000000c326e9d0}: org/springframework/beans/factory/FactoryBeanCustomizer> (0x00000000c326e9d0) 
thrown [s\open\src\hotspot\share\classfile\systemDictionary.cpp, line 256]
Event: 26.778 Thread 0x00000240d115c100 Exception <a 'java/lang/ClassNotFoundException'{0x00000000c3277960}: org/springframework/beans/factory/BeanClassLoaderAwareCustomizer> (0x00000000c3277960) 
thrown [s\open\src\hotspot\share\classfile\systemDictionary.cpp, line 256]
Event: 26.780 Thread 0x00000240d115c100 Exception <a 'java/lang/ClassNotFoundException'{0x00000000c327d1e8}: org/springframework/beans/factory/AwareCustomizer> (0x00000000c327d1e8) 
thrown [s\open\src\hotspot\share\classfile\systemDictionary.cpp, line 256]
Event: 26.781 Thread 0x00000240d115c100 Exception <a 'java/lang/ClassNotFoundException'{0x00000000c3281e20}: org/springframework/beans/factory/BeanFactoryAwareCustomizer> (0x00000000c3281e20) 
thrown [s\open\src\hotspot\share\classfile\systemDictionary.cpp, line 256]
Event: 26.782 Thread 0x00000240d115c100 Exception <a 'java/lang/ClassNotFoundException'{0x00000000c3287d48}: org/springframework/beans/factory/AwareCustomizer> (0x00000000c3287d48) 
thrown [s\open\src\hotspot\share\classfile\systemDictionary.cpp, line 256]
Event: 26.782 Thread 0x00000240d115c100 Exception <a 'java/lang/ClassNotFoundException'{0x00000000c328cb50}: org/springframework/context/ApplicationEventPublisherAwareCustomizer> (0x00000000c328cb50) 
thrown [s\open\src\hotspot\share\classfile\systemDictionary.cpp, line 256]
Event: 26.783 Thread 0x00000240d115c100 Exception <a 'java/lang/ClassNotFoundException'{0x00000000c3293818}: org/springframework/beans/factory/AwareCustomizer> (0x00000000c3293818) 
thrown [s\open\src\hotspot\share\classfile\systemDictionary.cpp, line 256]

VM Operations (20 events):
Event: 22.138 Executing VM operation: G1Concurrent
Event: 22.142 Executing VM operation: G1Concurrent done
Event: 22.166 Executing VM operation: G1Concurrent
Event: 22.166 Executing VM operation: G1Concurrent done
Event: 22.305 Executing VM operation: HandshakeAllThreads
Event: 22.305 Executing VM operation: HandshakeAllThreads done
Event: 22.616 Executing VM operation: HandshakeAllThreads
Event: 22.616 Executing VM operation: HandshakeAllThreads done
Event: 23.622 Executing VM operation: Cleanup
Event: 23.622 Executing VM operation: Cleanup done
Event: 23.909 Executing VM operation: G1CollectForAllocation
Event: 23.916 Executing VM operation: G1CollectForAllocation done
Event: 23.973 Executing VM operation: G1Concurrent
Event: 23.978 Executing VM operation: G1Concurrent done
Event: 24.005 Executing VM operation: G1Concurrent
Event: 24.005 Executing VM operation: G1Concurrent done
Event: 24.273 Executing VM operation: G1CollectForAllocation
Event: 24.278 Executing VM operation: G1CollectForAllocation done
Event: 24.875 Executing VM operation: G1CollectForAllocation
Event: 24.881 Executing VM operation: G1CollectForAllocation done

Events (20 events):
Event: 25.081 loading class java/io/ObjectInputValidation
Event: 25.081 loading class java/io/ObjectInputValidation done
Event: 25.081 loading class java/io/NotActiveException
Event: 25.081 loading class java/io/NotActiveException done
Event: 25.081 loading class java/io/ObjectInputFilter
Event: 25.082 loading class java/io/ObjectInputFilter done
Event: 25.083 loading class java/io/ObjectInputFilter$FilterInfo
Event: 25.083 loading class java/io/ObjectInputFilter$FilterInfo done
Event: 25.083 loading class java/io/ObjectInputFilter$Status
Event: 25.083 loading class java/io/ObjectInputFilter$Status done
Event: 25.239 loading class java/util/TimerTask
Event: 25.240 loading class java/util/TimerTask done
Event: 26.706 loading class jdk/internal/access/foreign/MemorySegmentProxy
Event: 26.707 loading class jdk/internal/access/foreign/MemorySegmentProxy done
Event: 26.734 loading class javax/naming/Reference
Event: 26.735 loading class javax/naming/Reference done
Event: 26.756 loading class java/lang/ObjectCustomizer
Event: 26.756 loading class java/lang/ObjectCustomizer done
Event: 26.756 loading class java/lang/ObjectCustomizer
Event: 26.756 loading class java/lang/ObjectCustomizer done


Dynamic libraries:
0x00007ff6f8100000 - 0x00007ff6f8110000 	C:\Program Files\Java\jdk-17.0.4.1\bin\javaw.exe
0x00007ffd55470000 - 0x00007ffd55668000 	C:\Windows\SYSTEM32\ntdll.dll
0x00007ffd53c60000 - 0x00007ffd53d1f000 	C:\Windows\System32\KERNEL32.DLL
0x00007ffd53130000 - 0x00007ffd53402000 	C:\Windows\System32\KERNELBASE.dll
0x00007ffd52f70000 - 0x00007ffd53070000 	C:\Windows\System32\ucrtbase.dll
0x00007ffd37700000 - 0x00007ffd37718000 	C:\Program Files\Java\jdk-17.0.4.1\bin\jli.dll
0x00007ffd53e10000 - 0x00007ffd53ebe000 	C:\Windows\System32\ADVAPI32.dll
0x00007ffd53d70000 - 0x00007ffd53e0e000 	C:\Windows\System32\msvcrt.dll
0x00007ffd55350000 - 0x00007ffd553ec000 	C:\Windows\System32\sechost.dll
0x00007ffd376e0000 - 0x00007ffd376fa000 	C:\Program Files\Java\jdk-17.0.4.1\bin\VCRUNTIME140.dll
0x00007ffd54be0000 - 0x00007ffd54d05000 	C:\Windows\System32\RPCRT4.dll
0x00007ffd54720000 - 0x00007ffd548c1000 	C:\Windows\System32\USER32.dll
0x00007ffd52c40000 - 0x00007ffd52c62000 	C:\Windows\System32\win32u.dll
0x00007ffd53d20000 - 0x00007ffd53d4b000 	C:\Windows\System32\GDI32.dll
0x00007ffd52c70000 - 0x00007ffd52d7f000 	C:\Windows\System32\gdi32full.dll
0x00007ffd53410000 - 0x00007ffd534ad000 	C:\Windows\System32\msvcp_win.dll
0x00007ffd405b0000 - 0x00007ffd4084a000 	C:\Windows\WinSxS\amd64_microsoft.windows.common-controls_6595b64144ccf1df_6.0.19041.1110_none_60b5254171f9507e\COMCTL32.dll
0x00007ffd49af0000 - 0x00007ffd49afa000 	C:\Windows\SYSTEM32\VERSION.dll
0x00007ffd553f0000 - 0x00007ffd55422000 	C:\Windows\System32\IMM32.DLL
0x00007ffd3faf0000 - 0x00007ffd3fafc000 	C:\Program Files\Java\jdk-17.0.4.1\bin\vcruntime140_1.dll
0x00007ffd20080000 - 0x00007ffd2010d000 	C:\Program Files\Java\jdk-17.0.4.1\bin\msvcp140.dll
0x00007ffcefb10000 - 0x00007ffcf06d2000 	C:\Program Files\Java\jdk-17.0.4.1\bin\server\jvm.dll
0x00007ffd54b00000 - 0x00007ffd54b08000 	C:\Windows\System32\PSAPI.DLL
0x00007ffd20070000 - 0x00007ffd20079000 	C:\Windows\SYSTEM32\WSOCK32.dll
0x00007ffd54930000 - 0x00007ffd5499b000 	C:\Windows\System32\WS2_32.dll
0x00007ffd2e6d0000 - 0x00007ffd2e6f7000 	C:\Windows\SYSTEM32\WINMM.dll
0x00007ffd513b0000 - 0x00007ffd513c2000 	C:\Windows\SYSTEM32\kernel.appcore.dll
0x00007ffd20060000 - 0x00007ffd2006a000 	C:\Program Files\Java\jdk-17.0.4.1\bin\jimage.dll
0x00007ffd50920000 - 0x00007ffd50b04000 	C:\Windows\SYSTEM32\DBGHELP.DLL
0x00007ffd3bcb0000 - 0x00007ffd3bce5000 	C:\Windows\SYSTEM32\dbgcore.DLL
0x00007ffd52ee0000 - 0x00007ffd52f62000 	C:\Windows\System32\bcryptPrimitives.dll
0x00007ffd20030000 - 0x00007ffd20055000 	C:\Program Files\Java\jdk-17.0.4.1\bin\java.dll
0x00007ffcf2e80000 - 0x00007ffcf2f56000 	C:\Program Files\Java\jdk-17.0.4.1\bin\jsvml.dll
0x00007ffd534b0000 - 0x00007ffd53bf4000 	C:\Windows\System32\SHELL32.dll
0x00007ffd50b10000 - 0x00007ffd512a2000 	C:\Windows\SYSTEM32\windows.storage.dll
0x00007ffd543c0000 - 0x00007ffd54715000 	C:\Windows\System32\combase.dll
0x00007ffd524e0000 - 0x00007ffd52510000 	C:\Windows\SYSTEM32\Wldp.dll
0x00007ffd54a50000 - 0x00007ffd54afd000 	C:\Windows\System32\SHCORE.dll
0x00007ffd54d90000 - 0x00007ffd54de5000 	C:\Windows\System32\shlwapi.dll
0x00007ffd52aa0000 - 0x00007ffd52abf000 	C:\Windows\SYSTEM32\profapi.dll
0x00007ffd1fff0000 - 0x00007ffd20009000 	C:\Program Files\Java\jdk-17.0.4.1\bin\net.dll
0x00007ffd43df0000 - 0x00007ffd43efc000 	C:\Windows\SYSTEM32\WINHTTP.dll
0x00007ffd52240000 - 0x00007ffd522aa000 	C:\Windows\system32\mswsock.dll
0x00007ffd1ffd0000 - 0x00007ffd1ffe6000 	C:\Program Files\Java\jdk-17.0.4.1\bin\nio.dll
0x00007ffd1ffb0000 - 0x00007ffd1ffc8000 	C:\Program Files\Java\jdk-17.0.4.1\bin\zip.dll
0x00007ffd1ffa0000 - 0x00007ffd1ffb0000 	C:\Program Files\Java\jdk-17.0.4.1\bin\verify.dll
0x00007ffd40860000 - 0x00007ffd40869000 	C:\Program Files\Java\jdk-17.0.4.1\bin\management.dll
0x00007ffd3b520000 - 0x00007ffd3b52b000 	C:\Program Files\Java\jdk-17.0.4.1\bin\management_ext.dll
0x00007ffd2e550000 - 0x00007ffd2e567000 	C:\Windows\system32\napinsp.dll
0x00007ffd2e530000 - 0x00007ffd2e54b000 	C:\Windows\system32\pnrpnsp.dll
0x00007ffd4d490000 - 0x00007ffd4d4a5000 	C:\Windows\system32\wshbth.dll
0x00007ffd4e170000 - 0x00007ffd4e18d000 	C:\Windows\system32\NLAapi.dll
0x00007ffd51f30000 - 0x00007ffd51f6b000 	C:\Windows\SYSTEM32\IPHLPAPI.DLL
0x00007ffd51f70000 - 0x00007ffd5203a000 	C:\Windows\SYSTEM32\DNSAPI.dll
0x00007ffd55340000 - 0x00007ffd55348000 	C:\Windows\System32\NSI.dll
0x00007ffd2de00000 - 0x00007ffd2de12000 	C:\Windows\System32\winrnr.dll
0x00007ffd49f70000 - 0x00007ffd49f7a000 	C:\Windows\System32\rasadhlp.dll
0x00007ffd3f160000 - 0x00007ffd3f1e0000 	C:\Windows\System32\fwpuclnt.dll
0x00007ffd52b60000 - 0x00007ffd52b87000 	C:\Windows\System32\bcrypt.dll
0x00007ffd52430000 - 0x00007ffd52448000 	C:\Windows\SYSTEM32\CRYPTSP.dll
0x00007ffd51b60000 - 0x00007ffd51b94000 	C:\Windows\system32\rsaenh.dll
0x00007ffd52a60000 - 0x00007ffd52a8e000 	C:\Windows\SYSTEM32\USERENV.dll
0x00007ffd52450000 - 0x00007ffd5245c000 	C:\Windows\SYSTEM32\CRYPTBASE.dll
0x00007ffd44190000 - 0x00007ffd441a7000 	C:\Windows\SYSTEM32\dhcpcsvc6.DLL
0x00007ffd47a10000 - 0x00007ffd47a2d000 	C:\Windows\SYSTEM32\dhcpcsvc.DLL
0x00007ffd4a320000 - 0x00007ffd4a32e000 	C:\Program Files\Java\jdk-17.0.4.1\bin\sunmscapi.dll
0x00007ffd52d80000 - 0x00007ffd52ed6000 	C:\Windows\System32\CRYPT32.dll
0x00007ffd52550000 - 0x00007ffd52577000 	C:\Windows\SYSTEM32\ncrypt.dll
0x00007ffd52510000 - 0x00007ffd5254b000 	C:\Windows\SYSTEM32\NTASN1.dll

dbghelp: loaded successfully - version: 4.0.5 - missing functions: none
symbol engine: initialized successfully - sym options: 0x614 - pdb path: .;C:\Program Files\Java\jdk-17.0.4.1\bin;C:\Windows\SYSTEM32;C:\Windows\WinSxS\amd64_microsoft.windows.common-controls_6595b64144ccf1df_6.0.19041.1110_none_60b5254171f9507e;C:\Program Files\Java\jdk-17.0.4.1\bin\server

VM Arguments:
jvm_args: -Dfile.encoding=UTF-8 -XX:+ShowCodeDetailsInExceptionMessages 
java_command: com.example.Fullstack.FullstackApplication
java_class_path (initial): E:\eclipse-workspace\Fullstack\target\classes;C:\Users\HP\.m2\repository\org\springframework\boot\spring-boot-starter-data-jpa\2.7.6\spring-boot-starter-data-jpa-2.7.6.jar;C:\Users\HP\.m2\repository\org\springframework\boot\spring-boot-starter-aop\2.7.6\spring-boot-starter-aop-2.7.6.jar;C:\Users\HP\.m2\repository\org\springframework\spring-aop\5.3.24\spring-aop-5.3.24.jar;C:\Users\HP\.m2\repository\org\aspectj\aspectjweaver\1.9.7\aspectjweaver-1.9.7.jar;C:\Users\HP\.m2\repository\org\springframework\boot\spring-boot-starter-jdbc\2.7.6\spring-boot-starter-jdbc-2.7.6.jar;C:\Users\HP\.m2\repository\com\zaxxer\HikariCP\4.0.3\HikariCP-4.0.3.jar;C:\Users\HP\.m2\repository\org\springframework\spring-jdbc\5.3.24\spring-jdbc-5.3.24.jar;C:\Users\HP\.m2\repository\jakarta\transaction\jakarta.transaction-api\1.3.3\jakarta.transaction-api-1.3.3.jar;C:\Users\HP\.m2\repository\jakarta\persistence\jakarta.persistence-api\2.2.3\jakarta.persistence-api-2.2.3.jar;C:\Users\HP\.m2\repository\org\hibernate\hibernate-core\5.6.14.Final\hibernate-core-5.6.14.Final.jar;C:\Users\HP\.m2\repository\org\jboss\logging\jboss-logging\3.4.3.Final\jboss-logging-3.4.3.Final.jar;C:\Users\HP\.m2\repository\net\bytebuddy\byte-buddy\1.12.19\byte-buddy-1.12.19.jar;C:\Users\HP\.m2\repository\antlr\antlr\2.7.7\antlr-2.7.7.jar;C:\Users\HP\.m2\repository\org\jboss\jandex\2.4.2.Final\jandex-2.4.2.Final.jar;C:\Users\HP\.m2\repository\com\fasterxml\classmate\1.5.1\classmate-1.5.1.jar;C:\Users\HP\.m2\repository\org\hibernate\common\hibernate-commons-annotations\5.1.2.Final\hibernate-commons-annotations-5.1.2.Final.jar;C:\Users\HP\.m2\repository\org\glassfish\jaxb\jaxb-runtime\2.3.7\jaxb-runtime-2.3.7.jar;C:\Users\HP\.m2\repository\org\glassfish\jaxb\txw2\2.3.7\txw2-2.3.7.jar;C:\Users\HP\.m2\repository\com\sun\istack\istack-commons-runtime\3.0.12\istack-commons-runtime-3.0.12.jar;C:\Users\HP\.m2\repository\com\sun\activation\jakarta.activation\1.2.2\jakarta.activation-1.2.2.jar;C:\Users
Launcher Type: SUN_STANDARD

[Global flags]
     intx CICompilerCount                          = 3                                         {product} {ergonomic}
     uint ConcGCThreads                            = 1                                         {product} {ergonomic}
     uint G1ConcRefinementThreads                  = 4                                         {product} {ergonomic}
   size_t G1HeapRegionSize                         = 1048576                                   {product} {ergonomic}
    uintx GCDrainStackTargetSize                   = 64                                        {product} {ergonomic}
   size_t InitialHeapSize                          = 67108864                                  {product} {ergonomic}
   size_t MarkStackSize                            = 4194304                                   {product} {ergonomic}
   size_t MaxHeapSize                              = 1052770304                                {product} {ergonomic}
   size_t MaxNewSize                               = 631242752                                 {product} {ergonomic}
   size_t MinHeapDeltaBytes                        = 1048576                                   {product} {ergonomic}
   size_t MinHeapSize                              = 8388608                                   {product} {ergonomic}
    uintx NonNMethodCodeHeapSize                   = 5832780                                {pd product} {ergonomic}
    uintx NonProfiledCodeHeapSize                  = 122912730                              {pd product} {ergonomic}
    uintx ProfiledCodeHeapSize                     = 122912730                              {pd product} {ergonomic}
    uintx ReservedCodeCacheSize                    = 251658240                              {pd product} {ergonomic}
     bool SegmentedCodeCache                       = true                                      {product} {ergonomic}
     bool ShowCodeDetailsInExceptionMessages       = true                                   {manageable} {command line}
   size_t SoftMaxHeapSize                          = 1052770304                             {manageable} {ergonomic}
     bool UseCompressedClassPointers               = true                           {product lp64_product} {ergonomic}
     bool UseCompressedOops                        = true                           {product lp64_product} {ergonomic}
     bool UseG1GC                                  = true                                      {product} {ergonomic}
     bool UseLargePagesIndividualAllocation        = false                                  {pd product} {ergonomic}

Logging:
Log output configuration:
 #0: stdout all=warning uptime,level,tags
 #1: stderr all=off uptime,level,tags

Environment Variables:
PATH=C:\Program Files\Common Files\Oracle\Java\javapath;C:\Windows\system32;C:\Windows;C:\Windows\System32\Wbem;C:\Windows\System32\WindowsPowerShell\v1.0\;C:\Windows\System32\OpenSSH\;C:\Program Files\nodejs\;C:\Program Files\MySQL\MySQL Server 8.0\bin;C:\Program Files\MySQL\MySQL Shell 8.0\bin\;C:\Users\HP\AppData\Local\Microsoft\WindowsApps;;C:\Users\HP\AppData\Local\Programs\Microsoft VS Code\bin;C:\Users\HP\AppData\Roaming\npm
USERNAME=HP
OS=Windows_NT
PROCESSOR_IDENTIFIER=Intel64 Family 6 Model 78 Stepping 3, GenuineIntel



---------------  S Y S T E M  ---------------

OS:
 Windows 10 , 64 bit Build 19041 (10.0.19041.2364)
OS uptime: 0 days 0:04 hours

CPU: total 4 (initial active 4) (2 cores per cpu, 2 threads per core) family 6 model 78 stepping 3 microcode 0xcc, cx8, cmov, fxsr, ht, mmx, 3dnowpref, sse, sse2, sse3, ssse3, sse4.1, sse4.2, popcnt, lzcnt, tsc, tscinvbit, avx, avx2, aes, erms, clmul, bmi1, bmi2, adx, fma, vzeroupper, clflush, clflushopt

Memory: 4k page, system-wide physical 4012M (230M free)
TotalPageFile size 6060M (AvailPageFile size 19M)
current process WorkingSet (physical memory assigned to process): 176M, peak: 177M
current process commit charge ("private bytes"): 207M, peak: 209M

vm_info: Java HotSpot(TM) 64-Bit Server VM (17.0.4.1+1-LTS-2) for windows-amd64 JRE (17.0.4.1+1-LTS-2), built on Aug 16 2022 18:32:06 by "mach5one" with MS VC++ 16.8 / 16.9 (VS2019)

END.
