#
# There is insufficient memory for the Java Runtime Environment to continue.
# Native memory allocation (malloc) failed to allocate 256096 bytes for Chunk::new
# Possible reasons:
#   The system is out of physical RAM or swap space
#   The process is running with CompressedOops enabled, and the Java Heap may be blocking the growth of the native heap
# Possible solutions:
#   Reduce memory load on the system
#   Increase physical memory or swap space
#   Check if swap backing store is full
#   Decrease Java heap size (-Xmx/-Xms)
#   Decrease number of Java threads
#   Decrease Java thread stack sizes (-Xss)
#   Set larger code cache with -XX:ReservedCodeCacheSize=
#   JVM is running with Unscaled Compressed Oops mode in which the Java heap is
#     placed in the first 4GB address space. The Java Heap base address is the
#     maximum limit for the native heap growth. Please use -XX:HeapBaseMinAddress
#     to set the Java Heap base and to place the Java Heap above 4GB virtual address.
# This output file may be truncated or incomplete.
#
#  Out of Memory Error (arena.cpp:189), pid=6720, tid=10588
#
# JRE version: Java(TM) SE Runtime Environment (17.0.4.1+1) (build 17.0.4.1+1-LTS-2)
# Java VM: Java HotSpot(TM) 64-Bit Server VM (17.0.4.1+1-LTS-2, mixed mode, sharing, tiered, compressed oops, compressed class ptrs, g1 gc, windows-amd64)
# No core dump will be written. Minidumps are not enabled by default on client versions of Windows
#

---------------  S U M M A R Y ------------

Command Line: -Dfile.encoding=UTF-8 -XX:+ShowCodeDetailsInExceptionMessages com.example.Fullstack.FullstackApplication

Host: Intel(R) Core(TM) i3-6006U CPU @ 2.00GHz, 4 cores, 3G,  Windows 10 , 64 bit Build 19041 (10.0.19041.2364)
Time: Fri Dec 23 14:11:31 2022 India Standard Time elapsed time: 2068.149422 seconds (0d 0h 34m 28s)

---------------  T H R E A D  ---------------

Current thread (0x00000187a679d880):  JavaThread "C2 CompilerThread0" daemon [_thread_in_native, id=10588, stack(0x0000005999300000,0x0000005999400000)]


Current CompileTask:
C2:2068149 6329       4       org.springframework.util.ConcurrentReferenceHashMap::getReference (18 bytes)

Stack: [0x0000005999300000,0x0000005999400000]
Native frames: (J=compiled Java code, j=interpreted, Vv=VM code, C=native code)
V  [jvm.dll+0x6723ba]
V  [jvm.dll+0x7d1e34]
V  [jvm.dll+0x7d35de]
V  [jvm.dll+0x7d3c43]
V  [jvm.dll+0x243065]
V  [jvm.dll+0xaa57b]
V  [jvm.dll+0xaab0c]
V  [jvm.dll+0x360467]
V  [jvm.dll+0x32a971]
V  [jvm.dll+0x329e1a]
V  [jvm.dll+0x2161a1]
V  [jvm.dll+0x2155c1]
V  [jvm.dll+0x1a1fcd]
V  [jvm.dll+0x224e08]
V  [jvm.dll+0x222f75]
V  [jvm.dll+0x787a0b]
V  [jvm.dll+0x781fca]
V  [jvm.dll+0x671245]
C  [ucrtbase.dll+0x21bb2]
C  [KERNEL32.DLL+0x17614]
C  [ntdll.dll+0x526a1]


---------------  P R O C E S S  ---------------

Threads class SMR info:
_java_thread_list=0x00000187c3c9ca60, length=31, elements={
0x00000187a6789010, 0x00000187a678a290, 0x00000187a6798230, 0x00000187a679bb10,
0x00000187a679c3d0, 0x00000187a679cc90, 0x00000187a679d880, 0x00000187c19743e0,
0x00000187c1978910, 0x00000187c245d310, 0x00000187c24713d0, 0x00000187c36e9080,
0x00000187c3c1ff30, 0x00000187c3a5c5e0, 0x00000187c698f3c0, 0x00000187c5422020,
0x00000187c3758eb0, 0x00000187c5a70500, 0x00000187c3ca78c0, 0x00000187c3ca6580,
0x00000187c3ca6a50, 0x00000187c3ca73f0, 0x00000187c3ca6f20, 0x00000187c3ca60b0,
0x00000187c5f950b0, 0x00000187c5f916f0, 0x00000187c5f95a50, 0x00000187c5f903b0,
0x00000187c5f933d0, 0x00000187c5f8f540, 0x00000187c5f94be0
}

Java Threads: ( => current thread )
  0x00000187a6789010 JavaThread "Reference Handler" daemon [_thread_blocked, id=10324, stack(0x0000005998d00000,0x0000005998e00000)]
  0x00000187a678a290 JavaThread "Finalizer" daemon [_thread_blocked, id=8648, stack(0x0000005998e00000,0x0000005998f00000)]
  0x00000187a6798230 JavaThread "Signal Dispatcher" daemon [_thread_blocked, id=11400, stack(0x0000005998f00000,0x0000005999000000)]
  0x00000187a679bb10 JavaThread "Attach Listener" daemon [_thread_blocked, id=2192, stack(0x0000005999000000,0x0000005999100000)]
  0x00000187a679c3d0 JavaThread "Service Thread" daemon [_thread_blocked, id=11456, stack(0x0000005999100000,0x0000005999200000)]
  0x00000187a679cc90 JavaThread "Monitor Deflation Thread" daemon [_thread_blocked, id=7520, stack(0x0000005999200000,0x0000005999300000)]
=>0x00000187a679d880 JavaThread "C2 CompilerThread0" daemon [_thread_in_native, id=10588, stack(0x0000005999300000,0x0000005999400000)]
  0x00000187c19743e0 JavaThread "C1 CompilerThread0" daemon [_thread_blocked, id=11360, stack(0x0000005999400000,0x0000005999500000)]
  0x00000187c1978910 JavaThread "Sweeper thread" daemon [_thread_blocked, id=8180, stack(0x0000005999500000,0x0000005999600000)]
  0x00000187c245d310 JavaThread "Notification Thread" daemon [_thread_blocked, id=4068, stack(0x0000005999600000,0x0000005999700000)]
  0x00000187c24713d0 JavaThread "Common-Cleaner" daemon [_thread_blocked, id=4072, stack(0x0000005999800000,0x0000005999900000)]
  0x00000187c36e9080 JavaThread "Catalina-utility-1" [_thread_blocked, id=8744, stack(0x0000005999900000,0x0000005999a00000)]
  0x00000187c3c1ff30 JavaThread "Catalina-utility-2" [_thread_blocked, id=6432, stack(0x000000599a100000,0x000000599a200000)]
  0x00000187c3a5c5e0 JavaThread "container-0" [_thread_blocked, id=9016, stack(0x000000599a200000,0x000000599a300000)]
  0x00000187c698f3c0 JavaThread "mysql-cj-abandoned-connection-cleanup" daemon [_thread_blocked, id=12064, stack(0x000000599a300000,0x000000599a400000)]
  0x00000187c5422020 JavaThread "HikariPool-1 housekeeper" daemon [_thread_blocked, id=7100, stack(0x000000599a000000,0x000000599a100000)]
  0x00000187c3758eb0 JavaThread "File Watcher" daemon [_thread_blocked, id=7076, stack(0x000000599a600000,0x000000599a700000)]
  0x00000187c5a70500 JavaThread "Live Reload Server" daemon [_thread_in_native, id=9432, stack(0x000000599a800000,0x000000599a900000)]
  0x00000187c3ca78c0 JavaThread "http-nio-8080-exec-1" daemon [_thread_blocked, id=6536, stack(0x000000599a700000,0x000000599a800000)]
  0x00000187c3ca6580 JavaThread "http-nio-8080-exec-2" daemon [_thread_blocked, id=3820, stack(0x000000599a900000,0x000000599aa00000)]
  0x00000187c3ca6a50 JavaThread "http-nio-8080-exec-3" daemon [_thread_blocked, id=1616, stack(0x000000599aa00000,0x000000599ab00000)]
  0x00000187c3ca73f0 JavaThread "http-nio-8080-exec-4" daemon [_thread_blocked, id=13816, stack(0x000000599ab00000,0x000000599ac00000)]
  0x00000187c3ca6f20 JavaThread "http-nio-8080-exec-5" daemon [_thread_blocked, id=13892, stack(0x000000599ac00000,0x000000599ad00000)]
  0x00000187c3ca60b0 JavaThread "http-nio-8080-exec-6" daemon [_thread_blocked, id=13896, stack(0x000000599ad00000,0x000000599ae00000)]
  0x00000187c5f950b0 JavaThread "http-nio-8080-exec-7" daemon [_thread_blocked, id=13880, stack(0x000000599ae00000,0x000000599af00000)]
  0x00000187c5f916f0 JavaThread "http-nio-8080-exec-8" daemon [_thread_blocked, id=14036, stack(0x000000599af00000,0x000000599b000000)]
  0x00000187c5f95a50 JavaThread "http-nio-8080-exec-9" daemon [_thread_blocked, id=13888, stack(0x000000599b000000,0x000000599b100000)]
  0x00000187c5f903b0 JavaThread "http-nio-8080-exec-10" daemon [_thread_blocked, id=13904, stack(0x000000599b100000,0x000000599b200000)]
  0x00000187c5f933d0 JavaThread "http-nio-8080-Poller" daemon [_thread_in_native, id=13872, stack(0x000000599b200000,0x000000599b300000)]
  0x00000187c5f8f540 JavaThread "http-nio-8080-Acceptor" daemon [_thread_in_native, id=10772, stack(0x000000599b300000,0x000000599b400000)]
  0x00000187c5f94be0 JavaThread "DestroyJavaVM" [_thread_blocked, id=2808, stack(0x0000005998600000,0x0000005998700000)]

Other Threads:
  0x00000187a6781c30 VMThread "VM Thread" [stack: 0x0000005998c00000,0x0000005998d00000] [id=3288]
  0x00000187a67191f0 WatcherThread [stack: 0x0000005999700000,0x0000005999800000] [id=9084]
  0x00000187a67032b0 GCTaskThread "GC Thread#0" [stack: 0x0000005998700000,0x0000005998800000] [id=4932]
  0x00000187c299ea10 GCTaskThread "GC Thread#1" [stack: 0x0000005999a00000,0x0000005999b00000] [id=13824]
  0x00000187c2ce7ab0 GCTaskThread "GC Thread#2" [stack: 0x0000005999b00000,0x0000005999c00000] [id=13820]
  0x00000187c2de4e70 GCTaskThread "GC Thread#3" [stack: 0x0000005999c00000,0x0000005999d00000] [id=3872]
  0x00000187a670d630 ConcurrentGCThread "G1 Main Marker" [stack: 0x0000005998800000,0x0000005998900000] [id=7192]
  0x00000187a670df50 ConcurrentGCThread "G1 Conc#0" [stack: 0x0000005998900000,0x0000005998a00000] [id=9008]
  0x00000187a6762550 ConcurrentGCThread "G1 Refine#0" [stack: 0x0000005998a00000,0x0000005998b00000] [id=10516]
  0x00000187c2caf950 ConcurrentGCThread "G1 Refine#1" [stack: 0x0000005999d00000,0x0000005999e00000] [id=4104]
  0x00000187a6762e80 ConcurrentGCThread "G1 Service" [stack: 0x0000005998b00000,0x0000005998c00000] [id=3136]

Threads with active compile tasks:
C2 CompilerThread0  2068243 6329       4       org.springframework.util.ConcurrentReferenceHashMap::getReference (18 bytes)

VM state: not at safepoint (normal execution)

VM Mutex/Monitor currently owned by a thread: None

Heap address: 0x00000000c1400000, size: 1004 MB, Compressed Oops mode: 32-bit

CDS archive(s) mapped at: [0x0000000800000000-0x0000000800bc0000-0x0000000800bc0000), size 12320768, SharedBaseAddress: 0x0000000800000000, ArchiveRelocationMode: 0.
Compressed class space mapped at: 0x0000000800c00000-0x0000000840c00000, reserved size: 1073741824
Narrow klass base: 0x0000000800000000, Narrow klass shift: 0, Narrow klass range: 0x100000000

GC Precious Log:
 CPUs: 4 total, 4 available
 Memory: 4012M
 Large Page Support: Disabled
 NUMA Support: Disabled
 Compressed Oops: Enabled (32-bit)
 Heap Region Size: 1M
 Heap Min Capacity: 8M
 Heap Initial Capacity: 64M
 Heap Max Capacity: 1004M
 Pre-touch: Disabled
 Parallel Workers: 4
 Concurrent Workers: 1
 Concurrent Refinement Workers: 4
 Periodic GC: Disabled

Heap:
 garbage-first heap   total 58368K, used 43475K [0x00000000c1400000, 0x0000000100000000)
  region size 1024K, 18 young (18432K), 1 survivors (1024K)
 Metaspace       used 61926K, committed 62272K, reserved 1105920K
  class space    used 8147K, committed 8320K, reserved 1048576K

Heap Regions: E=young(eden), S=young(survivor), O=old, HS=humongous(starts), HC=humongous(continues), CS=collection set, F=free, OA=open archive, CA=closed archive, TAMS=top-at-mark-start (previous, next)
|   0|0x00000000c1400000, 0x00000000c1500000, 0x00000000c1500000|100%|HS|  |TAMS 0x00000000c1500000, 0x00000000c1400000| Complete 
|   1|0x00000000c1500000, 0x00000000c1600000, 0x00000000c1600000|100%| O|  |TAMS 0x00000000c1600000, 0x00000000c1500000| Untracked 
|   2|0x00000000c1600000, 0x00000000c1700000, 0x00000000c1700000|100%| O|  |TAMS 0x00000000c1700000, 0x00000000c1600000| Untracked 
|   3|0x00000000c1700000, 0x00000000c1800000, 0x00000000c1800000|100%| O|  |TAMS 0x00000000c1800000, 0x00000000c1700000| Untracked 
|   4|0x00000000c1800000, 0x00000000c1900000, 0x00000000c1900000|100%| O|  |TAMS 0x00000000c1900000, 0x00000000c1800000| Untracked 
|   5|0x00000000c1900000, 0x00000000c1a00000, 0x00000000c1a00000|100%| O|  |TAMS 0x00000000c1a00000, 0x00000000c1900000| Untracked 
|   6|0x00000000c1a00000, 0x00000000c1b00000, 0x00000000c1b00000|100%| O|  |TAMS 0x00000000c1b00000, 0x00000000c1a00000| Untracked 
|   7|0x00000000c1b00000, 0x00000000c1c00000, 0x00000000c1c00000|100%| O|  |TAMS 0x00000000c1c00000, 0x00000000c1b00000| Untracked 
|   8|0x00000000c1c00000, 0x00000000c1c00000, 0x00000000c1d00000|  0%| F|  |TAMS 0x00000000c1c00000, 0x00000000c1c00000| Untracked 
|   9|0x00000000c1d00000, 0x00000000c1e00000, 0x00000000c1e00000|100%| O|  |TAMS 0x00000000c1e00000, 0x00000000c1d00000| Untracked 
|  10|0x00000000c1e00000, 0x00000000c1f00000, 0x00000000c1f00000|100%| O|  |TAMS 0x00000000c1f00000, 0x00000000c1e00000| Untracked 
|  11|0x00000000c1f00000, 0x00000000c2000000, 0x00000000c2000000|100%| O|  |TAMS 0x00000000c2000000, 0x00000000c1f00000| Untracked 
|  12|0x00000000c2000000, 0x00000000c2000000, 0x00000000c2100000|  0%| F|  |TAMS 0x00000000c2000000, 0x00000000c2000000| Untracked 
|  13|0x00000000c2100000, 0x00000000c2200000, 0x00000000c2200000|100%| O|  |TAMS 0x00000000c2200000, 0x00000000c2100000| Untracked 
|  14|0x00000000c2200000, 0x00000000c2300000, 0x00000000c2300000|100%| O|  |TAMS 0x00000000c2300000, 0x00000000c2200000| Untracked 
|  15|0x00000000c2300000, 0x00000000c2400000, 0x00000000c2400000|100%| O|  |TAMS 0x00000000c2400000, 0x00000000c2300000| Untracked 
|  16|0x00000000c2400000, 0x00000000c2500000, 0x00000000c2500000|100%| O|  |TAMS 0x00000000c2500000, 0x00000000c2400000| Untracked 
|  17|0x00000000c2500000, 0x00000000c2600000, 0x00000000c2600000|100%| O|  |TAMS 0x00000000c2600000, 0x00000000c2500000| Untracked 
|  18|0x00000000c2600000, 0x00000000c2700000, 0x00000000c2700000|100%| O|  |TAMS 0x00000000c2700000, 0x00000000c2600000| Untracked 
|  19|0x00000000c2700000, 0x00000000c2800000, 0x00000000c2800000|100%| O|  |TAMS 0x00000000c2800000, 0x00000000c2700000| Untracked 
|  20|0x00000000c2800000, 0x00000000c2900000, 0x00000000c2900000|100%| O|  |TAMS 0x00000000c2900000, 0x00000000c2800000| Untracked 
|  21|0x00000000c2900000, 0x00000000c2a00000, 0x00000000c2a00000|100%| O|  |TAMS 0x00000000c2a00000, 0x00000000c2900000| Untracked 
|  22|0x00000000c2a00000, 0x00000000c2a00000, 0x00000000c2b00000|  0%| F|  |TAMS 0x00000000c2a00000, 0x00000000c2a00000| Untracked 
|  23|0x00000000c2b00000, 0x00000000c2b00000, 0x00000000c2c00000|  0%| F|  |TAMS 0x00000000c2b00000, 0x00000000c2b00000| Untracked 
|  24|0x00000000c2c00000, 0x00000000c2d00000, 0x00000000c2d00000|100%| O|  |TAMS 0x00000000c2d00000, 0x00000000c2c00000| Untracked 
|  25|0x00000000c2d00000, 0x00000000c2e00000, 0x00000000c2e00000|100%| O|  |TAMS 0x00000000c2e00000, 0x00000000c2d00000| Untracked 
|  26|0x00000000c2e00000, 0x00000000c2f00000, 0x00000000c2f00000|100%| O|  |TAMS 0x00000000c2f00000, 0x00000000c2e00000| Untracked 
|  27|0x00000000c2f00000, 0x00000000c3000000, 0x00000000c3000000|100%| O|  |TAMS 0x00000000c2f0e200, 0x00000000c2f00000| Untracked 
|  28|0x00000000c3000000, 0x00000000c3100000, 0x00000000c3100000|100%| O|  |TAMS 0x00000000c3000000, 0x00000000c3000000| Untracked 
|  29|0x00000000c3100000, 0x00000000c31db000, 0x00000000c3200000| 85%| O|  |TAMS 0x00000000c3100000, 0x00000000c3100000| Untracked 
|  30|0x00000000c3200000, 0x00000000c3200000, 0x00000000c3300000|  0%| F|  |TAMS 0x00000000c3200000, 0x00000000c3200000| Untracked 
|  31|0x00000000c3300000, 0x00000000c3300000, 0x00000000c3400000|  0%| F|  |TAMS 0x00000000c3300000, 0x00000000c3300000| Untracked 
|  32|0x00000000c3400000, 0x00000000c3400000, 0x00000000c3500000|  0%| F|  |TAMS 0x00000000c3400000, 0x00000000c3400000| Untracked 
|  33|0x00000000c3500000, 0x00000000c3500000, 0x00000000c3600000|  0%| F|  |TAMS 0x00000000c3500000, 0x00000000c3500000| Untracked 
|  34|0x00000000c3600000, 0x00000000c3600000, 0x00000000c3700000|  0%| F|  |TAMS 0x00000000c3600000, 0x00000000c3600000| Untracked 
|  35|0x00000000c3700000, 0x00000000c3700000, 0x00000000c3800000|  0%| F|  |TAMS 0x00000000c3700000, 0x00000000c3700000| Untracked 
|  36|0x00000000c3800000, 0x00000000c3800000, 0x00000000c3900000|  0%| F|  |TAMS 0x00000000c3800000, 0x00000000c3800000| Untracked 
|  37|0x00000000c3900000, 0x00000000c3900000, 0x00000000c3a00000|  0%| F|  |TAMS 0x00000000c3900000, 0x00000000c3900000| Untracked 
|  38|0x00000000c3a00000, 0x00000000c3a00000, 0x00000000c3b00000|  0%| F|  |TAMS 0x00000000c3a00000, 0x00000000c3a00000| Untracked 
|  39|0x00000000c3b00000, 0x00000000c3b17f78, 0x00000000c3c00000|  9%| E|  |TAMS 0x00000000c3b00000, 0x00000000c3b00000| Complete 
|  40|0x00000000c3c00000, 0x00000000c3d00000, 0x00000000c3d00000|100%| E|CS|TAMS 0x00000000c3c00000, 0x00000000c3c00000| Complete 
|  41|0x00000000c3d00000, 0x00000000c3e00000, 0x00000000c3e00000|100%| E|CS|TAMS 0x00000000c3d00000, 0x00000000c3d00000| Complete 
|  42|0x00000000c3e00000, 0x00000000c3f00000, 0x00000000c3f00000|100%| E|CS|TAMS 0x00000000c3e00000, 0x00000000c3e00000| Complete 
|  43|0x00000000c3f00000, 0x00000000c4000000, 0x00000000c4000000|100%| E|CS|TAMS 0x00000000c3f00000, 0x00000000c3f00000| Complete 
|  44|0x00000000c4000000, 0x00000000c4100000, 0x00000000c4100000|100%| E|CS|TAMS 0x00000000c4000000, 0x00000000c4000000| Complete 
|  45|0x00000000c4100000, 0x00000000c4200000, 0x00000000c4200000|100%| E|CS|TAMS 0x00000000c4100000, 0x00000000c4100000| Complete 
|  46|0x00000000c4200000, 0x00000000c4300000, 0x00000000c4300000|100%| E|CS|TAMS 0x00000000c4200000, 0x00000000c4200000| Complete 
|  47|0x00000000c4300000, 0x00000000c4400000, 0x00000000c4400000|100%| E|CS|TAMS 0x00000000c4300000, 0x00000000c4300000| Complete 
|  48|0x00000000c4400000, 0x00000000c4500000, 0x00000000c4500000|100%| E|CS|TAMS 0x00000000c4400000, 0x00000000c4400000| Complete 
|  49|0x00000000c4500000, 0x00000000c4600000, 0x00000000c4600000|100%| E|CS|TAMS 0x00000000c4500000, 0x00000000c4500000| Complete 
|  50|0x00000000c4600000, 0x00000000c4700000, 0x00000000c4700000|100%| E|CS|TAMS 0x00000000c4600000, 0x00000000c4600000| Complete 
|  51|0x00000000c4700000, 0x00000000c4800000, 0x00000000c4800000|100%| E|CS|TAMS 0x00000000c4700000, 0x00000000c4700000| Complete 
|  52|0x00000000c4800000, 0x00000000c4900000, 0x00000000c4900000|100%| E|CS|TAMS 0x00000000c4800000, 0x00000000c4800000| Complete 
|  53|0x00000000c4900000, 0x00000000c4a00000, 0x00000000c4a00000|100%| E|CS|TAMS 0x00000000c4900000, 0x00000000c4900000| Complete 
|  54|0x00000000c4a00000, 0x00000000c4b00000, 0x00000000c4b00000|100%| E|CS|TAMS 0x00000000c4a00000, 0x00000000c4a00000| Complete 
|  55|0x00000000c4b00000, 0x00000000c4b99e50, 0x00000000c4c00000| 60%| S|CS|TAMS 0x00000000c4b00000, 0x00000000c4b00000| Complete 
|  63|0x00000000c5300000, 0x00000000c5400000, 0x00000000c5400000|100%| E|CS|TAMS 0x00000000c5300000, 0x00000000c5300000| Complete 

Card table byte_map: [0x00000187bd140000,0x00000187bd340000] _byte_map_base: 0x00000187bcb36000

Marking Bits (Prev, Next): (CMBitMap*) 0x00000187a67047e0, (CMBitMap*) 0x00000187a6704820
 Prev Bits: [0x00000187bd540000, 0x00000187be4f0000)
 Next Bits: [0x00000187be4f0000, 0x00000187bf4a0000)

Polling page: 0x00000187a4620000

Metaspace:

Usage:
  Non-class:     52.52 MB used.
      Class:      7.96 MB used.
       Both:     60.48 MB used.

Virtual space:
  Non-class space:       56.00 MB reserved,      52.69 MB ( 94%) committed,  7 nodes.
      Class space:        1.00 GB reserved,       8.12 MB ( <1%) committed,  1 nodes.
             Both:        1.05 GB reserved,      60.81 MB (  6%) committed. 

Chunk freelists:
   Non-Class:  2.51 MB
       Class:  3.87 MB
        Both:  6.38 MB

MaxMetaspaceSize: unlimited
CompressedClassSpaceSize: 1.00 GB
Initial GC threshold: 21.00 MB
Current GC threshold: 100.75 MB
CDS: on
MetaspaceReclaimPolicy: balanced
 - commit_granule_bytes: 65536.
 - commit_granule_words: 8192.
 - virtual_space_node_default_size: 1048576.
 - enlarge_chunks_in_place: 1.
 - new_chunks_are_fully_committed: 0.
 - uncommit_free_chunks: 1.
 - use_allocation_guard: 0.
 - handle_deallocations: 1.


Internal statistics:

num_allocs_failed_limit: 9.
num_arena_births: 370.
num_arena_deaths: 54.
num_vsnodes_births: 8.
num_vsnodes_deaths: 0.
num_space_committed: 973.
num_space_uncommitted: 0.
num_chunks_returned_to_freelist: 72.
num_chunks_taken_from_freelist: 2497.
num_chunk_merges: 13.
num_chunk_splits: 1802.
num_chunks_enlarged: 1482.
num_purges: 2.
num_inconsistent_stats: 0.

CodeHeap 'non-profiled nmethods': size=120000Kb used=3270Kb max_used=3270Kb free=116729Kb
 bounds [0x00000187b5a10000, 0x00000187b5d50000, 0x00000187bcf40000]
CodeHeap 'profiled nmethods': size=120000Kb used=10816Kb max_used=10816Kb free=109183Kb
 bounds [0x00000187ae4e0000, 0x00000187aef80000, 0x00000187b5a10000]
CodeHeap 'non-nmethods': size=5760Kb used=1346Kb max_used=1422Kb free=4413Kb
 bounds [0x00000187adf40000, 0x00000187ae1b0000, 0x00000187ae4e0000]
 total_blobs=6159 nmethods=5479 adapters=592
 compilation: enabled
              stopped_count=0, restarted_count=0
 full_count=0

Compilation events (20 events):
Event: 2068.007 Thread 0x00000187c19743e0 nmethod 6325 0x00000187ae7e1a10 code [0x00000187ae7e1ba0, 0x00000187ae7e1c98]
Event: 2068.008 Thread 0x00000187c19743e0 6326       3       org.thymeleaf.standard.inline.OutputExpressionInlinePreProcessorHandler::increaseExecLevel (11 bytes)
Event: 2068.008 Thread 0x00000187c19743e0 nmethod 6326 0x00000187aef6d090 code [0x00000187aef6d220, 0x00000187aef6d338]
Event: 2068.008 Thread 0x00000187a679d880 6327       4       org.attoparser.util.TextUtil::equals (20 bytes)
Event: 2068.008 Thread 0x00000187c19743e0 6328       3       java.nio.Buffer::reset (24 bytes)
Event: 2068.009 Thread 0x00000187c19743e0 nmethod 6328 0x00000187aef6d410 code [0x00000187aef6d5c0, 0x00000187aef6d788]
Event: 2068.010 Thread 0x00000187c19743e0 6330       1       org.springframework.beans.GenericTypeAwarePropertyDescriptor::getPropertyType (5 bytes)
Event: 2068.010 Thread 0x00000187c19743e0 nmethod 6330 0x00000187b5d40990 code [0x00000187b5d40b20, 0x00000187b5d40bf8]
Event: 2068.011 Thread 0x00000187c19743e0 6331       3       org.thymeleaf.standard.inline.OutputExpressionInlinePreProcessorHandler::decreaseExecLevel (57 bytes)
Event: 2068.011 Thread 0x00000187c19743e0 nmethod 6331 0x00000187aef6d890 code [0x00000187aef6da40, 0x00000187aef6dd98]
Event: 2068.012 Thread 0x00000187c19743e0 6332       3       org.springframework.beans.PropertyAccessorUtils::getNestedPropertySeparatorIndex (118 bytes)
Event: 2068.013 Thread 0x00000187c19743e0 nmethod 6332 0x00000187aef6df10 code [0x00000187aef6e160, 0x00000187aef6ec18]
Event: 2068.013 Thread 0x00000187c19743e0 6334       3       org.thymeleaf.processor.element.MatchingElementName::matches (135 bytes)
Event: 2068.015 Thread 0x00000187c19743e0 nmethod 6334 0x00000187aef6f010 code [0x00000187aef6f260, 0x00000187aef6fe68]
Event: 2068.015 Thread 0x00000187c19743e0 6336       3       org.thymeleaf.context.WebEngineContext$RequestAttributesVariablesMap::decreaseLevel (262 bytes)
Event: 2068.017 Thread 0x00000187c19743e0 nmethod 6336 0x00000187aef70090 code [0x00000187aef70340, 0x00000187aef713d8]
Event: 2068.017 Thread 0x00000187c19743e0 6335       3       org.thymeleaf.context.WebEngineContext::decreaseLevel (8 bytes)
Event: 2068.017 Thread 0x00000187c19743e0 nmethod 6335 0x00000187aef71a90 code [0x00000187aef71c40, 0x00000187aef71d88]
Event: 2068.031 Thread 0x00000187a679d880 nmethod 6327 0x00000187b5d40c90 code [0x00000187b5d40e60, 0x00000187b5d41518]
Event: 2068.031 Thread 0x00000187a679d880 6329       4       org.springframework.util.ConcurrentReferenceHashMap::getReference (18 bytes)

GC Heap History (20 events):
Event: 10.902 GC heap before
{Heap before GC invocations=10 (full 0):
 garbage-first heap   total 48128K, used 35088K [0x00000000c1400000, 0x0000000100000000)
  region size 1024K, 20 young (20480K), 3 survivors (3072K)
 Metaspace       used 41667K, committed 41984K, reserved 1089536K
  class space    used 5460K, committed 5632K, reserved 1048576K
}
Event: 10.909 GC heap after
{Heap after GC invocations=11 (full 0):
 garbage-first heap   total 48128K, used 19017K [0x00000000c1400000, 0x0000000100000000)
  region size 1024K, 3 young (3072K), 3 survivors (3072K)
 Metaspace       used 41667K, committed 41984K, reserved 1089536K
  class space    used 5460K, committed 5632K, reserved 1048576K
}
Event: 11.411 GC heap before
{Heap before GC invocations=12 (full 0):
 garbage-first heap   total 48128K, used 35401K [0x00000000c1400000, 0x0000000100000000)
  region size 1024K, 19 young (19456K), 3 survivors (3072K)
 Metaspace       used 44993K, committed 45312K, reserved 1089536K
  class space    used 5928K, committed 6080K, reserved 1048576K
}
Event: 11.420 GC heap after
{Heap after GC invocations=13 (full 0):
 garbage-first heap   total 48128K, used 19927K [0x00000000c1400000, 0x0000000100000000)
  region size 1024K, 3 young (3072K), 3 survivors (3072K)
 Metaspace       used 44993K, committed 45312K, reserved 1089536K
  class space    used 5928K, committed 6080K, reserved 1048576K
}
Event: 12.656 GC heap before
{Heap before GC invocations=13 (full 0):
 garbage-first heap   total 48128K, used 35287K [0x00000000c1400000, 0x0000000100000000)
  region size 1024K, 18 young (18432K), 3 survivors (3072K)
 Metaspace       used 48443K, committed 48768K, reserved 1097728K
  class space    used 6452K, committed 6592K, reserved 1048576K
}
Event: 12.663 GC heap after
{Heap after GC invocations=14 (full 0):
 garbage-first heap   total 58368K, used 20862K [0x00000000c1400000, 0x0000000100000000)
  region size 1024K, 2 young (2048K), 2 survivors (2048K)
 Metaspace       used 48443K, committed 48768K, reserved 1097728K
  class space    used 6452K, committed 6592K, reserved 1048576K
}
Event: 13.368 GC heap before
{Heap before GC invocations=14 (full 0):
 garbage-first heap   total 58368K, used 44414K [0x00000000c1400000, 0x0000000100000000)
  region size 1024K, 25 young (25600K), 2 survivors (2048K)
 Metaspace       used 51706K, committed 52032K, reserved 1097728K
  class space    used 6912K, committed 7040K, reserved 1048576K
}
Event: 13.378 GC heap after
{Heap after GC invocations=15 (full 0):
 garbage-first heap   total 58368K, used 22841K [0x00000000c1400000, 0x0000000100000000)
  region size 1024K, 4 young (4096K), 4 survivors (4096K)
 Metaspace       used 51706K, committed 52032K, reserved 1097728K
  class space    used 6912K, committed 7040K, reserved 1048576K
}
Event: 228.784 GC heap before
{Heap before GC invocations=15 (full 0):
 garbage-first heap   total 58368K, used 44345K [0x00000000c1400000, 0x0000000100000000)
  region size 1024K, 25 young (25600K), 4 survivors (4096K)
 Metaspace       used 53928K, committed 54272K, reserved 1097728K
  class space    used 7195K, committed 7360K, reserved 1048576K
}
Event: 228.856 GC heap after
{Heap after GC invocations=16 (full 0):
 garbage-first heap   total 58368K, used 24304K [0x00000000c1400000, 0x0000000100000000)
  region size 1024K, 2 young (2048K), 2 survivors (2048K)
 Metaspace       used 53928K, committed 54272K, reserved 1097728K
  class space    used 7195K, committed 7360K, reserved 1048576K
}
Event: 331.396 GC heap before
{Heap before GC invocations=16 (full 0):
 garbage-first heap   total 58368K, used 43760K [0x00000000c1400000, 0x0000000100000000)
  region size 1024K, 22 young (22528K), 2 survivors (2048K)
 Metaspace       used 58972K, committed 59328K, reserved 1105920K
  class space    used 7818K, committed 8000K, reserved 1048576K
}
Event: 331.487 GC heap after
{Heap after GC invocations=17 (full 0):
 garbage-first heap   total 58368K, used 26620K [0x00000000c1400000, 0x0000000100000000)
  region size 1024K, 3 young (3072K), 3 survivors (3072K)
 Metaspace       used 58972K, committed 59328K, reserved 1105920K
  class space    used 7818K, committed 8000K, reserved 1048576K
}
Event: 628.346 GC heap before
{Heap before GC invocations=17 (full 0):
 garbage-first heap   total 58368K, used 44028K [0x00000000c1400000, 0x0000000100000000)
  region size 1024K, 21 young (21504K), 3 survivors (3072K)
 Metaspace       used 61486K, committed 61824K, reserved 1105920K
  class space    used 8115K, committed 8256K, reserved 1048576K
}
Event: 628.452 GC heap after
{Heap after GC invocations=18 (full 0):
 garbage-first heap   total 58368K, used 28270K [0x00000000c1400000, 0x0000000100000000)
  region size 1024K, 2 young (2048K), 2 survivors (2048K)
 Metaspace       used 61486K, committed 61824K, reserved 1105920K
  class space    used 8115K, committed 8256K, reserved 1048576K
}
Event: 1323.880 GC heap before
{Heap before GC invocations=18 (full 0):
 garbage-first heap   total 58368K, used 44654K [0x00000000c1400000, 0x0000000100000000)
  region size 1024K, 18 young (18432K), 2 survivors (2048K)
 Metaspace       used 61511K, committed 61888K, reserved 1105920K
  class space    used 8115K, committed 8256K, reserved 1048576K
}
Event: 1323.902 GC heap after
{Heap after GC invocations=19 (full 0):
 garbage-first heap   total 58368K, used 28183K [0x00000000c1400000, 0x0000000100000000)
  region size 1024K, 2 young (2048K), 2 survivors (2048K)
 Metaspace       used 61511K, committed 61888K, reserved 1105920K
  class space    used 8115K, committed 8256K, reserved 1048576K
}
Event: 1798.642 GC heap before
{Heap before GC invocations=20 (full 0):
 garbage-first heap   total 58368K, used 44567K [0x00000000c1400000, 0x0000000100000000)
  region size 1024K, 19 young (19456K), 2 survivors (2048K)
 Metaspace       used 61508K, committed 61888K, reserved 1105920K
  class space    used 8105K, committed 8256K, reserved 1048576K
}
Event: 1798.656 GC heap after
{Heap after GC invocations=21 (full 0):
 garbage-first heap   total 58368K, used 28385K [0x00000000c1400000, 0x0000000100000000)
  region size 1024K, 2 young (2048K), 2 survivors (2048K)
 Metaspace       used 61508K, committed 61888K, reserved 1105920K
  class space    used 8105K, committed 8256K, reserved 1048576K
}
Event: 1798.699 GC heap before
{Heap before GC invocations=21 (full 0):
 garbage-first heap   total 58368K, used 29409K [0x00000000c1400000, 0x0000000100000000)
  region size 1024K, 3 young (3072K), 2 survivors (2048K)
 Metaspace       used 61511K, committed 61888K, reserved 1105920K
  class space    used 8105K, committed 8256K, reserved 1048576K
}
Event: 1798.765 GC heap after
{Heap after GC invocations=22 (full 0):
 garbage-first heap   total 58368K, used 27091K [0x00000000c1400000, 0x0000000100000000)
  region size 1024K, 1 young (1024K), 1 survivors (1024K)
 Metaspace       used 61511K, committed 61888K, reserved 1105920K
  class space    used 8105K, committed 8256K, reserved 1048576K
}

Deoptimization events (20 events):
Event: 2019.113 Thread 0x00000187c5f950b0 Uncommon trap: trap_request=0xffffff45 fr.pc=0x00000187b5aa5204 relative=0x00000000000004a4
Event: 2019.113 Thread 0x00000187c5f950b0 Uncommon trap: reason=unstable_if action=reinterpret pc=0x00000187b5aa5204 method=org.thymeleaf.util.ProcessorComparators$ProcessorPrecedenceComparator.compare(Lorg/thymeleaf/processor/IProcessor;Lorg/thymeleaf/processor/IProcessor;)I @ 2 c2
Event: 2019.113 Thread 0x00000187c5f950b0 DEOPT PACKING pc=0x00000187b5aa5204 sp=0x000000599aefc780
Event: 2019.113 Thread 0x00000187c5f950b0 DEOPT UNPACKING pc=0x00000187adf923a3 sp=0x000000599aefc718 mode 2
Event: 2019.119 Thread 0x00000187c5f950b0 Uncommon trap: trap_request=0xffffff54 fr.pc=0x00000187b5cc2194 relative=0x0000000000000694
Event: 2019.119 Thread 0x00000187c5f950b0 Uncommon trap: reason=speculate_null_assert action=make_not_entrant pc=0x00000187b5cc2194 method=org.springframework.util.ConcurrentReferenceHashMap$Segment.restructureIfNecessary(Z)V @ 41 c2
Event: 2019.119 Thread 0x00000187c5f950b0 DEOPT PACKING pc=0x00000187b5cc2194 sp=0x000000599aefc260
Event: 2019.119 Thread 0x00000187c5f950b0 DEOPT UNPACKING pc=0x00000187adf923a3 sp=0x000000599aefc148 mode 2
Event: 2019.123 Thread 0x00000187c5f950b0 Uncommon trap: trap_request=0xffffff54 fr.pc=0x00000187b5cc3bcc relative=0x000000000000054c
Event: 2019.123 Thread 0x00000187c5f950b0 Uncommon trap: reason=speculate_null_assert action=make_not_entrant pc=0x00000187b5cc3bcc method=org.springframework.util.ConcurrentReferenceHashMap$Segment.restructureIfNecessary(Z)V @ 41 c2
Event: 2019.123 Thread 0x00000187c5f950b0 DEOPT PACKING pc=0x00000187b5cc3bcc sp=0x000000599aefc1f0
Event: 2019.123 Thread 0x00000187c5f950b0 DEOPT UNPACKING pc=0x00000187adf923a3 sp=0x000000599aefc148 mode 2
Event: 2037.813 Thread 0x00000187c3ca78c0 Uncommon trap: trap_request=0xffffff45 fr.pc=0x00000187b5b23324 relative=0x0000000000000104
Event: 2037.813 Thread 0x00000187c3ca78c0 Uncommon trap: reason=unstable_if action=reinterpret pc=0x00000187b5b23324 method=org.springframework.util.ObjectUtils.nullSafeEquals(Ljava/lang/Object;Ljava/lang/Object;)Z @ 12 c2
Event: 2037.813 Thread 0x00000187c3ca78c0 DEOPT PACKING pc=0x00000187b5b23324 sp=0x000000599a7fbfa0
Event: 2037.813 Thread 0x00000187c3ca78c0 DEOPT UNPACKING pc=0x00000187adf923a3 sp=0x000000599a7fbf40 mode 2
Event: 2060.396 Thread 0x00000187c5f916f0 Uncommon trap: trap_request=0xffffff6e fr.pc=0x00000187b5d39bdc relative=0x00000000000004fc
Event: 2060.396 Thread 0x00000187c5f916f0 Uncommon trap: reason=loop_limit_check action=maybe_recompile pc=0x00000187b5d39bdc method=org.attoparser.util.TextUtil.equals(Z[CII[CII)Z @ 68 c2
Event: 2060.396 Thread 0x00000187c5f916f0 DEOPT PACKING pc=0x00000187b5d39bdc sp=0x000000599affd470
Event: 2060.396 Thread 0x00000187c5f916f0 DEOPT UNPACKING pc=0x00000187adf923a3 sp=0x000000599affd410 mode 2

Classes unloaded (20 events):
Event: 1324.028 Thread 0x00000187a6781c30 Unloading class 0x0000000800e24000 'jdk/internal/reflect/GeneratedConstructorAccessor9'
Event: 1324.028 Thread 0x00000187a6781c30 Unloading class 0x0000000800e19800 'jdk/internal/reflect/GeneratedConstructorAccessor8'
Event: 1324.028 Thread 0x00000187a6781c30 Unloading class 0x0000000800e19400 'jdk/internal/reflect/GeneratedConstructorAccessor7'
Event: 1324.028 Thread 0x00000187a6781c30 Unloading class 0x0000000800e19000 'jdk/internal/reflect/GeneratedConstructorAccessor6'
Event: 1324.084 Thread 0x00000187a6781c30 Unloading class 0x0000000800e0c400 'jdk/internal/reflect/GeneratedConstructorAccessor5'
Event: 1324.085 Thread 0x00000187a6781c30 Unloading class 0x0000000800de0400 'java/lang/invoke/LambdaForm$DMH+0x0000000800de0400'
Event: 1324.085 Thread 0x00000187a6781c30 Unloading class 0x0000000800d46400 'java/lang/invoke/LambdaForm$MH+0x0000000800d46400'
Event: 1324.085 Thread 0x00000187a6781c30 Unloading class 0x0000000800d46000 'java/lang/invoke/LambdaForm$MH+0x0000000800d46000'
Event: 1324.085 Thread 0x00000187a6781c30 Unloading class 0x0000000800d45c00 'java/lang/invoke/LambdaForm$MH+0x0000000800d45c00'
Event: 1324.085 Thread 0x00000187a6781c30 Unloading class 0x0000000800d45800 'java/lang/invoke/LambdaForm$MH+0x0000000800d45800'
Event: 1324.085 Thread 0x00000187a6781c30 Unloading class 0x0000000800d45000 'java/lang/invoke/LambdaForm$MH+0x0000000800d45000'
Event: 1324.085 Thread 0x00000187a6781c30 Unloading class 0x0000000800d44c00 'java/lang/invoke/LambdaForm$MH+0x0000000800d44c00'
Event: 1324.085 Thread 0x00000187a6781c30 Unloading class 0x0000000800d44800 'java/lang/invoke/LambdaForm$MH+0x0000000800d44800'
Event: 1324.085 Thread 0x00000187a6781c30 Unloading class 0x0000000800d44400 'java/lang/invoke/LambdaForm$MH+0x0000000800d44400'
Event: 1324.085 Thread 0x00000187a6781c30 Unloading class 0x0000000800d13000 'java/lang/invoke/LambdaForm$MH+0x0000000800d13000'
Event: 1324.085 Thread 0x00000187a6781c30 Unloading class 0x0000000800d12800 'java/lang/invoke/LambdaForm$MH+0x0000000800d12800'
Event: 1324.085 Thread 0x00000187a6781c30 Unloading class 0x0000000800d12400 'java/lang/invoke/LambdaForm$MH+0x0000000800d12400'
Event: 1324.085 Thread 0x00000187a6781c30 Unloading class 0x0000000800d12000 'java/lang/invoke/LambdaForm$MH+0x0000000800d12000'
Event: 1324.085 Thread 0x00000187a6781c30 Unloading class 0x0000000800d11800 'java/lang/invoke/LambdaForm$MH+0x0000000800d11800'
Event: 1324.085 Thread 0x00000187a6781c30 Unloading class 0x0000000800d11000 'java/lang/invoke/LambdaForm$MH+0x0000000800d11000'

Classes redefined (0 events):
No events

Internal exceptions (20 events):
Event: 13.868 Thread 0x00000187c2f62360 Exception <a 'java/lang/NoSuchMethodError'{0x00000000c40c7e68}: 'java.lang.Object java.lang.invoke.DirectMethodHandle$Holder.invokeSpecial(java.lang.Object, java.lang.Object, java.lang.Object, int, java.lang.Object, int)'> (0x00000000c40c7e68) 
thrown [s\open\src\hotspot\share\interpreter\linkResolver.cpp, line 759]
Event: 13.869 Thread 0x00000187c2f62360 Exception <a 'java/lang/NoSuchMethodError'{0x00000000c40d1d40}: 'void java.lang.invoke.DirectMethodHandle$Holder.invokeVirtual(java.lang.Object, java.lang.Object)'> (0x00000000c40d1d40) 
thrown [s\open\src\hotspot\share\interpreter\linkResolver.cpp, line 759]
Event: 329.561 Thread 0x00000187c3ca78c0 Exception <a 'java/lang/NoSuchMethodError'{0x00000000c41a5468}: 'java.lang.Object java.lang.invoke.DirectMethodHandle$Holder.invokeInterface(java.lang.Object, java.lang.Object, java.lang.Object, java.lang.Object)'> (0x00000000c41a5468) 
thrown [s\open\src\hotspot\share\interpreter\linkResolver.cpp, line 759]
Event: 330.261 Thread 0x00000187c3ca78c0 Exception <a 'java/lang/NoSuchMethodError'{0x00000000c407c7e0}: 'java.lang.Object java.lang.invoke.DirectMethodHandle$Holder.invokeStaticInit(java.lang.Object, java.lang.Object, java.lang.Object, java.lang.Object, java.lang.Object, java.lang.Object)'> (0x00000000c407c7e0) 
thrown [s\open\src\hotspot\share\interpreter\linkResolver.cpp, line 759]
Event: 334.186 Thread 0x00000187c3ca6580 Exception <a 'java/lang/NoSuchMethodError'{0x00000000c48fd4d0}: 'java.lang.Object java.lang.invoke.DirectMethodHandle$Holder.invokeStatic(java.lang.Object, int, int)'> (0x00000000c48fd4d0) 
thrown [s\open\src\hotspot\share\interpreter\linkResolver.cpp, line 759]
Event: 341.076 Thread 0x00000187c3ca6f20 Exception <a 'java/lang/ClassNotFoundException'{0x00000000c43366d8}: java/lang/ObjectCustomizer> (0x00000000c43366d8) 
thrown [s\open\src\hotspot\share\classfile\systemDictionary.cpp, line 256]
Event: 341.079 Thread 0x00000187c3ca6f20 Exception <a 'java/lang/ClassNotFoundException'{0x00000000c4343260}: com/example/Fullstack/blueprint/BankCustomizer> (0x00000000c4343260) 
thrown [s\open\src\hotspot\share\classfile\systemDictionary.cpp, line 256]
Event: 343.874 Thread 0x00000187c5f950b0 Exception <a 'java/lang/ClassNotFoundException'{0x00000000c42e4fb8}: java/lang/ObjectCustomizer> (0x00000000c42e4fb8) 
thrown [s\open\src\hotspot\share\classfile\systemDictionary.cpp, line 256]
Event: 343.877 Thread 0x00000187c5f950b0 Exception <a 'java/lang/ClassNotFoundException'{0x00000000c42f04f8}: com/example/Fullstack/blueprint/AdministratorCustomizer> (0x00000000c42f04f8) 
thrown [s\open\src\hotspot\share\classfile\systemDictionary.cpp, line 256]
Event: 1459.946 Thread 0x00000187c5f903b0 Implicit null exception at 0x00000187b5b4fb36 to 0x00000187b5b502a4
Event: 1459.950 Thread 0x00000187c5f903b0 Implicit null exception at 0x00000187b5c12c80 to 0x00000187b5c13a00
Event: 1459.966 Thread 0x00000187c5f903b0 Implicit null exception at 0x00000187b5b6efb6 to 0x00000187b5b6f998
Event: 1798.249 Thread 0x00000187c5f90d50 Exception <a 'java/io/IOException'{0x00000000c3d6a190}> (0x00000000c3d6a190) 
thrown [s\open\src\hotspot\share\prims\jni.cpp, line 516]
Event: 1798.250 Thread 0x00000187c5f90d50 Exception <a 'java/io/IOException'{0x00000000c3d6acd0}> (0x00000000c3d6acd0) 
thrown [s\open\src\hotspot\share\prims\jni.cpp, line 516]
Event: 1978.444 Thread 0x00000187c3ca6a50 Exception <a 'java/lang/ClassNotFoundException'{0x00000000c41a8d78}: java/lang/ObjectCustomizer> (0x00000000c41a8d78) 
thrown [s\open\src\hotspot\share\classfile\systemDictionary.cpp, line 256]
Event: 1978.454 Thread 0x00000187c3ca6a50 Exception <a 'java/lang/ClassNotFoundException'{0x00000000c41b4ed0}: com/example/Fullstack/blueprint/AdministratorCustomizer> (0x00000000c41b4ed0) 
thrown [s\open\src\hotspot\share\classfile\systemDictionary.cpp, line 256]
Event: 1978.461 Thread 0x00000187c3ca6a50 Implicit null exception at 0x00000187b5c1ed95 to 0x00000187b5c24a3c
Event: 2019.117 Thread 0x00000187c5f950b0 Exception <a 'java/lang/ClassNotFoundException'{0x00000000c3f271c8}: java/lang/ObjectCustomizer> (0x00000000c3f271c8) 
thrown [s\open\src\hotspot\share\classfile\systemDictionary.cpp, line 256]
Event: 2019.118 Thread 0x00000187c5f950b0 Exception <a 'java/lang/ClassNotFoundException'{0x00000000c3f32338}: com/example/Fullstack/blueprint/BankCustomizer> (0x00000000c3f32338) 
thrown [s\open\src\hotspot\share\classfile\systemDictionary.cpp, line 256]
Event: 2037.813 Thread 0x00000187c3ca78c0 Implicit null exception at 0x00000187b5b23246 to 0x00000187b5b2330f

VM Operations (20 events):
Event: 1802.799 Executing VM operation: Cleanup
Event: 1802.799 Executing VM operation: Cleanup done
Event: 1805.829 Executing VM operation: Cleanup
Event: 1805.830 Executing VM operation: Cleanup done
Event: 1806.842 Executing VM operation: Cleanup
Event: 1806.842 Executing VM operation: Cleanup done
Event: 1809.868 Executing VM operation: Cleanup
Event: 1809.869 Executing VM operation: Cleanup done
Event: 1979.026 Executing VM operation: Cleanup
Event: 1979.026 Executing VM operation: Cleanup done
Event: 2018.260 Executing VM operation: Cleanup
Event: 2018.261 Executing VM operation: Cleanup done
Event: 2019.268 Executing VM operation: Cleanup
Event: 2019.268 Executing VM operation: Cleanup done
Event: 2038.389 Executing VM operation: Cleanup
Event: 2038.389 Executing VM operation: Cleanup done
Event: 2050.446 Executing VM operation: Cleanup
Event: 2050.447 Executing VM operation: Cleanup done
Event: 2060.518 Executing VM operation: Cleanup
Event: 2060.518 Executing VM operation: Cleanup done

Events (20 events):
Event: 1802.128 Thread 0x00000187c57d1050 Thread added: 0x00000187c57d1050
Event: 1802.650 Thread 0x00000187c57d1050 Thread exited: 0x00000187c57d1050
Event: 1802.693 Thread 0x00000187c57d1050 Thread added: 0x00000187c57d1050
Event: 1805.205 Thread 0x00000187c57d1050 Thread exited: 0x00000187c57d1050
Event: 1814.826 Thread 0x00000187c5f90d50 Thread exited: 0x00000187c5f90d50
Event: 1814.902 Thread 0x00000187c5f95580 Thread exited: 0x00000187c5f95580
Event: 1978.440 loading class java/lang/ObjectCustomizer
Event: 1978.440 loading class java/lang/ObjectCustomizer done
Event: 1978.444 loading class java/lang/ObjectCustomizer
Event: 1978.444 loading class java/lang/ObjectCustomizer done
Event: 1978.580 Thread 0x00000187c2ffb760 Thread added: 0x00000187c2ffb760
Event: 1982.641 Thread 0x00000187c2ffb760 Thread exited: 0x00000187c2ffb760
Event: 2019.115 loading class java/lang/ObjectCustomizer
Event: 2019.115 loading class java/lang/ObjectCustomizer done
Event: 2019.117 loading class java/lang/ObjectCustomizer
Event: 2019.117 loading class java/lang/ObjectCustomizer done
Event: 2019.123 loading class java/lang/StringEditor
Event: 2019.123 loading class java/lang/StringEditor done
Event: 2019.131 loading class sun/reflect/annotation/AnnotationInvocationHandler$1
Event: 2019.132 loading class sun/reflect/annotation/AnnotationInvocationHandler$1 done


Dynamic libraries:
0x00007ff6cb4c0000 - 0x00007ff6cb4d0000 	C:\Program Files\Java\jdk-17.0.4.1\bin\javaw.exe
0x00007ffd962b0000 - 0x00007ffd964a8000 	C:\Windows\SYSTEM32\ntdll.dll
0x00007ffd94350000 - 0x00007ffd9440f000 	C:\Windows\System32\KERNEL32.DLL
0x00007ffd93cc0000 - 0x00007ffd93f92000 	C:\Windows\System32\KERNELBASE.dll
0x00007ffd94040000 - 0x00007ffd94140000 	C:\Windows\System32\ucrtbase.dll
0x00007ffd8d950000 - 0x00007ffd8d968000 	C:\Program Files\Java\jdk-17.0.4.1\bin\jli.dll
0x00007ffd8d930000 - 0x00007ffd8d94a000 	C:\Program Files\Java\jdk-17.0.4.1\bin\VCRUNTIME140.dll
0x00007ffd946d0000 - 0x00007ffd9477e000 	C:\Windows\System32\ADVAPI32.dll
0x00007ffd94630000 - 0x00007ffd946ce000 	C:\Windows\System32\msvcrt.dll
0x00007ffd94780000 - 0x00007ffd9481c000 	C:\Windows\System32\sechost.dll
0x00007ffd95b90000 - 0x00007ffd95cb5000 	C:\Windows\System32\RPCRT4.dll
0x00007ffd95000000 - 0x00007ffd951a1000 	C:\Windows\System32\USER32.dll
0x00007ffd939a0000 - 0x00007ffd939c2000 	C:\Windows\System32\win32u.dll
0x00007ffd95cc0000 - 0x00007ffd95ceb000 	C:\Windows\System32\GDI32.dll
0x00007ffd81620000 - 0x00007ffd818ba000 	C:\Windows\WinSxS\amd64_microsoft.windows.common-controls_6595b64144ccf1df_6.0.19041.1110_none_60b5254171f9507e\COMCTL32.dll
0x00007ffd939d0000 - 0x00007ffd93adf000 	C:\Windows\System32\gdi32full.dll
0x00007ffd93fa0000 - 0x00007ffd9403d000 	C:\Windows\System32\msvcp_win.dll
0x00007ffd8c890000 - 0x00007ffd8c89a000 	C:\Windows\SYSTEM32\VERSION.dll
0x00007ffd95d60000 - 0x00007ffd95d92000 	C:\Windows\System32\IMM32.DLL
0x00007ffd8fbd0000 - 0x00007ffd8fbdc000 	C:\Program Files\Java\jdk-17.0.4.1\bin\vcruntime140_1.dll
0x00007ffd8d5d0000 - 0x00007ffd8d65d000 	C:\Program Files\Java\jdk-17.0.4.1\bin\msvcp140.dll
0x00007ffd5ef30000 - 0x00007ffd5faf2000 	C:\Program Files\Java\jdk-17.0.4.1\bin\server\jvm.dll
0x00007ffd94b00000 - 0x00007ffd94b08000 	C:\Windows\System32\PSAPI.DLL
0x00007ffd8f290000 - 0x00007ffd8f299000 	C:\Windows\SYSTEM32\WSOCK32.dll
0x00007ffd95cf0000 - 0x00007ffd95d5b000 	C:\Windows\System32\WS2_32.dll
0x00007ffd74630000 - 0x00007ffd74657000 	C:\Windows\SYSTEM32\WINMM.dll
0x00007ffd921f0000 - 0x00007ffd92202000 	C:\Windows\SYSTEM32\kernel.appcore.dll
0x00007ffd8d920000 - 0x00007ffd8d92a000 	C:\Program Files\Java\jdk-17.0.4.1\bin\jimage.dll
0x00007ffd91760000 - 0x00007ffd91944000 	C:\Windows\SYSTEM32\DBGHELP.DLL
0x00007ffd7d490000 - 0x00007ffd7d4c5000 	C:\Windows\SYSTEM32\dbgcore.DLL
0x00007ffd93ae0000 - 0x00007ffd93b62000 	C:\Windows\System32\bcryptPrimitives.dll
0x00007ffd8d5a0000 - 0x00007ffd8d5c5000 	C:\Program Files\Java\jdk-17.0.4.1\bin\java.dll
0x00007ffd81ba0000 - 0x00007ffd81c76000 	C:\Program Files\Java\jdk-17.0.4.1\bin\jsvml.dll
0x00007ffd95260000 - 0x00007ffd959a4000 	C:\Windows\System32\SHELL32.dll
0x00007ffd91950000 - 0x00007ffd920e2000 	C:\Windows\SYSTEM32\windows.storage.dll
0x00007ffd94c40000 - 0x00007ffd94f95000 	C:\Windows\System32\combase.dll
0x00007ffd93320000 - 0x00007ffd93350000 	C:\Windows\SYSTEM32\Wldp.dll
0x00007ffd95ae0000 - 0x00007ffd95b8d000 	C:\Windows\System32\SHCORE.dll
0x00007ffd94b10000 - 0x00007ffd94b65000 	C:\Windows\System32\shlwapi.dll
0x00007ffd938e0000 - 0x00007ffd938ff000 	C:\Windows\SYSTEM32\profapi.dll
0x00007ffd8d580000 - 0x00007ffd8d599000 	C:\Program Files\Java\jdk-17.0.4.1\bin\net.dll
0x00007ffd88960000 - 0x00007ffd88a6c000 	C:\Windows\SYSTEM32\WINHTTP.dll
0x00007ffd93080000 - 0x00007ffd930ea000 	C:\Windows\system32\mswsock.dll
0x00007ffd8d560000 - 0x00007ffd8d576000 	C:\Program Files\Java\jdk-17.0.4.1\bin\nio.dll
0x00007ffd8d3d0000 - 0x00007ffd8d3e8000 	C:\Program Files\Java\jdk-17.0.4.1\bin\zip.dll
0x00007ffd8d3c0000 - 0x00007ffd8d3d0000 	C:\Program Files\Java\jdk-17.0.4.1\bin\verify.dll
0x00007ffd8d1b0000 - 0x00007ffd8d1b9000 	C:\Program Files\Java\jdk-17.0.4.1\bin\management.dll
0x00007ffd8ce10000 - 0x00007ffd8ce1b000 	C:\Program Files\Java\jdk-17.0.4.1\bin\management_ext.dll
0x00007ffd72ce0000 - 0x00007ffd72cf7000 	C:\Windows\system32\napinsp.dll
0x00007ffd72cc0000 - 0x00007ffd72cdb000 	C:\Windows\system32\pnrpnsp.dll
0x00007ffd8e320000 - 0x00007ffd8e335000 	C:\Windows\system32\wshbth.dll
0x00007ffd8efa0000 - 0x00007ffd8efbd000 	C:\Windows\system32\NLAapi.dll
0x00007ffd92d70000 - 0x00007ffd92dab000 	C:\Windows\SYSTEM32\IPHLPAPI.DLL
0x00007ffd92db0000 - 0x00007ffd92e7a000 	C:\Windows\SYSTEM32\DNSAPI.dll
0x00007ffd94af0000 - 0x00007ffd94af8000 	C:\Windows\System32\NSI.dll
0x00007ffd72c50000 - 0x00007ffd72c62000 	C:\Windows\System32\winrnr.dll
0x00007ffd808e0000 - 0x00007ffd808ea000 	C:\Windows\System32\rasadhlp.dll
0x00007ffd80970000 - 0x00007ffd809f0000 	C:\Windows\System32\fwpuclnt.dll
0x00007ffd93be0000 - 0x00007ffd93c07000 	C:\Windows\System32\bcrypt.dll
0x00007ffd93270000 - 0x00007ffd93288000 	C:\Windows\SYSTEM32\CRYPTSP.dll
0x00007ffd929a0000 - 0x00007ffd929d4000 	C:\Windows\system32\rsaenh.dll
0x00007ffd93860000 - 0x00007ffd9388e000 	C:\Windows\SYSTEM32\USERENV.dll
0x00007ffd93290000 - 0x00007ffd9329c000 	C:\Windows\SYSTEM32\CRYPTBASE.dll
0x00007ffd89c20000 - 0x00007ffd89c37000 	C:\Windows\SYSTEM32\dhcpcsvc6.DLL
0x00007ffd8b420000 - 0x00007ffd8b43d000 	C:\Windows\SYSTEM32\dhcpcsvc.DLL
0x00007ffd8d370000 - 0x00007ffd8d37e000 	C:\Program Files\Java\jdk-17.0.4.1\bin\sunmscapi.dll
0x00007ffd94140000 - 0x00007ffd94296000 	C:\Windows\System32\CRYPT32.dll
0x00007ffd93390000 - 0x00007ffd933b7000 	C:\Windows\SYSTEM32\ncrypt.dll
0x00007ffd93350000 - 0x00007ffd9338b000 	C:\Windows\SYSTEM32\NTASN1.dll
0x00007ffd846a0000 - 0x00007ffd846a7000 	C:\Windows\system32\wshunix.dll

dbghelp: loaded successfully - version: 4.0.5 - missing functions: none
symbol engine: initialized successfully - sym options: 0x614 - pdb path: .;C:\Program Files\Java\jdk-17.0.4.1\bin;C:\Windows\SYSTEM32;C:\Windows\WinSxS\amd64_microsoft.windows.common-controls_6595b64144ccf1df_6.0.19041.1110_none_60b5254171f9507e;C:\Program Files\Java\jdk-17.0.4.1\bin\server

VM Arguments:
jvm_args: -Dfile.encoding=UTF-8 -XX:+ShowCodeDetailsInExceptionMessages 
java_command: com.example.Fullstack.FullstackApplication
java_class_path (initial): E:\eclipse-workspace\Fullstack\target\classes;C:\Users\HP\.m2\repository\org\springframework\boot\spring-boot-starter-data-jpa\2.7.6\spring-boot-starter-data-jpa-2.7.6.jar;C:\Users\HP\.m2\repository\org\springframework\boot\spring-boot-starter-aop\2.7.6\spring-boot-starter-aop-2.7.6.jar;C:\Users\HP\.m2\repository\org\springframework\spring-aop\5.3.24\spring-aop-5.3.24.jar;C:\Users\HP\.m2\repository\org\aspectj\aspectjweaver\1.9.7\aspectjweaver-1.9.7.jar;C:\Users\HP\.m2\repository\org\springframework\boot\spring-boot-starter-jdbc\2.7.6\spring-boot-starter-jdbc-2.7.6.jar;C:\Users\HP\.m2\repository\com\zaxxer\HikariCP\4.0.3\HikariCP-4.0.3.jar;C:\Users\HP\.m2\repository\org\springframework\spring-jdbc\5.3.24\spring-jdbc-5.3.24.jar;C:\Users\HP\.m2\repository\jakarta\transaction\jakarta.transaction-api\1.3.3\jakarta.transaction-api-1.3.3.jar;C:\Users\HP\.m2\repository\jakarta\persistence\jakarta.persistence-api\2.2.3\jakarta.persistence-api-2.2.3.jar;C:\Users\HP\.m2\repository\org\hibernate\hibernate-core\5.6.14.Final\hibernate-core-5.6.14.Final.jar;C:\Users\HP\.m2\repository\org\jboss\logging\jboss-logging\3.4.3.Final\jboss-logging-3.4.3.Final.jar;C:\Users\HP\.m2\repository\net\bytebuddy\byte-buddy\1.12.19\byte-buddy-1.12.19.jar;C:\Users\HP\.m2\repository\antlr\antlr\2.7.7\antlr-2.7.7.jar;C:\Users\HP\.m2\repository\org\jboss\jandex\2.4.2.Final\jandex-2.4.2.Final.jar;C:\Users\HP\.m2\repository\com\fasterxml\classmate\1.5.1\classmate-1.5.1.jar;C:\Users\HP\.m2\repository\org\hibernate\common\hibernate-commons-annotations\5.1.2.Final\hibernate-commons-annotations-5.1.2.Final.jar;C:\Users\HP\.m2\repository\org\glassfish\jaxb\jaxb-runtime\2.3.7\jaxb-runtime-2.3.7.jar;C:\Users\HP\.m2\repository\org\glassfish\jaxb\txw2\2.3.7\txw2-2.3.7.jar;C:\Users\HP\.m2\repository\com\sun\istack\istack-commons-runtime\3.0.12\istack-commons-runtime-3.0.12.jar;C:\Users\HP\.m2\repository\com\sun\activation\jakarta.activation\1.2.2\jakarta.activation-1.2.2.jar;C:\Users
Launcher Type: SUN_STANDARD

[Global flags]
     intx CICompilerCount                          = 3                                         {product} {ergonomic}
     uint ConcGCThreads                            = 1                                         {product} {ergonomic}
     uint G1ConcRefinementThreads                  = 4                                         {product} {ergonomic}
   size_t G1HeapRegionSize                         = 1048576                                   {product} {ergonomic}
    uintx GCDrainStackTargetSize                   = 64                                        {product} {ergonomic}
   size_t InitialHeapSize                          = 67108864                                  {product} {ergonomic}
   size_t MarkStackSize                            = 4194304                                   {product} {ergonomic}
   size_t MaxHeapSize                              = 1052770304                                {product} {ergonomic}
   size_t MaxNewSize                               = 631242752                                 {product} {ergonomic}
   size_t MinHeapDeltaBytes                        = 1048576                                   {product} {ergonomic}
   size_t MinHeapSize                              = 8388608                                   {product} {ergonomic}
    uintx NonNMethodCodeHeapSize                   = 5832780                                {pd product} {ergonomic}
    uintx NonProfiledCodeHeapSize                  = 122912730                              {pd product} {ergonomic}
    uintx ProfiledCodeHeapSize                     = 122912730                              {pd product} {ergonomic}
    uintx ReservedCodeCacheSize                    = 251658240                              {pd product} {ergonomic}
     bool SegmentedCodeCache                       = true                                      {product} {ergonomic}
     bool ShowCodeDetailsInExceptionMessages       = true                                   {manageable} {command line}
   size_t SoftMaxHeapSize                          = 1052770304                             {manageable} {ergonomic}
     bool UseCompressedClassPointers               = true                           {product lp64_product} {ergonomic}
     bool UseCompressedOops                        = true                           {product lp64_product} {ergonomic}
     bool UseG1GC                                  = true                                      {product} {ergonomic}
     bool UseLargePagesIndividualAllocation        = false                                  {pd product} {ergonomic}

Logging:
Log output configuration:
 #0: stdout all=warning uptime,level,tags
 #1: stderr all=off uptime,level,tags

Environment Variables:
PATH=C:\Program Files\Common Files\Oracle\Java\javapath;C:\Windows\system32;C:\Windows;C:\Windows\System32\Wbem;C:\Windows\System32\WindowsPowerShell\v1.0\;C:\Windows\System32\OpenSSH\;C:\Program Files\nodejs\;C:\Program Files\MySQL\MySQL Server 8.0\bin;C:\Program Files\MySQL\MySQL Shell 8.0\bin\;C:\Users\HP\AppData\Local\Microsoft\WindowsApps;;C:\Users\HP\AppData\Local\Programs\Microsoft VS Code\bin;C:\Users\HP\AppData\Roaming\npm
USERNAME=HP
OS=Windows_NT
PROCESSOR_IDENTIFIER=Intel64 Family 6 Model 78 Stepping 3, GenuineIntel



---------------  S Y S T E M  ---------------

OS:
 Windows 10 , 64 bit Build 19041 (10.0.19041.2364)
OS uptime: 0 days 1:03 hours

CPU: total 4 (initial active 4) (2 cores per cpu, 2 threads per core) family 6 model 78 stepping 3 microcode 0xcc, cx8, cmov, fxsr, ht, mmx, 3dnowpref, sse, sse2, sse3, ssse3, sse4.1, sse4.2, popcnt, lzcnt, tsc, tscinvbit, avx, avx2, aes, erms, clmul, bmi1, bmi2, adx, fma, vzeroupper, clflush, clflushopt

Memory: 4k page, system-wide physical 4012M (509M free)
TotalPageFile size 6060M (AvailPageFile size 4M)
current process WorkingSet (physical memory assigned to process): 172M, peak: 213M
current process commit charge ("private bytes"): 237M, peak: 264M

vm_info: Java HotSpot(TM) 64-Bit Server VM (17.0.4.1+1-LTS-2) for windows-amd64 JRE (17.0.4.1+1-LTS-2), built on Aug 16 2022 18:32:06 by "mach5one" with MS VC++ 16.8 / 16.9 (VS2019)

END.
